Chiltern Firehouse serves cuisine American cuisine
Hof van Cleve serves cuisine French cuisine
Lucy's Cafe serves cuisine Italian cuisine
Sushi of Gari serves cuisine Japanese cuisine
MV American Integrity call sign WDD2875
MS Nordlys call sign LHCW
Pallada call sign UDUI
Aquarius call sign ZGGD3
MV Hansa Brandenburg call sign A8ES9
Irish Car Rentals logo ICR-logo.jpg
Bank of Mexico logo Logobm.svg
Numa F. Montet alumni of Northwestern State University
Francis Scarpaleggia alumni of Concordia University
Alan Bible alumni of Georgetown University Law Center
Esther Armah works for Kwesi Armah
Adam de Wodeham works for William of Ockham
Charles Canivet works for Amédée Thierry
Packed in a Trunk: The Lost Art of Edith Lake Wilkinson music by Danielle Ate the Sandwich
Tales of Symphonia music by Motoi Sakuraba
My Scientology Movie music by Dan Jones
Commando actor Leo Anchóriz
Sleeping Acres actor Snowy Baker
Professor Dowell's Testament actor Natalya Sayko
The Stool Pigeon actor Nicholas Tse
Spot Blue International Property duns 736032835
Co bank duns 075770271
Deutsche Presse-Agentur duns 316842400
Robert Karabinchak image Rob karabinchak.jpg
Salbutamol legal status Prescription drug
Bendroflumethiazide legal status Prescription drug
Insulin aspart legal status Prescription drug
Minuscule 850 in language Ancient Greek
Millicent Min, Girl Genius in language English language
The Way of the Sufi in language English language
Another Fine Myth in language English language
Angiotensin-converting enzyme is involved in biological process Kidney development
MX1 is involved in biological process Innate immune system
LYN is involved in biological process Haematopoiesis
LRRK2 is involved in biological process Autophagy
2011 Challenge Bell super event 2011 WTA Tour
Billings Gazette issn 2372-868X
Nelson Daily News issn 0832-431X
Zuerst! issn 1869-5493
La Croix issn 0242-6056
Vetus Latina example of work Bible
Tales from Shakespeare about The Taming of the Shrew
Two Dogmas of Empiricism about Logical positivism
Best Shot in the West about Children's literature
Aditus to mastoid antrum connected to Tympanic cavity
Ureter connected to Renal pelvis
Outer ear connected to Middle ear
Right atrium connected to Right ventricle
A Christmas Carol work example A Klingon Christmas Carol
Province of Catanzaro contains place Martirano
Kranenburg, North Rhine-Westphalia contains place Frasselt
Alto Mijares contains place Fuentes de Ayódar
Department of Huancavelica contains place Angaraes Province
The Age of Entitlement by artist The Basics
Sugarless by artist Swami
Angle of Entry by artist The Mutton Birds
Simba contributor James Baxter
Ogura Hyakunin Isshu contributor Ryōzen
King Louie contributor Milt Kahl
Ginkai contributor Hiroshi Murakami
Ogura Hyakunin Isshu contributor Inpumon'in no Tayū
Last Wedding content location Vancouver
Canción de Juventud content location Catalonia
Count Arthur Strong content location London
Claudia Octavia parent Claudius
Testosterone sulfate smiles CC12CCC3CCCC34C
GNLY encodes bio chem entity Granulysin
Phosphatidylethanolamine binding protein 1 encodes bio chem entity Raf kinase inhibitor protein
CDKN2A encodes bio chem entity P16
Crohn's disease sign or symptom Abdominal pain
Stereotypic movement disorder sign or symptom Stereotypy
Plague sign or symptom Shock
Intracranial aneurysm sign or symptom Confusion
Joseph E. Meyer home location Meyer's Castle
Michael Paul Britto home location New York City
Kent Smetters home location Philadelphia
Lucius E. Burch Jr. home location Collierville, Tennessee
Dorit Schmiel home location Pankow
Torpoint Community College telephone =+44-1752-812511
Knowl Hill School telephone =+44-1483-797032
Quarrydale Academy telephone =+44-1623-554178
Resolute Forest Products sub organization Abitibi-Consolidated
Commonwealth of Nations sub organization Commonwealth War Graves Commission
Department of Canadian Heritage sub organization Library and Archives Canada
Bell Canada sub organization Télébec
East Central Railway zone sub organization Dhanbad railway division
Aromatase is encoded by bio chem entity Cytochrome p450 family 19 subfamily a member 1
Alpha-amylase is encoded by bio chem entity AMY1C
ST2 cardiac biomarker is encoded by bio chem entity IL1RL1
2018 Tour of Norway competitor Sergey Lagutin
Joseph Charles Walsh knows language English language
Marisa Ferretti Barth knows language English language
Empedocles knows language Ancient Greek
Maria Iovleva knows language Russian language
Isaac Halstead Williamson knows language English language
Acetylcholinesterase is located in subcellular location Basal lamina
Basigin is located in subcellular location Cell membrane
Galactose-1-phosphate uridylyltransferase is located in subcellular location Cytoplasm
SOX1 is located in subcellular location Cell nucleus
Pilot part of series Faking It
The Fight Before Christmas part of series The Simpsons
The Ascent part of series Star Trek: Deep Space Nine
M3U encoding format x-mpegurl
View of Bentheim Castle location created Haarlem
Teodelapio location created Spoleto
Landscape at Auvers in the Rain location created Auvers-sur-Oise
Still Life with Profile of Laval location created Pont-Aven
Moerkerke contained in place Damme
Borden, Western Australia contained in place Division of O'Connor
Lang Chánh District contained in place Thanh Hóa Province
Punta Prieta Airstrip contained in place Baja California
Tony Maylam has occupation Screenwriter
Roy Wang has occupation Singer-songwriter
Franco Perinciolo has occupation Football player
All Things at Once isbn 978-1-60286-111-4
Asterix and the Chieftain's Shield isbn 2-01210-143-7
Team Batista no Eikō isbn 978-4-7966-5079-3
Some Prefer Nettles isbn 978-4-12-203556-0
Asterix and the Goths isbn 978-2-01210-135-7
Hinaleimoana Wong-Kalu gender Māhū
John the Orphanotrophos gender Eunuch
Invincible gender Non-binary gender
John Sartorius children Francis Sartorius
George Hearst children William Randolph Hearst
Jean-Baptiste Vuillaume owns Lauterbach Stradivarius
Jacqueline Kennedy Onassis owns Wedding dress of Jacqueline Bouvier
Qaboos bin Said owns Al Said
Cobra Verde is based on The Viceroy of Ouidah
Book of Exodus character Amalek
Nights of Farewell character Marius Petipa
Black Hippy founding location South Los Angeles
Boøwy founding location Takasaki
Camellia Factory founding location Tokyo
Lone Signal founding location New York City
Crazy Lixx founding location Malmö
The Imperialism of Free Trade pagination 1-15
BRAF expressed in Stomach
ISCU has molecular function Plasma protein binding
HLA-G has molecular function Plasma protein binding
GRIA1 has molecular function Plasma protein binding
Welcome to the Jungle lyricist Slash
Day by Day lyricist Lina Sandell
Norwegian Wood lyricist Paul Mc cartney
Hen with Sapphire Pendant provider House of Fabergé
Mastermind provider Parker Brothers
1Q84 citation The Metamorphosis
Send in Stewie, Please part of season Family Guy
Albatross part of season Star Trek: The Animated Series
Elegy for a Pig part of season Adam-12
Irinotecan bio chem interaction Nelfinavir
Domperidone bio chem interaction Clarithromycin
Transposition of the great vessels e medicine topic 2548
COVID-19 in Australia active cases 25318
COVID-19 pandemic in the Australian Capital Territory active cases 495
Eluru outbreak active cases 0
COVID-19 pandemic in Newfoundland and Labrador active cases 22
Swiss Personalized Health Network project budget total 6.8E7
WACOM project budget total 380000.0
Innovative Medicines Initiative project budget total 2.0E9
Candesartan bioavailability 15.0
Promethazine bioavailability 88.0
Saint Mary's University of Minnesota faculty size 96
British Quarterly Review final publication year 1886
Child Language Teaching and Therapy final publication year -1985
Goonyella railway line line length 477000.0
Chikuhi Line line length 42600.0
Blue line line length 24800.0
Tokyo Metro Marunouchi Line line length 27400.0
Husemersee maximum depth 14.3
Limassol Salt Lake maximum depth 1.0
Kenas Lake maximum depth 188.5
Dieksee maximum depth 38.0
Halbendorfer See maximum depth 26.0
Littler Mendelson number of lawyers 1500
Taft Stettinius & Hollister number of lawyers 625
Rose Law Firm number of lawyers 34
Line 2 number of stations 23
Newark Light Rail number of stations 17
Shelbourne railway line number of stations 2
Falcon 9 unknown outcomes 1
New Shepard unknown outcomes 0
Carnero Lake average depth 1.8288
Lake Musconetcong average depth 1.524
Chaparral Lake average depth 3.048
Shawano Lake average depth 2.7432
Confederate cush complexity 2
Mămăligă complexity 1
Abdollah Nouri election majority 448874
Abolghasem Khazali election majority 107311
Mohammad Khoshchehreh election majority 578674
Ali Fallahian election majority 386767
Greg Bowen individualised gnd 320322793
PNP transistor individualised gnd 4174948-0
Karl Pommerhanz individualised gnd 126961069
CPR Bridge number of piers in water 7
Tees Newport Bridge number of piers in water 2
Flehe Bridge number of piers in water 1
METRORail number of vehicles 39
Light Rail Transit number of vehicles 89
Pamplona City Transport number of vehicles 34
Iskandar Malaysia Bus Rapid Transit number of vehicles 18
Booker T. Washington National Monument number of visitors as of 2012
Arlington House, The Robert E. Lee Memorial number of visitors as of 2011
Kolkata Metro voltage of electrification 750.0
Prague Metro voltage of electrification 750.0
Berlin U-Bahn voltage of electrification 750.0
Strained yogurt approximate calories 557000.0
Pogača approximate calories 820613.0
Diffused lighting camouflage project keyword Active camouflage
Prob onto project keyword Statistics,Probability distribution
Earth Bio genome Project project start date 2018-11-01
Project Vista project start date 1951-04-01
Research Domain Criteria project start date 2010-01-28
Chevert expedition project start date 1875-05-18
Ray Reardon world champion title year 1978
St. Thomas Aquinas High School act score ACT
Persian blue connotation Heaven
Nepenthes 'Vittata' cultivated variety Bruce Lee Bednar
Emergency medicine focus Acute
Anesthesiology focus Anesthesia
TREAT-NMD funded by European Commission
Song dynasty gdp per capita 26.5
Oat milk glycemic index 60
Outer Ring Road System map Singapores Expressways
Primary interatrial foramen organ system Circulatory system
Sex cords organ system Reproductive system
Project Vista project end date 1951-12-01
INDECT project end date 2014-06-30
Whiteout release location Japan
General Motors W platform vehicle Oldsmobile Intrigue
General Motors Epsilon platform vehicle Cadillac XTS
Drancy internment camp victim Eduard Bloch
Westerbork transit camp victim Selma Engel-Wijnberg
Drancy internment camp victim Tristan Bernard
Foulridge Tunnel waterway through tunnel Leeds and Liverpool Canal
Riqueval Tunnel waterway through tunnel Canal de Saint-Quentin
Queen's Square, Sydney address in road Phillip Street, Sydney
Aberdeen Street address in road Central, Hong Kong
Gallivan Center address in road Salt Lake City
Khatik Mohalla Street address in road Shahpura, Bhilwara
Souq Qabil address in road Saudi Arabia
Bethlehem High School denomination Catholic Church
Legacy Christian Academy denomination Non-denominational
Jicarilla Mountains highest Ancho Peak
Croda da Lago highest Cima d'Ambrizzola
Cang Mountain highest Malong
Kalatungan Mountain Range highest Mount Kalatungan
Christina Koch selection NASA Astronaut Group 21
Yousra Matine sport country Morocco
Zhou Yuelong sport country China
Hiriko battery Lithium-ion battery
Nissan Kicks P15 1 battery Panasonic
Audi Q5 Second generation 80A 1 battery Lithium-ion battery
Mercury Theatre, Colchester current production Educating Rita
Apollo Theatre current production Magic Goes Wrong
Palace Theatre, London current production Harry Potter and the Cursed Child
Fergus O'Brien Tenure 1 taoiseach Garret Fitz gerald
Sir John Kothalawala College age range 6
Lao People's Armed Forces age range 18
Andy Johnson bbr johnsan01
Bob Hopkins Bob Hopkins 1 bbr hopkibo01
Tom Workman bbr workmto01
Stanley Brundy bbr brundst01
Journal of Nanoparticle Research coden JNARFA
Comprehensive Reviews in Food Science and Food Safety coden CRFSBJ
Physical Review Focus coden PRFHAQ
Byham Theater currently used for Performing arts center
San Diego Civic Theatre currently used for performing arts venue
Union Theatre currently used for Professional and amateur theatre
Ed Sullivan Theater currently used for Television studio
Hotel Manger demolition date 1983-05-15
Tiffany Theater demolition date 2013-08-08
San Mamés Stadium demolition date 2013-06-06
Milwaukee County Stadium demolition date 2001-02-21
Yankee Stadium demolition date 2010-05-13
Environment and Behavior impact factor as of 2019
Ideal TV last air date 2009-07-20
Radio Luxembourg last air date 1992-12-30
Deutscher Fernsehfunk last air date 1991-12-31
Lurcy-Lévis maximum elevation 283.0
Macau, Gironde maximum elevation 26.0
Thil-sur-Arroux maximum elevation 472.0
John Odaate – Barnor military command Commandant of the Armed Forces Staff College
Konstantin Avksentevsky military command 6th Army
Thomas Langford-Sainsbury military command No. 48 Squadron
Wilson Elser Moskowitz Edelman & Dicker number of offices 38
Fountain Court Chambers number of offices 2
Wragge & Co number of offices 8
Harris Beach number of offices 12
Journal of Transport and Land Use open access content Yes
Materials Today open access content No
Bio med Research International open access content Yes
Wuxi Metro passengers per day 223200
Codiac Transpo passengers per day 5192
Chester Hill railway station passengers used system Sydney Trains, NSW Train link
Bois-Franc station passengers used system Exo
INDECT project budget funding 1.0906984E7
ETOX project budget funding 1.87E7
PREDICT project budget funding 2.0E8
Idaho and Washington Northern Railroad reporting mark I&WN
Metropolitan Street Railway track length 77000.0
Viramgam–Maliya Miyana section track length 142000.0
Samarang–Joana Stoomtram Maatschappij track length 417000.0
Bartlett and Albany Railroad track length 16093.4
State Railways and Seaports Administration track length 1.73e+06
Ghana gini coefficient 43.5
Myanmar gini coefficient 30.7
Eswatini gini coefficient 54.6
Shea's Performing Arts Center reopening date 1976-02-25
Estadio Municipal Germán Becker reopening date 2008-11-05
Regal Cinema, Dublin reopening date 1955-08-19
Indiana Farmers Coliseum reopening date 2014-04-24
Burton Cummings Theatre reopening date 1945-11-03
WFNY broadcast network Fox News Radio
WLTP broadcast network Cleveland Cavaliers Radio Network
KMSU broadcast network AMPERS
Corinthia Hotel Budapest chain Corinthia Hotels International
The George Hotel, Reading chain Mercure
Westin Seattle chain Westin Hotels & Resorts
1905 Open Championship champion James Braid
1978 LPGA Championship champion Nancy Lopez
1959 European Amateur Team Championship champion Nils Odqvist
French International Lady Juniors Amateur Championship champion Francesca Fiorellini
2021 Mutua Madrid Open champion in double female Kateřina Siniaková
1984 Wimbledon Championships champion in double female Pam Shriver
1911 U.S. National Championships champion in double female Hazel Hotchkiss Wightman
1997 Grand Prix Hassan II champion in double male João Cunha e Silva
1987 US Open champion in double male Stefan Edberg
2017 German Open champion in double male Mate Pavić
2018 Nielsen Pro Tennis Championship champion in double male Jeevan Nedunchezhiyan
1971 French Open champion in mixed double Françoise Dürr
1991 French Open champion in mixed double Cyril Suk
1986 US Open champion in mixed double Sergio Casal
1997 Japan Open Tennis Championships champion in single female Ai Sugiyama
1999 NCAA Division I Women's Tennis Championships champion in single female Zuzana Lešenarová
1969 Cincinnati Open champion in single male Cliff Richey
2012 President's Cup champion in single male Evgeny Donskoy
2005 NASDAQ-100 Open champion in single male Roger Federer
1988 Suntory Japan Open Tennis Championships champion in single male John Mc enroe
2010 Swiss Indoors champion in single male Roger Federer
Loco-Motion computing platform Tomy Tutor
A Duel Hand Disaster: Trackher computing platform Microsoft Windows
Pirate Adventure computing platform ZX Spectrum
Q-Squared cover artist Keith Birdsong
Universe 11 cover artist Roger Zimmerman
Universe 3 cover artist Bob Silverman
The Treasury of Science Fiction Classics cover artist Richard Powers
Carrot cake has variant Kirsch
Rhino Horn bananas hybrid Musa acuminata
Rosa 'Chicago Peace' hybrid Sport
Eunidia kristenseni kingdom Animal
Athleta boswellae kingdom Animal
Sarcophaga carnaria kingdom Animal
Macellocerus kingdom Animal
Electric Ireland location city Dublin
Henri Lloyd location city Gothenburg
Brandwatch Qriously location city Brighton
Limbic Software , Inc. 1 location city California
Southeast Television location country China
Himalaya TV location country Nepal
Something Rotten! lyrics Karey Kirkpatrick
The Sea Cabinet lyrics Gwyneth Herbert
The Tik-Tok Man of Oz lyrics L. Frank Baum
Harbanspura Interchange meeting road Lahore Ring Road
Springs Junction meeting road State Highway 65
Si Kak Phraya Si meeting road Fueang Nakhon Road
Saphan Khwai meeting road Pradiphat Road
All I Have music type Single
Red Velvet music type Single
Pilots music type Single
Mi destino fue quererte music type Song
Don't Ask Me music type Single
Shell Shock non fiction subject Peri Brown
Elves' Hill original language Danish language
Phaedra's Love original language English language
Euriphene conjungens phylum Arthropod
Apicalia phylum Mollusca
Lasiopates phylum Arthropod
Trafford Council political party in legislature Labour Party
Oakland City Council political party of leader Democratic Party
Kira Town politician Ibrahim Ssemujju Nganda
Hedmark Political function 2 politician Centre Party
Pattusali population place Tamil Nadu
French Canadians population place Quebec
Catalans population place Italy
Cypriot Russians population place Limassol
Ho-Chunk population place Iowa
Hurlyburly premiere place Goodman Theatre
Wits Led by the Nose premiere place London
The Homecoming premiere place Aldwych Theatre
WEGS programme format Christian radio
KEUN-FM programme format Swamp pop
Project Vista project coordinator William Alfred Fowler
ETOX project participant Esteve
Virginia State Route 20 route end Wilderness, Virginia
State Highway 246 route end Mowad
New Jersey Route 120 route junction East Rutherford, New Jersey
National Highway 44 route junction Dindigul
Massachusetts Route 143 route start Hinsdale, Massachusetts
New York State Route 91 route start Truxton, New York
California State Route 175 route start Hopland, California
BR-210 route start Pedra Branca do Amapari
Mainz Hauptbahnhof serving railway line West Rhine Railway
Davos Laret railway station serving railway line Landquart–Davos Platz railway line
Bomen railway station serving railway line Main Southern railway line, New South Wales
IWI ACE used in war Mexican drug war
RPG-43 used in war The Troubles
1916 1 used in war World War I
RPO-A Shmel used in war War in Donbas
Panzerhaubitze 2000 used in war War in Afghanistan
WPHP webcast wphs.m3u
Radio Veronica webcast veronica-rockradio
Bankia assets 1.79098E11
Unocal Corporation assets 1.3101E10
HNA Technology HNA Technology 1 assets 117.966
CBZ Bank Limited assets 1.991E9
Sanagu Station bicycle information Available
Kwasa Sentral MRT station bicycle information Not available
Catlin Covered Bridge bridge carries Pedestrian traffic
Jiangjiehe Bridge bridge carries S205 provincial road
Angle Vale Bridge bridge carries Motor vehicles
Stanley Ferry Aqueduct bridge carries Aire and Calder Navigation
Lottie Moon House building end date 1831
Fort San Lucian building end date 1610–1611
A.S.D. Fersina Perginese capacity 2000
AS Vacoas-Phoenix capacity 6200
Gostaresh Foulad F.C. capacity 12000
2017 Batangas earthquakes casualties 6
2020 Oaxaca earthquake casualties 10
Bicifadine ch eMBL 511099
Blake Marler classification Final, recurring
Undibacterium pigrum colour name lightgrey
Pyotr Alexeyev' Resistance Movement colour name Red
1896 Gloucester smallpox epidemic confirmed cases 2000
COVID-19 pandemic in Alberta confirmed cases 335247
Bor Dahegaon Dam description Earthfill
Kabeli B1 Hydropower Station description Gravity
National Council election date leader 2020-12-15
Niuatoputapu Airport elevation 9.0
Sauk City, Washington elevation 71.9328
Fort Jones, California elevation 840.943
Hermanos Ameijeiras Airport elevation 100.0
Dire Dawa Airport elevation 1167.0
Video Games Live end date 2018-11-17
South Ossetia Historical event 3 end date 2008-08-26
Central American Integration System Historical event 3 end date 1960-12-13
Dengue pandemic in Sri Lanka fatality rate 2020
2018 Nipah virus outbreak in Kerala fatality rate 89
1929–1930 psittacosis pandemic fatality rate 15
2021 Nipah virus outbreak in Kerala fatality rate 100
Microsoft Swift key file size 1.618e+08
Crystal disk mark file size 4e+06
Anki file size 1.34e+08
Vue scan file size 6e+06
Wentworth first air date 2020-07-28
Vietnam Television first air date 1970-09-07
Project Runway Philippines first air date 2009-08-12
Degrassi: Next Class first air date 2017-06-30
Ultimate Beastmaster first air date 2017-12-15
Last Round Arthurs first publication date 2018-07-20
Suspicion first publication date 1984-08-12
Dragon Nest first publication date 2010-06-04
Journal of Applied Psychology frequency of publication Monthly
Pinball frequency of publication Quarterly
Rapid Communications in Mass Spectrometry frequency of publication Biweekly
Nova srpska politička misao image size 300
Porchetta ingredient name pork,rosemary,garlic, andpepper
Meatball soup ingredient name Meatballs,Ground meat,rice,spices
Sol over Gudhjem ingredient name Rugbrød, smokedherring,chives,egg yolk
Kari kapitan ingredient name Chicken
Schiphol Airport railway station is handicapped accessible 1
Devon Avenue is part of name 6400 North
Mandurah Road is part of name National Route 1
Lornoxicam kegg D01866
North Dakota House of Representatives last election date 2020-11-03
Northamptonshire County Council last election date 2017-05-04
Monaghan County Council last election date 2019-05-24
Sahrawi National Council last election date 2012-02-20
Tomoyo After: It's a Wonderful Life last publication date 2007-10-20
Sorcerer Hunters last publication date 1996-08-25
Amagi Brilliant Park last publication date 2016-09-09
Therapy Game last publication date 2017-03-14
Salem Falls lcc PS3566.I372 S26 2001
Riverton–Belvidere Bridge load limit 50802.3
Taoyaomen Bridge load limit 2e+09
Fletcher Covered Bridge load limit 31751.5
Nagoya Port Drawbridge load limit 4e+07
Mac arthur Bridge load limit 2e+07
Hertfordshire Militia military unit size 1–3 Regiments
Kazan Metro number of lines 1
Santa Clara Valley Transportation Authority number of lines 70
Davenport Citibus number of lines 13
Ningbo Rail Transit number of lines 5
Yugo-Zapadnaya number of platform levels 1
Esquimalt station number of platform levels 1
Mesonisi railway station number of platform levels 1
Hillview MRT station number of platform levels 1
Księcia Janusza metro station number of tracks 2
Home Hill railway station number of tracks 2
Nervión number of tracks 2
Lindevang Station number of tracks 2
Girard station number of tracks 2
Jed Madela discography 2010 1 number sold 10000
List of best-selling albums by country 1994 3 number sold 1000000
Touched with Fire oclc 85753373
The Riddle of the Wren oclc 10900735
Indian Journal of Dermatology, Venereology and Leprology oclc 02884822
Carache Municipality original name Municipio Carache
Heritage Crossing station other serving lines DART South Irving Go Link
Kipling station other serving lines Bloor West
Rosebank railway station other serving lines UCTJammie Shuttle
Jurong Town Hall MRT station parking information Yes
Rasskazovka parking information No
Viking partial failed launches 4
List of Delta 3 launches partial failed launches 1
Long March 2E partial failed launches 1
Santa Fe Depot passengers per year 47644
Minami-Hinaga Station passengers per year 690
2014 Portugal legionellosis outbreak pendamic deaths 12
Lady Day at Emerson's Bar and Grill premiere date 1986-04-16
Play Dead premiere date 2010-11-10
Trelawny of the 'Wells' premiere date 1898-01-29
Bottom Live: The Big Number Two Tour premiere date 1995-11-06
The Life of Rufus Dawes For the Term of His Natural Life 1 premiere year 1886
Circle Mirror Transformation premiere year 2009
Kanta premiere year 1889
Lille-Flandres station railway platforms 9
Songjeong Park station railway platforms 2
Titagarh railway station railway platforms 4
COVID-19 pandemic in Nunavut recovery cases 670
COVID-19 pandemic in Normandy recovery cases 13743
COVID-19 pandemic in South Africa recovery cases 2849558
National Route 9 route end direction East
New Brunswick Route 7 route end direction South
State Highway 62 route start direction East
Apollo 12 satcat CSM: 4225
Kosmos 2380 satcat 26989
On the Rocks: A Political Comedy setting of play The near future
Sweat setting of play Reading, Pennsylvania
1952 United States presidential election in Louisiana start date 1952-11-04
2021 Estonian presidential election start date 2021-08-31
2006 Sarawak state election start date 2006-05-20
Yenikapı Transfer Center Yenikapı 1 station structure Underground
Beixinjing station station structure Underground
A Very DNA Reunion subject of play DNAtechnology
COVID-19 pandemic in Haiti suspected cases 32304
1924 Los Angeles pneumonic plague outbreak suspected cases 37
Vasoactive intestinal peptide receptor symbol ADCYAP1R1
Chlorosome symbol Bac chlor c
Kelch motif symbol Kelch 5
2017 Bauer Watertechnology Cup tennis surface type Carpet
Yenikapı Transfer Center Yenikapı 1 visitor statistics as of 2017
Arc-et-Senans station visitor statistics as of 2018
Ernakulam Junction railway station visitor statistics as of 2018
Tlatelolco metro station visitors percentage change -41.57
Buckower Chaussee station year of electrification 0750
Pasivedala railway station year of electrification 0025
30th Street station year of electrification 0700
Metro kent year of electrification 0001
Censorinus depth 400.0
Cocheras depth 12.0
Titan depth 141.5
The Journal of Economic History jstor 00220507
Journal of Speculative Philosophy jstor 0891625X
Professional Ethics lccn 93-660008
Federal Law Review lccn 77020319
Barnase pdb 1BRS
RAR-related orphan receptor pdb 1N83
Journal of Historical Review is peer reviewed 0
Pendleton Heights High School county Madison County, Indiana
Sharnbrook Academy county Bedfordshire
Canat Elementary School county Philippines
Bishop Blanchet High School county King County, Washington
Prendergast School county London
Kingsway Tunnel Kingsway Tunnel 1 route end location Merseyside
Discovery Bay Tunnel route end location Siu Ho Wan
Tauern Railway Tunnel route start location Salzburg
Jeddo Tunnel route start location Black Creek
Saverne Tunnel route start location Eckartswiller
Robertson Tunnel route start location Goose Hollow, Portland, Oregon
Acura TSX 2010 1 us sales 126
BMW 5 Series 1999 1 us sales 38218
Phoemela Baranda active years 1999–present
Merignac internment camp active years 17 November 1940 – 26 August 1944
Casoli internment camp active years 1940
Maria Eriksson active years 2009-present
Alcmaeon in Psophis chorus character in play Young women
Ajax chorus character in play Sailors from salamis
Philoctetes chorus character in play Greek sailors
Warsaw concentration camp originally used for Gęsiówkaprison
Szebnie concentration camp originally used for Internment
Mazibuko M1B range 400
Voyah Free range 500
BAZ-6909 range 1000
KZKT-7428 range 1500
Natzweiler-Struthof concentration camp Natzweiler-Struthof 1 victims mainly resistance fighters from occupied European nations
Monowitz concentration camp victims Mainly jews
Kaufering concentration camp complex victims Mostly Jews
Sušica camp victims Bosniaks
Red Bridge construction material Rock
Landwasser Viaduct construction material Limestone
Jamestown Verrazzano Bridge construction material Concrete
Kentucky Channel former broadcast network KET ED
NBC Montana former broadcast network CBS
Wayne Meylan honours 1967 College Football All-America Team
Thomas Joseph Kelly honours National Museum of Racing and Hall of Fame
Robert H. Michel honours Purple Heart
Joseph Beeston honours Order of St Michael and St George
Carlos Alberto dos Santos Cruz honours Order of Aeronautical Merit
Stagecoach Yorkshire important station Rotherham Interchange
Stagecoach Yorkshire important station Meadowhall Interchange
Telemark Bilruter important station Vrådal
