Chiltern Firehouse's cuisine is American cuisine.
Hof van Cleve is a French cuisine restaurant.
Lucy's Cafe serves Italian cuisine.
Sushi of Gari is a Japanese cuisine.
MV American Integrity has a callign of WDD2875.
MS Nordlys is identified by LHCW.
Pallada is a callign for UDUI.
Aquarius has a callign ZGGD3.
MV Hansa Brandenburg has a callign of A8ES9.
Irish Car Rentals has an ICR-logo.jpg.
Bank of Mexico's logo is Logobm.svg.
Numa F. Montet was an alumni of Northwestern State University.
Francis Scarpaleggia is an alumni of Concordia University.
Alan Bible is an alumni of Georgetown University Law Center.
Esther Armah works for Kwesi Armah.
Adam de Wodeham works for William of Ockham.
Charles Canivet works for Amédée Thierry.
Packed in a Trunk: The Lost Art of Edith Lake Wilkinson was composed by Danielle Ate the Sandwich.
Tales of Symphonia was composed by Motoi Sakuraba.
My Scientology Movie was composed by Dan Jones.
Leo Anchóriz was an actor in Commando.
Snowy Baker is an actor in Sleeping Acres.
Professor Dowell's Testament was played by Natalya Sayko.
Nicholas Tse was an actor in The Stool Pigeon.
Spot Blue International Property has the Bradstreet DUNS number 736032835.
Co bank has the Bradstreet DUNS number 075770271.
The Deutsche Presse-Agentur's DUNS number is 316842400.
Robert Karabinchak is depicted in the image Rob karabinchaks.jpg.
Salbutamol is a Prescription drug.
Bendroflumethiazide is a Prescription drug.
Insulin aspart is a Prescription drug.
Minuscule 850 is a performance in Ancient Greek.
Millicent Min, Girl Genius was performed in English language.
The Way of the Sufi is performed in English language.
Another Fine Myth is performed in English language.
Angiotensin-converting enzyme is involved in Kidney development.
MX1 is a product of Innate immune system.
LYN is involved in Haematopoiesis.
LRRK2 is involved in Autophagy.
2011 Challenge Bell is part of the 2011 WTA Tour.
Billings Gazette has a ISSN of 2372-868X.
Nelson Daily News is serialised as 0832-431X.
Zuerst! has an ISSN of 1869-5493.
La Croix has a ISSN of 0242-6056.
Vetus Latina is an example of the Bible.
Tales from Shakespeare is a novel that is based on The Taming of the Shrew.
The Two Dogmas of Empiricism is a critique of Logical positivism.
Best Shot in the West is a children's literature.
Aditus to mastoid antrum is connected to the Tympanic cavity.
Ureter is connected to the Renal pelvis.
The Outer ear is connected to the Middle ear.
The Right atrium is connected to the Right ventricle.
A Christmas Carol is a Klingon Christmas Carol.
The Province of Catanzaro is located in Martirano.
Kranenburg, North Rhine-Westphalia is a unit of Frasselt.
Alto Mijares is a containment zone of Fuentes de Ayódar.
The Department of Huancavelica is located in Angaraes Province.
The Age of Entitlement was performed by The Basics.
Sugarless was performed by Swami.
Angle of Entry was performed by The Mutton Birds.
Simba was a secondary contributor to James Baxter.
Ogura Hyakunin Isshu is a secondary contributor to Ryōzen.
King Louie was a secondary contributor to Milt Kahl.
Hiroshi Murakami is a secondary contributor to Ginkai.
Ogura Hyakunin Isshu contributed to Inpumon'in no Tayū.
Last Wedding was filmed in Vancouver.
Canción de Juventud is located in Catalonia.
Count Arthur Strong was filmed in London.
Claudius was the parent of Claudia Octavia.
Testosterone sulfate has a molecular structure of CC12CCC3CCCC34C.
GNLY is encoded by Granulysin.
Phosphatidylethanolamine binding protein 1 is encoded by Raf kinase inhibitor protein.
CDKN2A has a BioChem entity encoded by P16.
Crohn's disease causes Abdominal pain.
Stereotypic movement disorder is a sign of Stereotypy.
Plague causes Shock.
Intracranial aneurysm is caused by Confusion.
Joseph E. Meyer lives in Meyer's Castle.
Michael Paul Britto lives in New York City.
Kent Smetters lives in Philadelphia.
Lucius E. Burch Jr. lives in Collierville, Tennessee.
Dorit Schmiel lives in Pankow.
Torpoint Community College has a telephone number of +44-1752-812511.
Knowl Hill School's telephone number is +44-1483-797032.
Quarrydale Academy's telephone number is +44-1623-554178.
Resolute Forest Products is a subsidiary of Abitibi-Consolidated.
Commonwealth of Nations is a subsidiary of the Commonwealth War Graves Commission.
The Department of Canadian Heritage is a subsidiary of Library and Archives Canada.
Bell Canada is a subsidiary of Télébec.
East Central Railway zone is a subsidiary of Dhanbad railway division.
Aromatase is encoded by Cytochrome p450 family 19 subfamily a member 1.
Alpha-amylase encoded AMY1C.
The ST2 cardiac biomarker is encoded by IL1RL1.
Sergey Lagutin competed in the 2018 Tour of Norway.
Joseph Charles Walsh speaks English language.
Marisa Ferretti Barth speaks English language.
Empedocles is a Greek language of Ancient Greek.
Maria Iovleva speaks Russian language.
Isaac Halstead Williamson speaks English language.
Acetylcholinesterase is located in Basal lamina.
Basigin is located in the Cell membrane.
Galactose-1-phosphate uridylyltransferase is located in Cytoplasm.
SOX1 is located in the Cell nucleus.
Pilot is a series on Faking It.
The Fight Before Christmas is a episode of The Simpsons.
The Ascent is a series in Star Trek: Deep Space Nine.
M3U is a Media type typically expressed using x-mpegurl.
View of Bentheim Castle was created in Haarlem.
Teodelapio was created in Spoleto.
Landscape at Auvers in the Rain was created in Auvers-sur-Oise.
Still Life with Profile of Laval was created in Pont-Aven.
Moerkerke is a containment of Damme.
Borden, Western Australia is in Division of O'Connor.
Lang Chánh District is in Thanh Hóa Province.
Punta Prieta Airstrip is located in Baja California.
Tony Maylam is a Screenwriter.
Roy Wang is a Singer-songwriter.
Franco Perinciolo is a Football player.
All Things at Once is 978-1-60286-111-4.
Asterix and the Chieftain's Shield is published by ISBN 2-01210-143-7.
Team Batista no Eikō is published by the ISBN 978-4-7966-5079-3.
Some Prefer Nettles is published by ISBN 978-4-12-203556-0.
Asterix and the Goths is published by ISBN 978-2-01210-135-7.
Hinaleimoana Wong-Kalu is a Māhū.
John the Orphanotrophos is a Eunuch.
Invincible is a Non-binary gender.
Francis Sartorius was the child of John Sartoros.
George Hearst was born to William Randolph Hearst.
Jean-Baptiste Vuillaume owns Lauterbach Stradivarius.
Jacqueline Kennedy Onassis wears the Wedding dress of Jacqueline Bouvier.
Qaboos bin Said is owned by Al Said.
Cobra Verde is a modification of The Viceroy of Ouidah.
Book of Exodus was created by Amalek.
Nights of Farewell was created by Marius Petipa.
Black Hippy was founded in South Los Angeles.
Boøwy was founded in Takasaki.
Camellia Factory was founded in Tokyo.
Lone Signal was founded in New York City.
Crazy Lixx was founded in Malmö.
The Imperialism of Free Trade is on page 1-15.
B BRAF is found in the Stomach.
ISCU has Plasma protein binding.
HLA-G is a function of Plasma protein binding.
GRIA1 has Plasma protein binding.
Welcome to the Jungle was written by Slash.
Day by Day was written by Lina Sandell.
Norwegian Wood was written by Paul Mc cartney.
Hen with Sapphire Pendant is provided by House of Fabergé.
Mastermind is a service provider for Parker Brothers.
1Q84 is cited in The Metamorphosis.
Send in Stewie, Please is a season of Family Guy.
Albatross is a part of Star Trek: The Animated Series.
Elegy for a Pig is a season in Adam-12.
Irinotecan interacts with Nelfinavir.
Domperidone interacts with Clarithromycin.
Transposition of the great vessels is 2548.
COVID-19 in Australia has 25318 active cases.
COVID-19 pandemic in the Australian Capital Territory had 495 active cases.
The Eluru outbreak has 0 active cases.
COVID-19 pandemic in Newfoundland and Labrador had 22 active cases.
Swiss Personalized Health Network has a budget of 6.8E7.
WACOM has a budget of 380000.0.
The Innovative Medicines Initiative has a budget of 2.0E9.
Candesartan has a moiety of 15.0.
Promethazine has an active moiety of 88.0.
Saint Mary's University of Minnesota has 96 faculty members.
British Quarterly Review was published in 1886.
Child Language Teaching and Therapy was published in 1985.
Goonyella railway line has a length of 477000.0.
Chikuhi Line has a length of 42600.0.
The Blue line has a length of 24800.0.
Tokyo Metro Marunouchi Line has a length of 27400.0.
Husemersee has a value of 14.3.
Limassol Salt Lake has a value of 1.0.
Kenas Lake has a water value of 188.5.
Dieksee has a Source of 38.0.
Halbendorfer See has a value of 26.0.
Littler Mendelson has 1500 lawyers.
Taft Stettinius & Hollister has 625 lawyers.
Rose Law Firm has 34 lawyers.
Line 2 has 23 stations.
Newark Light Rail has 17 stations.
Shelbourne railway line has 2 stations.
Falcon 9 has had 1 successful launch.
New Shepard has 0 launches.
Carnero Lake has a water value of 1.8288.
Lake Musconetcong has a Source of 1.524.
Chaparral Lake has a water value of 3.048.
Shawano Lake has a water value of 2.7432.
Sister cush has 2 ingredients.
Mămăligă has 1 ingredient.
Abdollah Nouri has 448874 votes.
Abolghasem Khazali has 107311 votes.
Mohammad Khoshchehreh received 578674 votes.
Ali Fallahian has 386767 votes.
Greg Bowen's GND (Gemeinsame Normdatei) is 320322793.
PNP transistor is registered under the GND (Gemeinsame Normdatei) as 4174948-0.
Karl Pommerhanz's GND (Gemeinsame Normdatei) is 126961069.
CPR Bridge has 7 piers.
Tees Newport Bridge has 2 piers.
Flehe Bridge has 1 piers.
METRORail has 39 vehicles.
Light Rail Transit has 89 vehicles.
Pamplona City Transport has 34 vehicles.
Iskandar Malaysia Bus Rapid Transit has 18 vehicles.
Booker T. Washington National Monument had a total of 2012 visitors.
Arlington House, The Robert E. Lee Memorial had a total of 2011 visitors.
Kolkata Metro has a voltage of 750.0.
The voltage of Prague Metro is 750.0.
The voltage of Berlin U-Bahn is 750.0.
Strained yogurt has 557000.0 of fat.
Pogača has 820613.0 of calories.
Diffused lighting camouflage is a key word of Active camouflage.
Probability distribution is the key word of Probability distribution.
Earth Bio genome Project was started on 2018-11-01.
Project Vista was started on 1951-04-01.
Research Domain Criteria was started on 2010-01-28.
Chevert expedition started on 1875-05-18.
Ray Reardon was born in 1978.
St. Thomas Aquinas High School has an ACT score of ACT.
Persian blue means Heaven.
Nepenthes 'Vittata' was cultivar named Bruce Lee Bednar.
Emergency medicine is a topic that is often discussed in Acute.
Anesthesiology is a subject that is a focus of Anesthesia.
TREAT-NMD was funded by the European Commission.
Song dynasty has a nominal GDP per capita of 26.5.
Oat milk has a blood sugar level of 60.
The Outer Ring Road System is a part of Singapores Expressways.
Primary interatrial foramen is part of the Circulatory system.
Sex cords are part of the Reproductive system.
Project Vista was completed on 1951-12-01.
INDECT was completed on 2014-06-30.
Whiteout was released in Japan.
General Motors W platform is a platform for the Oldsmobile Intrigue.
General Motors Epsilon platform is a platform for Cadillac XTS.
Eduard Bloch was a victim of the Drancy internment camp.
Selma Engel-Wijnberg was a victim of the Westerbork transit camp.
Tristan Bernard was a victim of the Drancy internment camp.
Foulridge Tunnel is fed by the Leeds and Liverpool Canal.
Riqueval Tunnel is connected to Canal de Saint-Quentin.
Queen's Square, Sydney is located in Phillip Street, Sydney.
Aberdeen Street is located in Central, Hong Kong.
Gallivan Center is located in Salt Lake City.
Khatik Mohalla Street is located in Shahpura, Bhilwara.
Souq Qabil is located in Saudi Arabia.
Bethlehem High School is a school in the Catholic Church.
Legacy Christian Academy is Non-denominational.
Jicarilla Mountains has an altitude of Ancho Peak.
Croda da Lago is the highest mountain in Cima d'Ambrizzola.
Cang Mountain is the highest mountain in Malong.
Mount Kalatungan Mountain Range is the highest mountain in the Kalatunggan mountain range.
Christina Koch was a astronaut in NASA Astronaut Group 21.
Yousra Matine is from Morocco.
Zhou Yuelong is from China.
Hiriko uses a Lithium-ion battery.
Nissan Kicks P15 1 uses Panasonic.
Audi Q5 Second generation 80A 1 uses a Lithium-ion battery.
The Mercury Theatre, Colchester is currently running Educating Rita.
The Apollo Theatre is currently running Magic Goes Wrong.
Harry Potter and the Cursed Child is currently running at Palace Theatre, London.
Fergus O'Brien Tenure 1 was headed by Garret Fitz gerald.
Sir John Kothalawala College has 6 students.
Lao People's Armed Forces has 18 students.
Andy Johnson's last slash is johnsan01.
Bob Hopkins Bob Hopkins 1 is a slash.
Tom Workman's last slash is workmto01.
Stanley Brundy's last slash is brundst01.
JNARFA is the bibliographic code for the Journal of Nanoparticle Research.
CODEN is the bibliographic code for Comprehensive Reviews in Food Science and Food Safety.
Physical Review Focus has a CODEN number of PRFHAQ.
The Byham Theater is a Performing arts center.
San Diego Civic Theatre is a performing arts venue.
Union Theatre is a Professional and amateur theatre.
Ed Sullivan Theater is currently used as a Television studio.
Hotel Manger was demolished on 1983-05-15.
Tiffany Theater was demolished on 2013-08-08.
San Mamés Stadium was demolished on 2013-06-06.
Milwaukee County Stadium was demolished on 2001-02-21.
Yankee Stadium was demolished on 2010-05-13.
Environment and Behavior has a census year of 2019.
Ideal TV was last broadcast on 2009-07-20.
Radio Luxembourg's last broadcast was on 1992-12-30.
Deutscher Fernsehfunk was last broadcast on 1991-12-31.
Lurcy-Lévis has an elevation of 283.0.
Macau, Gironde has a maximum elevation of 26.0.
Thil-sur-Arroux has an elevation of 472.0.
John Odaate – Barnor was the Commandant of the Armed Forces Staff College.
Konstantin Avksentevsky commanded the 6th Army.
Thomas Langford-Sainsbury commanded No. 48 Squadron.
Wilson Elser Moskowitz Edelman & Dicker has 38 offices.
Fountain Court Chambers has 2 offices.
Warragge & Co has 8 offices.
Harris Beach has 12 offices.
The Journal of Transport and Land Use has a free access policy.
Materials Today has a free access rating of No.
BioMed Research International has a free access policy.
Wuxi Metro has 223200 passengers per day.
Codiac Transpo has 5192 passengers per day.
Chester Hill railway station is served by the Sydney Trains, NSW Train link.
Bois-Franc station uses the Exo system.
INDECT has a budget of 1.0906984E7.
ETOX has a budget of 1.87E7.
PREDICT has a budget of 2.0E8.
I&WN is the reporting mark for Idaho and Washington Northern Railroad.
The Metropolitan Street Railway has a track length of 77000.0.
Viramgam–Maliya Miyana section has a track length of 142000.0.
Samang–Joana Stoomtram Maatschappij has a track length of 417000.0.
Bartlett and Albany Railroad has a track length of 16093.4.
State Railways and Seaports Administration has a track length of 1.73e+06.
Ghana has a distribution of 43.5.
Myanmar has a distribution of 30.7.
Eswatini has an inequality of 54.6.
The opening date for Shea's Performing Arts Center was 1976-02-25.
Estadio Municipal Germán Becker was reopening on 2008-11-05.
Regal Cinema, Dublin was reopening on 1955-08-19.
Indiana Farmers Coliseum was reopening on 2014-04-24.
Burton Cummings Theatre was reopening on 1945-11-03.
WFNY is a member of Fox News Radio.
WLTP is a radio station on Cleveland Cavaliers Radio Network.
KMSU is a member of AMPERS.
Corinthia Hotel Budapest is a business of Corinthia Hotels International.
The George Hotel, Reading is associated with Mercure.
Westin Seattle is a business partner of Westin Hotels & Resorts.
James Braid won the 1905 Open Championship.
Nancy Lopez was the winner of the 1978 LPGA Championship.
Nils Odqvist was the winner of the 1959 European Amateur Team Championship.
Francesca Fiorellini was the winner of the French International Lady Juniors Amateur Championship.
Kateřina Siniaková was the winner of the 2021 Mutua Madrid Open.
Pam Shriver was the winner of the 1984 Wimbledon Championships.
Hazel Hotchkiss Wightman was the winner of the 1911 U.S. National Championships.
João Cunha e Silva was the winner of the 1997 Grand Prix Hassan II.
Stefan Edberg was the winner of the 1987 US Open.
The 2017 German Open was won by Mate Pavić.
Jeevan Nedunchezhiyan was the winner of the 2018 Nielsen Pro Tennis Championship.
Françoise Dürr was the winner of the 1971 French Open.
Cyril Suk was the winner of the 1991 French Open.
Sergio Casal was the winner of the 1986 US Open.
Ai Sugiyama was the winner of the 1997 Japan Open Tennis Championships.
Zuzana Lešenarová was the winner of the 1999 NCAA Division I Women's Tennis Championships.
Cliff Richey was the winner of the 1969 Cincinnati Open.
Evgeny Donskoy was the winner of the 2012 President's Cup.
Roger Federer was the winner of the 2005 NASDAQ-100 Open.
John McEnroe was the winner of the 1988 Suntory Japan Open Tennis Championships.
Roger Federer was the winner of the 2010 Swiss Indoors.
Loco-Motion runs on Tomy Tutor.
A Duel Hand Disaster: Trackher runs on Microsoft Windows.
Pirate Adventure runs on the ZX Spectrum.
Q-Squared was designed by Keith Birdsong.
Universe 11 was designed by Roger Zimmerman.
The cover artist of Universe 3 was Bob Silverman.
Richard Powers is the Cover Artist for The Treasury of Science Fiction Classics.
Carrot cake is a Kirsch cake.
Rhino Horn bananas are derived from Musa acuminata.
Rosa 'Chicago Peace' is a cultivar of Sport.
Eunidia kristenseni is in the rank of Animal.
Atha boswellae is in the rank of Animal.
Sarcophaga carnaria is in the rank of Animal.
Macellocerus is in the rank of Animal.
Electric Ireland is located in Dublin.
Henri Lloyd lives in Gothenburg.
Brandwatch Qriously is located in Brighton.
Limbic Software, Inc. 1 is located in California.
Southeast Television is located in China.
Himalaya TV is in Nepal.
Karey Kirkpatrick wrote Something Rotten!.
The Sea Cabinet was written by Gwyneth Herbert.
L. Frank Baum was the author of The Tik-Tok Man of Oz.
Harbanspura Interchange is a road that crosses Lahore Ring Road.
S Springs Junction is on State Highway 65.
Si Kak Phraya Si is on the Fueang Nakhon Road.
Saphan Khwai is on Pradiphat Road.
All I Have is Single.
Red Velvet is a Single.
Pilots are Single.
Mi destino fue quererte is a song.
Don't Ask Me is a Single.
Shell Shock was written by Peri Brown.
Elves' Hill was written in Danish language.
Phaedra's Love was translated into English language.
Euriphene conjungens is classified as Arthropod.
Apicalia is in the subclass Mollusca.
Lasiopates is classified as Arthropod.
United Trafford Council is a party in the Labour Party.
Oakland City Council is a party of the Democratic Party.
Kira Town's mayor is Ibrahim Ssemujju Nganda.
Hedmark Political function 2 is performed by the Centre Party.
Pattusali is a Tamil Nadu ethnic group.
French Canadians live in Quebec.
Catalans are from Italy.
Cypriot Russians live in Limassol.
Ho-Chunk is a member of the ethnic group of Iowa.
Hurlyburly was first performed at Goodman Theatre.
Wits Led by the Nose was first performed in London.
The Homecoming was first performed at Aldwych Theatre.
WEGS is a Christian radio station.
KEUN-FM broadcasts Swamp pop.
Project Vista was coordinated by William Alfred Fowler.
ETOX is a project of Esteve.
Virginia State Route 20 ends in Wilderness, Virginia.
State Highway 246 ends at Mowad.
New Jersey Route 120 is a junction between East Rutherford, New Jersey and New Jersey Route 119.
National Highway 44 leads to Dindigul.
Massachusetts Route 143 starts in Hinsdale, Massachusetts.
New York State Route 91 starts in Truxton, New York.
California State Route 175 starts in Hopland, California.
BR-210 starts at Pedra Branca do Amapari.
Mainz Hauptbahnhof is served by the West Rhine Railway.
Davos Laret railway station is served by the Landquart–DavOS Platz railway line.
Bomen railway station is served by the Main Southern railway line, New South Wales.
IWI ACE was used in the Mexican drug war.
RPG-43 was used in the wars during the Troubles.
The 1916 1 was a conflict similar to World War I.
RPO-A Shmel was used in the War in Donbas.
Panzerhaubitze 2000 was used in the War in Afghanistan.
WPHP is a webcast of wphs.m3u.
Radio Veronica's webcast URL is veronica-rockradio.
Bankia has a total assets of 1.79098E11.
Unocal Corporation has a total assets of 1.3101E10.
HNA Technology HNA Technology 1 has a total assets of 117.966.
CBZ Bank Limited has a total assets of 1.991E9.
Sanagu Station has bicycle facilities.
Kwasa Sentral MRT station has bicycle facilities.
Catlin Covered Bridge carries Pedestrian traffic.
Jiangjiehe Bridge carries vehicles on S205 provincial road.
Angle Vale Bridge carries Motor vehicles.
Stanley Ferry Aqueduct carries Aire and Calder Navigation.
Lottie Moon House was built in 1831.
Fort San Lucian was built in 1610–1611.
A.S.D. Fersina Perginese has a capacity of 2000.
AS Vacoas-Phoenix has 6200 members.
Gostaresh Foulad F.C. has a capacity of 12000.
2017 Batangas earthquakes caused 6 casualties.
2020 Oaxaca earthquake has 10 casualties.
Bicifadine has a molecular mass index of 511099.
Blake Marler is a Final, recurring.
Undibacterium pigrum's colour is lightgrey.
Pyotr Alexeyev' Resistance Movement's colour is Red.
The 1896 Gloucester smallpox epidemic had 2000 confirmed cases.
The COVID-19 pandemic in Alberta has 335247 confirmed cases.
Bor Dahegaon Dam is located in Earthfill.
Gravity is the name of Kabeli B1 Hydropower Station.
National Council was elected on 2020-12-15.
Niuatoputapu Airport has an average elevation of 9.0.
Sauk City, Washington has an average elevation of 71.9328.
Fort Jones, California has an average elevation of 840.943.
Hermanos Ameijeiras Airport has an average elevation of 100.0.
Dire Dawa Airport has an average elevation of 1167.0.
The end date of Video Games Live is 2018-11-17.
South Ossetia Historical event 3 took place on 2008-08-26.
Central American Integration System Historical event 3 ended on 1960-12-13.
Dengue pandemic in Sri Lanka has resulted in the deaths of 2020.
2018 Nipah virus outbreak in Kerala resulted in 89 deaths.
The 1929–1930 psittacosis pandemic had 15 deaths.
The 2021 Nipah virus outbreak in Kerala resulted in 100 deaths.
Microsoft Swift key has a size of 1.618e+08.
Crystal disk mark has a file size of 4e+06.
Anki has a file size of 1.34e+08.
Vue scan has a file size of 6e+06.
Wentworth began broadcasting on 2020-07-28.
Vietnam Television began broadcasting on 1970-09-07.
Project Runway Philippines began on 2009-08-12.
Degrassi: Next Class began on 2017-06-30.
Ultimate Beastmaster began broadcasting on 2017-12-15.
The publication date of Last Round Arthurs was 2018-07-20.
Suspicion was first published on 1984-08-12.
Dragon Nest was first published on 2010-06-04.
The journal of Applied Psychology publishes monthly.
Pinball is published in Quarterly.
Rapid Communications in Mass Spectrometry is published biweekly.
Nova srpska politička misao has a resolution of 300.
Porchetta contains pork,rosemary,garlic, andpepper.
Meatball soup contains Meatballs,Ground meat,rice,spices.
Sol over Gudhjem contains Rugbrød, smokedherring,chives,egg yolk.
Kari kapitan is made with Chicken.
Schiphol Airport railway station has a handicapped accessible station.
Devon Avenue is part of 6400 North.
Mandurah Road is part of National Route 1.
Lornoxicam has a genome of D01866.
North Dakota House of Representatives was elected on 2020-11-03.
Northamptonshire County Council was elected on 2017-05-04.
Monaghan County Council was elected on 2019-05-24.
Sahrawi National Council was elected on 2012-02-20.
Tomoyo After: It's a Wonderful Life was published on 2007-10-20.
Sorcerer Hunters was published on 1996-08-25.
Amagi Brilliant Park was published on 2016-09-09.
Therapy Game was published on 2017-03-14.
Salem Falls has a Library of Congress Classification of PS3566.I372 S26 2001.
Riverton–Belvidere Bridge has a load limit of 50802.3.
Taoyaomen Bridge has a load limit of 2e+09.
Fletcher Covered Bridge has a load limit of 31751.5.
The Nagoya Port Drawbridge has a load limit of 4e+07.
The Mac arthur Bridge has a load limit of 2e+07.
Hertfordshire Militia has 1–3 Regiments.
Kazan Metro has 1 line.
Santa Clara Valley Transportation Authority has 70 lines.
Davenport Citibus has 13 lines.
Ningbo Rail Transit has 5 lines.
Yugo-Zapadnaya has 1 platform.
Esquimalt station has 1 platform.
Mesonisi railway station has 1 platform.
Hillview MRT station has 1 platform.
Księcia Janusza metro station has 2 tracks.
Home Hill railway station has 2 tracks.
Nervión has 2 tracks.
Lindevang Station has 2 tracks.
Girard station has 2 tracks.
Jed Madela discography 2010 1 sold 10000 vehicles.
The List of best-selling albums by country 1994 3 has 1000000 sold.
Touched with Fire has an Online Computer Library Center number of 85753373.
The Riddle of the Wren has an Online Computer Library Center number of 10900735.
The Indian Journal of Dermatology, Venereology and Leprology has an Online Computer Library Center number of 02884822.
Carache Municipality was named Municipio Carache.
The Heritage Crossing station is served by DART South Irving Go Link.
Kipling station is served by Bloor West.
Rosebank railway station is served by UCTJammie Shuttle.
Jurong Town Hall MRT station has a parking facility of Yes.
Rasskazovka has No parking.
Viking has had 4 failures.
List of Delta 3 launches has 1 failure.
Long March 2E had 1 failure.
Santa Fe Depot has 47644 passengers per year.
Minami-Hinaga Station has 690 passengers per year.
The 2014 Portugal legionellosis outbreak caused 12 deaths.
Lady Day at Emerson's Bar and Grill was first performed on 1986-04-16.
Play Dead was first performed on 2010-11-10.
Trelawny of the 'Wells' was first performed on 1898-01-29.
Bottom Live: The Big Number Two Tour was first performed on 1995-11-06.
The Life of Rufus Dawes For the Term of His Natural Life 1 was first performed in 1886.
Circle Mirror Transformation was first performed in 2009.
Kanta was first performed in 1889.
Lille-Flandres station has 9 platforms.
Songjeong Park station has 2 platforms.
Titagarh railway station has 4 platforms.
COVID-19 pandemic in Nunavut resulted in 670 cases.
COVID-19 pandemic in Normandy resulted in 13743 cases.
COVID-19 pandemic in South Africa resulted in 2849558 cases.
National Route 9 runs East.
New Brunswick Route 7 runs South.
State Highway 62 runs East.
Apollo 12 has a satellite catalogue number of CSM: 4225.
Kosmos 2380 has a satellite number of 26989.
On the Rocks: A Political Comedy takes place in the near future.
Sweat takes place in Reading, Pennsylvania.
The 1952 United States presidential election in Louisiana took place on 1952-11-04.
The 2021 Estonian presidential election is on 2021-08-31.
2006 Sarawak state election took place on 2006-05-20.
Yenikapı Transfer Center Yenikapac 1 is an Underground station.
Beixinjing station is an Underground station.
A Very DNA Reunion is a play about DNAtechnology.
COVID-19 pandemic in Haiti has 32304 suspected cases.
1924 Los Angeles pneumonic plague outbreak had 37 suspected cases.
Vasoactive intestinal peptide receptor is encoded by ADCYAP1R1.
Chlorosome has a Bac chlor c symbol.
Kelch motif is a Kelch 5.
2017 Bauer Watertechnology Cup was played on Carpet.
Yenikapı Transfer Center Yenikapac 1 was opened in 2017.
Arc-et-Senans station has a visitor count of 2018.
Ernakulam Junction railway station has a visitor count of 2018.
Tlatelolco metro station has a fare increase of -41.57.
Buckower Chaussee station was electrified in 0750.
Pasivedala railway station was electrified in 0025.
30th Street station was electrified at 0700.
Metro kent has an electrified station of 0001.
Censorinus has a height of 400.0.
Cocheras has a topographic prominence of 12.0.
Titan has a reference height of 141.5.
The Journal of Economic History has a JSTOR number of 00220507.
The JSTOR number for Journal of Speculative Philosophy is 0891625X.
Professional Ethics is cataloged in the Library of Congress Control Number 93-660008.
Federal Law Review has a CCCN numbering of 77020319.
Barnase has a gene entry of 1BRS.
RAR-related orphan receptor has a gene entry of 1N83.
Journal of Historical Review has a publication rate of 0.
Pendleton Heights High School is located in Madison County, Indiana.
Sharnbrook Academy is located in Bedfordshire.
Canat Elementary School is located in Philippines.
Bishop Blanchet High School is located in King County, Washington.
Prendergast School is located in London.
Kingsway Tunnel Kingsway Tunnel 1 is located in Merseyside.
The Discovery Bay Tunnel ends in Siu Ho Wan.
Tauern Railway Tunnel starts in Salzburg.
Jeddo Tunnel starts at Black Creek.
Saverne Tunnel starts at Eckartswiller.
Robertson Tunnel starts in Goose Hollow, Portland, Oregon.
Acura TSX 2010 1 sold 126 vehicles.
BMW 5 Series 1999 1 sold 38218 units.
Phoemela Baranda was born in 1999–present.
Merignac internment camp was held on 17 November 1940 – 26 August 1944.
Casoli internment camp was interned in 1940.
Maria Eriksson was born in 2009-present.
Alcmaeon in Psophis is a chorus character of Young women.
Ajax is a Greek chorus character.
Philoctetes is a Greek sailor.
Gęsiówkaprison was the original building of Warsaw concentration camp.
Szebnie concentration camp was used as an Internment camp.
Mazibuko M1B has a refueling range of 400.
Voyah Free has a maximum refueling distance of 500.
BAZ-6909 has a refueling range of 1000.
KZKT-7428 has a refueling range of 1500.
Natzweiler-Struthof concentration camp Natzweil-Strutof 1 was a concentration camp for resistance fighters.
Monowitz concentration camp was named after Mainly jews.
Kaufering concentration camp complex was a concentration camp for Mostly Jews.
Sušica camp was murdered by Bosniaks.
Red Bridge is built using Rock.
Landwasser Viaduct is built on Limestone.
Jamestown Verrazzano Bridge is built using Concrete.
KET ED is the parent network of Kentucky Channel.
NBC Montana was a former broadcaster of CBS.
Wayne Meylan was named to the 1967 College Football All-America Team.
Thomas Joseph Kelly is a member of the National Museum of Racing and Hall of Fame.
Robert H. Michel received the Purple Heart.
Joseph Beeston was awarded the Order of St Michael and St George.
Carlos Alberto dos Santos Cruz was awarded the Order of Aeronautical Merit.
Stagecoach Yorkshire stops at Rotherham Interchange.
Stagecoach Yorkshire's main hub is the Meadowhall Interchange.
Telemark Bilruter is located in Vrådal.
