Chiltern Firehouse serves American cuisine.
Hof van Cleve serves French cuisine.
Lucy's Cafe serves Italian cuisine.
Sushi of Gari serves Japanese cuisine.
MV American Integrity has the call sign WDD2875.
MS Nordlys has the call sign LHCW.
Pallada's call sign is UDUI.
Aquarius has the call sign ZGGD3.
MV Hansa Brandenburg has the call sign A8ES9.
The ICR-logo of Irish Car Rentals is ICR.jpg.
Bank of Mexico's logo is Logobm.svg.
Numa F. Montet is an alumni of Northwestern State University.
Francis Scarpaleggia is an alumni of Concordia University.
Alan Bible is an alumni of Georgetown University Law Center.
Esther Armah works for Kwesi Armah.
Adam de Wodeham works for William of Ockham.
Charles Canivet works for Amédée Thierry.
Packed in a Trunk: The Lost Art of Edith Lake Wilkinson was composed by Danielle Ate the Sandwich.
Tales of Symphonia was composed by Motoi Sakuraba.
Dan Jones composed the music for My Scientology Movie.
Leo Anchóriz is an actor.
Snowy Baker is an actor in Sleeping Acres.
Natalya Sayko is an actor in Professor Dowell's Testament.
Nicholas Tse is an actor in The Stool Pigeon.
Spot Blue International Property has a duns number 736032835.
Co bank has a duns number 075770271.
The Deutsche Presse-Agentur has 316842400 duns.
Robert Karabinchak has an image of Rob karabinchaks.jpg.
Salbutamol is a Prescription drug.
Bendroflumethiazide is a Prescription drug.
Insulin aspart is a Prescription drug.
Minuscule 850 is written in Ancient Greek.
Millicent Min, Girl Genius is in English language.
The Way of the Sufi is in English language.
Another Fine Myth is in English language.
Angiotensin-converting enzyme is involved in Kidney development.
MX1 is involved in the Innate immune system.
LYN is involved in Haematopoiesis.
LRRK2 is involved in Autophagy.
2011 Challenge Bell is a super event on the 2011 WTA Tour.
Billings Gazette has the ISBN 2372-868X.
Nelson Daily News has an ISBN number 0832-431X.
Zuerst! has an ISBN number of 1869-5493.
La Croix has a ISBN number of 0242-6056.
Vetus Latina is an example of Bible.
Tales from Shakespeare is a novel about The Taming of the Shrew.
Two Dogmas of Empiricism is a book about Logical positivism.
Best Shot in the West is a children's novel.
Aditus to mastoid antrum is connected to the Tympanic cavity.
Ureter is connected to the Renal pelvis.
The Outer ear is connected to the Middle ear.
The Right atrium is connected to the Right ventricle.
A Christmas Carol is an example of A Klingon Christmas Carol.
The Province of Catanzaro contains Martirano.
Kranenburg, North Rhine-Westphalia contains Frasselt.
Alto Mijares is located in Fuentes de Ayódar.
The Department of Huancavelica is located in Angaraes Province.
The Age of Entitlement was recorded by The Basics.
Sugarless was recorded by Swami.
Angle of Entry was recorded by The Mutton Birds.
Simba was a contributor to James Baxter.
Ryōzen is a contributor to Ogura Hyakunin Isshu.
King Louie was a contributor to Milt Kahl.
Hiroi Murakami is a contributor to Ginkai.
Ogura Hyakunin Isshu contributed to Inpumon'in no Tayū.
The film Last Wedding was filmed in Vancouver.
Canción de Juventud is filmed in Catalonia.
Count Arthur Strong was filmed in London.
Claudius was the parent of Claudia Octavia.
The chemical species Testosterone sulfate is classified as CC12CCC3CCCC34C.
GNLY encodes Granulysin.
Phosphatidylethanolamine binding protein 1 encodes Raf kinase inhibitor protein.
CDKN2A encodes P16.
Crohn's disease can cause Abdominal pain.
Stereotypic movement disorder is a sign of Stereotypy.
Plague can be diagnosed as Shock.
The Intracranial aneurysm has a sign of Confusion.
Joseph E. Meyer's home location is Meyer's Castle.
Michael Paul Britto lives in New York City.
Kent Smetters lives in Philadelphia.
Lucius E. Burch Jr. lives in Collierville, Tennessee.
Dorit Schmiel lives in Pankow.
Torpoint Community College has a telephone number of +44-1752-812511.
Knowl Hill School has a telephone number of +44-1483-797032.
Quarrydale Academy has a telephone number of +44-1623-554178.
Resolute Forest Products is a sub organization of Abitibi-Consolidated.
The Commonwealth of Nations is a sub organization of the Commonwealth War Graves Commission.
Library and Archives Canada is a sub organization of the Department of Canadian Heritage.
Bell Canada is a sub organization of Télébec.
East Central Railway zone is a sub organization of Dhanbad railway division.
Aromatase is encoded by Cytochrome p450 family 19 subfamily a member 1.
Alpha-amylase is encoded by AMY1C.
ST2 cardiac biomarker is encoded by IL1RL1.
Sergey Lagutin competed in the 2018 Tour of Norway.
Joseph Charles Walsh knows the English language.
Marisa Ferretti Barth knows the English language.
Empedocles knows Ancient Greek.
Maria Iovleva speaks Russian language.
Isaac Halstead Williamson knows the English language.
Acetylcholinesterase is located in Basal lamina.
Basigin is located in the Cell membrane.
Galactose-1-phosphate uridylyltransferase is located in the Cytoplasm.
SOX1 is located in Cell nucleus.
Pilot is a part of Faking It.
The Fight Before Christmas is a part of The Simpsons.
The Ascent is a part of Star Trek: Deep Space Nine.
M3U is encoded using x-mpegurl.
View of Bentheim Castle was created in Haarlem.
Teodelapio was created in Spoleto.
Landscape at Auvers in the Rain was created in Auvers-sur-Oise.
Still Life with Profile of Laval was created in Pont-Aven.
Moerkerke is contained in Damme.
Borden, Western Australia is contained in Division of O'Connor.
Lang Chánh District is contained in Thanh Hóa Province.
Punta Prieta Airstrip is contained in Baja California.
Tony Maylam is a Screenwriter.
Roy Wang is a Singer-songwriter.
Franco Perinciolo is a Football player.
All Things at Once is published by ISBN 978-1-60286-111-4.
Asterix and the Chieftain's Shield isbn 2-01210-143-7.
Team Batista no Eikō is published by isbn.
The ISBN of Some Prefer Nettles is 978-4-12-203556-0.
Asterix and the Goths isbn 978-2-01210-135-7.
Hinaleimoana Wong-Kalu is Māhū.
John the Orphanotrophos is a Eunuch.
Invincible is a Non-binary gender.
Francis Sartorius is the child of John Sartoros.
George Hearst has children with William Randolph Hearst.
Jean-Baptiste Vuillaume owns Lauterbach Stradivarius.
Jacqueline Kennedy Onassis owns the Wedding dress of Jacqueline Bouvier.
Qaboos bin Said owns Al Said.
Cobra Verde is based on The Viceroy of Ouidah.
The character in Book of Exodus is Amalek.
Nights of Farewell was written by Marius Petipa.
Black Hippy was founded in South Los Angeles.
Boøwy was founded in Takasaki.
Camellia Factory was founded in Tokyo.
Lone Signal was founded in New York City.
Crazy Lixx was founded in Malmö.
The Imperialism of Free Trade is divided into 1-15.
BRAF is expressed in the Stomach.
ISCU has a molecular function of Plasma protein binding.
HLA-G has a Plasma protein binding function.
GRIA1 has a Plasma protein binding function.
The song Welcome to the Jungle was written by Slash.
Day by Day was written by Lina Sandell.
Paul McCrackney wrote Norwegian Wood.
Hen with Sapphire Pendant is a service provider of House of Fabergé.
Mastermind is a service provider for Parker Brothers.
1Q84 is a citation for The Metamorphosis.
Send in Stewie, Please is part of the Family Guy episode.
Albatross is a part of Star Trek: The Animated Series.
Elegy for a Pig is part of the season Adam-12.
Irinotecan interacts with Nelfinavir.
Domperidone is a Bio chem entity that interacts with Clarithromycin.
Transposition of the great vessels is 2548.
There are 25318 active COVID-19 in Australia.
There were 495 active cases in the COVID-19 pandemic in the Australian Capital Territory.
The Eluru outbreak has 0 active cases.
The COVID-19 pandemic in Newfoundland and Labrador had 22 active cases.
Swiss Personalized Health Network has a budget of 6.8E7.
WACOM has a project budget total of 380000.0.
The Innovative Medicines Initiative has a project budget total of 2.0E9.
Candesartan has a bioavailability of 15.0.
Promethazine has a bioavailability of 88.0.
Saint Mary's University of Minnesota has 96 faculty members.
British Quarterly Review was published in 1886.
Child Language Teaching and Therapy was published in -1985.
Goonyella railway line has a line length of 477000.0.
Chikuhi Line has a line length of 42600.0.
The Blue line has a line length of 24800.0.
Tokyo Metro Marunouchi Line has a line length of 27400.0.
Husemersee has a maximum depth of 14.3.
Limassol Salt Lake has a maximum depth of 1.0.
Kenas Lake has a maximum depth of 188.5.
Dieksee has a maximum depth of 38.0.
Halbendorfer See has a maximum depth of 26.0.
Littler Mendelson has 1500 lawyers.
Taft Stettinius & Hollister has 625 lawyers.
Rose Law Firm has 34 lawyers.
Line 2 has 23 stations.
Newark Light Rail has 17 stations.
Shelbourne railway line has 2 stations.
Falcon 9 has 1 successful launch.
New Shepard has 0 launches.
Carnero Lake has an average depth of 1.8288.
Lake Musconetcong has an average depth of 1.524.
Chaparral Lake has an average depth of 3.048.
Shawano Lake has an average depth of 2.7432.
The complexity of Confederate cush is 2.
Mămăligă has a complexity of 1.
Abdollah Nouri has a majority of 448874.
Abolghasem Khazali has a majority of 107311.
Mohammad Khoshchehreh has a majority of 578674.
Ali Fallahian has a majority of 386767.
Greg Bowen has a GND of 320322793.
The PNP transistor has an individualised gnd of 4174948-0.
Karl Pommerhanz has an individualised gnd of 126961069.
CPR Bridge has 7 piers in water.
Tees Newport Bridge has 2 piers in water.
Flehe Bridge has 1 piers in water.
METRORail has 39 vehicles.
Light Rail Transit has 89 vehicles.
Pamplona City Transport has 34 vehicles.
Iskandar Malaysia Bus Rapid Transit has 18 vehicles.
Booker T. Washington National Monument had a total of 400 visitors as of 2012.
Arlington House, The Robert E. Lee Memorial had a total of 200 visitors in 2011.
Kolkata Metro has a voltage of 750.0.
The voltage of Prague Metro is 750.0.
The voltage of the Berlin U-Bahn is 750.0.
Strained yogurt has 557000.0 of total calories.
Pogača has 820613.0 of Approximate calories per serving.
Diffused lighting camouflage is a project that uses Active camouflage.
Probability distribution is the project keyword for Probability.
Earth Bio genome Project was started in 2018-11-01.
Project Vista was started on 1951-04-01.
The Research Domain Criteria project started on 2010-01-28.
The Chevert expedition started on 1875-05-18.
Ray Reardon won the world title in 1978.
St. Thomas Aquinas High School has an ACT score of ACT.
Persian blue has a connotation of Heaven.
Nepenthes 'Vittata' was cultivated by Bruce Lee Bednar.
Emergency medicine is a focus of Acute.
Anesthesiology is a field that focuses on Anesthesia.
TREAT-NMD was funded by the European Commission.
Song dynasty had a gdp per capita of 26.5.
Oat milk has a glycemic index of 60.
The Outer Ring Road System is known as Singapores Expressways.
Primary interatrial foramen is part of the Circulatory system.
Sex cords are part of the Reproductive system.
Project Vista ended on 1951-12-01.
INDECT was completed on 2014-06-30.
Whiteout was filmed in Japan.
General Motors W platform is used in the Oldsmobile Intrigue.
General Motors Epsilon platform is used in the Cadillac XTS.
Eduard Bloch was a victim of Drancy internment camp.
Selma Engel-Wijnberg was a victim of the Westerbork transit camp.
Tristan Bernard was a victim of Drancy internment camp.
Foulridge Tunnel is a waterway through the Leeds and Liverpool Canal.
Riqueval Tunnel is a waterway through Canal de Saint-Quentin.
Queen's Square, Sydney is located in Phillip Street, Sydney.
Aberdeen Street is located in Central, Hong Kong.
Gallivan Center is located in Salt Lake City.
Khatik Mohalla Street is located in Shahpura, Bhilwara.
Souq Qabil is located in Saudi Arabia.
Bethlehem High School is a school in the Catholic Church.
Legacy Christian Academy is Non-denominational.
Jicarilla Mountains's highest mountain is Ancho Peak.
Croda da Lago is the highest mountain in Cima d'Ambrizzola.
Cang Mountain is the highest mountain in Malong.
Kalatungan Mountain Range is the highest mountain in the Kalatunan mountain range.
Christina Koch was selected by NASA Astronaut Group 21.
Yousra Matine is from Morocco.
Zhou Yuelong is from China.
Hiriko uses a Lithium-ion battery.
Nissan Kicks P15 1 is powered by Panasonic.
Audi Q5 Second generation 80A 1 has a Lithium-ion battery.
The current production of Educating Rita is at Mercury Theatre, Colchester.
Magic Goes Wrong is currently running in the Apollo Theatre.
Harry Potter and the Cursed Child is currently playing at Palace Theatre, London.
Fergus O'Brien Tenure 1 was headed by Garret FitzGerald.
Sir John Kothalawala College has a student range of 6.
Lao People's Armed Forces has 18 students.
Andy Johnson's bbr is johnsan01.
Bob Hopkins Bob Hopkins 1 has the bbr hopkibo01.
Tom Workman's bbr is workmto01.
Stanley Brundy's bbr is brundst01.
JNARFA is the coden of Journal of Nanoparticle Research.
The coden of Comprehensive Reviews in Food Science and Food Safety is CRFSBJ.
The coden of Physical Review Focus is PRFHAQ.
The Byham Theater is currently used as a Performing arts center.
San Diego Civic Theatre is currently used as a performing arts venue.
Union Theatre is currently used for Professional and amateur theatre.
Ed Sullivan Theater is currently used for a Television studio.
Hotel Manger was demolished on 1983-05-15.
Tiffany Theater was demolished on 2013-08-08.
San Mamés Stadium was demolished on 2013-06-06.
Milwaukee County Stadium was demolished on 2001-02-21.
Yankee Stadium was demolished on 2010-05-13.
Environment and Behavior has an impact factor of 2019.
Ideal TV's last broadcast date was 2009-07-20.
Radio Luxembourg's last air date was 1992-12-30.
Deutscher Fernsehfunk's last broadcast date was 1991-12-31.
Lurcy-Lévis has a maximum elevation of 283.0.
Macau, Gironde has a maximum elevation of 26.0.
Thil-sur-Arroux has a maximum elevation of 472.0.
John Odaate – Barnor was the Commandant of the Armed Forces Staff College.
Konstantin Avksentevsky commanded the 6th Army.
Thomas Langford-Sainsbury was in command of No. 48 Squadron.
Wilson Elser Moskowitz Edelman & Dicker has 38 offices.
Fountain Court Chambers has 2 offices.
W Wragge & Co has 8 offices.
Harris Beach has 12 offices.
The Journal of Transport and Land Use has open access content.
Materials Today has no open access content.
BioMed Research International has open access content.
Wuxi Metro has 223200 passengers per day.
Codiac Transpo has 5192 passengers per day.
Chester Hill railway station is used by Sydney Trains, NSW Train link.
Bois-Franc station uses Exo.
INDECT has a budget of 1.0906984E7.
ETOX received 1.87E7 in the budget.
PREDICT has a budget of 2.0E8.
Idaho and Washington Northern Railroad has a reporting mark I&WN.
Metropolitan Street Railway has a track length of 77000.0.
The Viramgam–Maliya Miyana section has a track length of 142000.0.
Samarang–Joana Stoomtram Maatschappij has a track length of 417000.0.
Bartlett and Albany Railroad has a track length of 16093.4.
State Railways and Seaports Administration has a track length of 1.73e+06.
Ghana has a gini coefficient of 43.5.
Myanmar has a gini coefficient of 30.7.
Eswatini has a gini coefficient of 54.6.
The Shea's Performing Arts Center was reopening on 1976-02-25.
Estadio Municipal Germán Becker was reopening on 2008-11-05.
Regal Cinema, Dublin was reopening on 1955-08-19.
Indiana Farmers Coliseum is reopening on 2014-04-24.
Burton Cummings Theatre was reopening on 1945-11-03.
WFNY is a radio station that is owned by Fox News Radio.
WLTP is a radio station on Cleveland Cavaliers Radio Network.
KMSU is a broadcast network on AMPERS.
The Corinthia Hotel Budapest is part of the Corinthia Hotels International chain.
The George Hotel, Reading is a chain owned by Mercure.
Westin Seattle is a chain of Westin Hotels & Resorts.
James Braid was the 1905 Open Championship champion.
Nancy Lopez was the 1978 LPGA Championship champion.
Nils Odqvist was the 1959 European Amateur Team Championship champion.
Francesca Fiorellini was the French International Lady Juniors Amateur Championship champion.
Kateřina Siniaková was the winner of the 2021 Mutua Madrid Open.
Pam Shriver was the 1984 Wimbledon Championships champion in double female.
Hazel Hotchkiss Wightman was the 1911 U.S. National Championships champion in double female.
João Cunha e Silva was the champion in the 1997 Grand Prix Hassan II.
Stefan Edberg won the 1987 US Open.
Mate Pavić was the winner of the 2017 German Open.
Jeevan Nedunchezhiyan was the winner in the 2018 Nielsen Pro Tennis Championship.
Françoise Dürr won the 1971 French Open.
Cyril Suk won the 1991 French Open.
Sergio Casal was the 1986 US Open champion in mixed double.
Ai Sugiyama was the champion in the 1997 Japan Open Tennis Championships.
Zuzana Lešenarová was the 1999 NCAA Division I Women's Tennis Championships champion in single female.
Cliff Richey won the 1969 Cincinnati Open.
Evgeny Donskoy was the 2012 President's Cup champion in single male.
Roger Federer was the winner of the 2005 NASDAQ-100 Open.
John McEnroe was the 1988 Suntory Japan Open Tennis Championships champion in single male.
Roger Federer was the winner in the 2010 Swiss Indoors.
Loco-Motion runs on Tomy Tutor.
A Duel Hand Disaster: Trackher runs on Microsoft Windows.
Pirate Adventure runs on ZX Spectrum.
Keith Birdsong was the cover artist for Q-Squared.
Roger Zimmerman was the cover artist for Universe 11.
Bob Silverman was the cover artist for Universe 3.
Richard Powers is the cover artist of The Treasury of Science Fiction Classics.
Carrot cake has variant Kirsch.
Rhino Horn bananas are hybrids with Musa acuminata.
Rosa 'Chicago Peace' is a hybrid of Sport.
Eunidia kristenseni is a kingdom in the Animal kingdom.
Atha boswellae is a kingdom of the Animal.
Sarcophaga carnaria is a kingdom in the Animal kingdom.
Macellocerus is a kingdom in the Animal kingdom.
Electric Ireland is located in Dublin.
Henri Lloyd is from Gothenburg.
Brandwatch Qriously is located in Brighton.
Limbic Software, Inc. 1 is located in California.
Southeast Television is in China.
Himalaya TV is in Nepal.
Karey Kirkpatrick wrote the lyrics to Something Rotten!
The Sea Cabinet was written by Gwyneth Herbert.
The Tik-Tok Man of Oz was written by L. Frank Baum.
Harbanspura Interchange is a junction on Lahore Ring Road.
S Springs Junction is on State Highway 65.
Si Kak Phraya Si is on the Fueang Nakhon Road.
Saphan Khwai is on Pradiphat Road.
All I Have is a Single song.
Red Velvet is a Single song.
Pilots is a Single song.
Mi destino fue quererte is a song.
Don't Ask Me is a Single song.
Peri Brown is a non-fiction author.
Elves' Hill was written in Danish language.
Phaedra's Love was written in English language.
Euriphene conjungens is in the phylum Arthropod.
Apicalia is in the phylum Mollusca.
Lasiopates is a member of the Arthropod.
United Trafford Council is a political party of the Labour Party.
Oakland City Council is a party of the Democratic Party.
Ibrahim Ssemujju Nganda is the politician exercising this function.
Hedmark Political function 2 is performed by the Centre Party.
Pattusali is a town in Tamil Nadu.
French Canadians live in Quebec.
Catalans live in Italy.
Cypriot Russians live in Limassol.
Ho-Chunk is a place in Iowa.
Hurlyburly was first performed at Goodman Theatre.
Wits Led by the Nose was first performed in London.
The Homecoming was first performed at Aldwych Theatre.
WEGS is a Christian radio station.
KEUN-FM broadcasts Swamp pop.
William Alfred Fowler was the project coordinator for Project Vista.
ETOX was a project of Esteve.
Virginia State Route 20 ends in Wilderness, Virginia.
State Highway 246 leads to Mowad.
New Jersey Route 120 leads to East Rutherford, New Jersey.
National Highway 44 leads to Dindigul.
Massachusetts Route 143 starts in Hinsdale, Massachusetts.
New York State Route 91 starts in Truxton, New York.
California State Route 175 starts in Hopland, California.
BR-210 starts at Pedra Branca do Amapari.
Mainz Hauptbahnhof is served by the West Rhine Railway.
Davos Laret railway station is on the Landquart–DavOS Platz railway line.
Bomen railway station is on the Main Southern railway line, New South Wales.
IWI ACE was used in the Mexican drug war.
RPG-43 was used in the The Troubles.
The 1916 1 was used in World War I.
RPO-A Shmel was used in the War in Donbas.
Panzerhaubitze 2000 was used in the War in Afghanistan.
WPHP can be found at wphs.m3u.
The webcast of Radio Veronica is veronica-rockradio.
Bankia has assets of 1.79098E11.
Unocal Corporation has assets of 1.3101E10.
HNA Technology HNA Technology 1 has 117.966 of assets.
CBZ Bank Limited has assets of 1.991E9.
Sanagu Station has bicycle information available.
Kwasa Sentral MRT station has bicycle information not available.
Catlin Covered Bridge carries Pedestrian traffic.
Jiangjiehe Bridge carries S205 provincial road.
Angle Vale Bridge carries Motor vehicles.
Stanley Ferry Aqueduct carries Aire and Calder Navigation.
Lottie Moon House was built in 1831.
Fort San Lucian was built in 1610–1611.
A.S.D. Fersina Perginese has a capacity of 2000.
AS Vacoas-Phoenix has a capacity of 6200.
Gostaresh Foulad F.C. has a capacity of 12000.
2017 Batangas earthquakes caused 6 casualties.
2020 Oaxaca earthquake had 10 casualties.
Bicifadine has a ch eMBL of 511099.
Blake Marler is a Final, recurring.
Undibacterium pigrum's colour name is lightgrey.
Pyotr Alexeyev' Resistance Movement's colour name is Red.
The 1896 Gloucester smallpox epidemic had 2000 confirmed cases.
There were 335247 confirmed cases of COVID-19 pandemic in Alberta.
Bor Dahegaon Dam is described as Earthfill.
Kabeli B1 Hydropower Station is powered by Gravity.
The National Council was elected on 2020-12-15.
Niuatoputapu Airport has an elevation of 9.0.
Sauk City, Washington has an elevation of 71.9328.
Fort Jones, California has an elevation of 840.943.
Hermanos Ameijeiras Airport has an elevation of 100.0.
Dire Dawa Airport has an elevation of 1167.0.
The end date of Video Games Live is 2018-11-17.
South Ossetia Historical event 3 ended on 2008-08-26.
Central American Integration System Historical event 3 ended on 1960-12-13.
Dengue pandemic in Sri Lanka has a fatality rate of 2020.
2018 Nipah virus outbreak in Kerala had 89 people killed.
The 1929–1930 psittacosis pandemic had a fatality rate of 15.
The 2021 Nipah virus outbreak in Kerala had 100 deaths.
Microsoft Swift key has a file size of 1.618e+08.
Crystal disk mark has a file size of 4e+06.
Anki has a file size of 1.34e+08.
Vue scan has a file size of 6e+06.
Wentworth first aired on 2020-07-28.
Vietnam Television first aired on 1970-09-07.
Project Runway Philippines first aired on 2009-08-12.
Degrassi: Next Class first aired on 2017-06-30.
Ultimate Beastmaster first aired on 2017-12-15.
The first publication date of Last Round Arthurs was 2018-07-20.
Suspicion was first published on 1984-08-12.
Dragon Nest was first published on 2010-06-04.
The Journal of Applied Psychology is published monthly.
Pinball is published in Quarterly.
Rapid Communications in Mass Spectrometry is published biweekly.
Nova srpska politička misao has an image size of 300.
Porchetta is made with pork,rosemary,garlic, andpepper.
Meatball soup is made with Meatballs,Ground meat,rice,spices.
Sol over Gudhjem contains Rugbrød, smokedherring,chives,egg yolk.
Kari kapitan is made with Chicken.
Schiphol Airport railway station is handicapped accessible.
Devon Avenue is part of the name 6400 North.
Mandurah Road is part of National Route 1.
Lornoxicam has a kegg of D01866.
North Dakota House of Representatives will be elected on 2020-11-03.
Northamptonshire County Council was elected on 2017-05-04.
Monaghan County Council was elected on 2019-05-24.
Sahrawi National Council was elected on 2012-02-20.
Tomoyo After: It's a Wonderful Life was published on 2007-10-20.
Sorcerer Hunters was first published on 1996-08-25.
Amagi Brilliant Park was published on 2016-09-09.
Therapy Game was published on 2017-03-14.
Salem Falls has a library classification of PS3566.I372 S26 2001.
Riverton–Belvidere Bridge has a load limit of 50802.3.
Taoyaomen Bridge has a load limit of 2e+09.
Fletcher Covered Bridge has a load limit of 31751.5.
The Nagoya Port Drawbridge has a load limit of 4e+07.
The load limit of the Mac arthur Bridge is 2e+07.
Hertfordshire Militia has 1–3 Regiments.
Kazan Metro has 1 line.
Santa Clara Valley Transportation Authority has 70 lines.
Davenport Citibus has 13 lines.
Ningbo Rail Transit has 5 lines.
Yugo-Zapadnaya has 1 platform level.
Esquimalt station has 1 platform level.
Mesonisi railway station has 1 platform level.
Hillview MRT station has 1 platform level.
Księcia Janusza metro station has 2 tracks.
Home Hill railway station has 2 tracks.
Nervión has 2 tracks.
Lindevang Station has 2 tracks.
Girard station has 2 tracks.
Jed Madela discography 2010 1 sold 10000 copies.
List of best-selling albums by country 1994 3 sold 1000000.
Touched with Fire has an oclc number 85753373.
The Riddle of the Wren has an oclc number of 10900735.
The Indian Journal of Dermatology, Venereology and Leprology has an oclc of 02884822.
Carache Municipality was named Municipio Carache.
Heritage Crossing station is served by DART South Irving Go Link.
Kipling station is served by Bloor West.
Rosebank railway station is served by UCTJammie Shuttle.
Jurong Town Hall MRT station has parking information Yes.
Rasskazovka has a parking information of No.
Viking had 4 successful launches.
List of Delta 3 launches had 1 partial failed launch.
The Long March 2E had 1 successful launch.
Santa Fe Depot has 47644 passengers per year.
Minami-Hinaga Station has 690 passengers per year.
2014 Portugal legionellosis outbreak had 12 pendamic deaths.
Lady Day at Emerson's Bar and Grill was first performed on 1986-04-16.
Play Dead was first performed on 2010-11-10.
Trelawny of the 'Wells' was first performed on 1898-01-29.
Bottom Live: The Big Number Two Tour was first performed on 1995-11-06.
The Life of Rufus Dawes For the Term of His Natural Life 1 was first performed in 1886.
Circle Mirror Transformation was first performed in 2009.
Kanta was first performed in 1889.
Lille-Flandres station has 9 railway platforms.
Songjeong Park station has 2 railway platforms.
Titagarh railway station has 4 railway platforms.
The COVID-19 pandemic in Nunavut resulted in 670 recoverable cases.
The COVID-19 pandemic in Normandy resulted in 13743 recovery cases.
The COVID-19 pandemic in South Africa resulted in 2849558 cases.
National Route 9 leads to the East.
New Brunswick Route 7 leads South.
State Highway 62 starts in the East direction.
Apollo 12's satellite catalogue number is CSM: 4225.
Kosmos 2380 has a satellite catalogue number 26989.
On the Rocks: A Political Comedy takes place in The near future.
Sweat is set in Reading, Pennsylvania.
The 1952 United States presidential election in Louisiana was held on 1952-11-04.
The 2021 Estonian presidential election will be held on 2021-08-31.
2006 Sarawak state election was started on 2006-05-20.
Yenikapı Transfer Center Yenikapac 1 is an Underground station.
Beixinjing station is an Underground station.
A Very DNA Reunion is a play about DNAtechnology.
The COVID-19 pandemic in Haiti has 32304 suspected cases.
1924 Los Angeles pneumonic plague outbreak had 37 suspected cases.
ADCYAP1R1 is the Vasoactive intestinal peptide receptor symbol.
Chlorosome's symbol is Bac chlor c.
Kelch motif is symbolised by Kelch 5.
2017 Bauer Watertechnology Cup was played using Carpet.
Yenikapı Transfer Center Yenikapacı 1 has a visitor statistics of 2017.
Arc-et-Senans station has a visitor statistics of 2018.
Ernakulam Junction railway station has a visitor statistics of 2018.
Tlatelolco metro station has a visitors percentage change of -41.57.
Buckower Chaussee station was electrified in 0750.
Pasivedala railway station was electrified in 0025.
30th Street station was electrified in 0700.
Metro kent was electrified in 0001.
Censorinus has a depth of 400.0.
Cocheras has a depth of 12.0.
Titan has a depth of 141.5.
The Journal of Economic History has a jstor number 00220507.
The jstor number of Journal of Speculative Philosophy is 0891625X.
The Library of Congress Control Number for Professional Ethics is 93-660008.
Federal Law Review has a lccn of 77020319.
Barnase has a pdb of 1BRS.
The pdb of RAR-related orphan receptor is 1N83.
Journal of Historical Review has a peer reviewed score of 0.
Pendleton Heights High School is located in Madison County, Indiana.
Sharnbrook Academy is in Bedfordshire.
Canat Elementary School is in the Philippines.
Bishop Blanchet High School is located in King County, Washington.
Prendergast School is in London.
Kingsway Tunnel Kingsway Tunnel 1 ends in Merseyside.
The Discovery Bay Tunnel ends in Siu Ho Wan.
Tauern Railway Tunnel starts in Salzburg.
Jeddo Tunnel starts at Black Creek.
Saverne Tunnel starts in Eckartswiller.
Robertson Tunnel starts in Goose Hollow, Portland, Oregon.
Acura TSX 2010 1 sold 126 units.
BMW 5 Series 1999 1 sold 38218 units.
Phoemela Baranda was active in 1999–present.
Merignac internment camp was active from 17 November 1940 – 26 August 1944.
Casoli internment camp was active in 1940.
Maria Eriksson had her active years 2009-present.
Alcmaeon in Psophis is a character played by Young women.
Ajax is the chorus character in Sailors from salamis.
Philoctetes is a Greek sailors.
The Warsaw concentration camp was originally used for Gęsiówkaprison.
Szebnie concentration camp was originally used for Internment.
Mazibuko M1B has a range of 400.
Voyah Free has a range of 500.
BAZ-6909 has a range of 1000.
KZKT-7428 has a range of 1500.
Natzweiler-Struthof concentration camp Natzweil-Strutof 1 had mainly resistance fighters from occupied European nations.
The Monowitz concentration camp was used to kill Mainly jews.
Kaufering concentration camp complex was used to murder Mostly Jews.
Sušica camp was used to massacre Bosniaks.
Red Bridge was built using Rock.
Landwasser Viaduct was built using Limestone.
Jamestown Verrazzano Bridge was built using Concrete.
KET ED is a former broadcast network of Kentucky Channel.
NBC Montana was a former broadcast network of CBS.
Wayne Meylan was named to the 1967 College Football All-America Team.
Thomas Joseph Kelly is a member of the National Museum of Racing and Hall of Fame.
Robert H. Michel received the Purple Heart.
Joseph Beeston was awarded the Order of St Michael and St George.
Carlos Alberto dos Santos Cruz was awarded the Order of Aeronautical Merit.
Stagecoach Yorkshire is situated at Rotherham Interchange.
Stagecoach Yorkshire is situated at Meadowhall Interchange.
Telemark Bilruter is situated in Vrådal.
