Chiltern Firehouse serves cuisine from American cuisine.
 Hof van Cleve serves cuisine from French cuisine.
Lucy's Cafe serves cuisine from Italian cuisine.
Sushi of Gari serves cuisine from Japanese cuisine.
The MV American Integrity has a call sign of WDD2875.
MS Nordlys has a call sign of LHCW.
Pallada has a call sign UDUI.
Aquarius has the call sign ZGGD3.
The MV Hansa Brandenburg has the call sign A8ES9.
Irish Car Rentals has a logo of ICR-logo.jpg.
Bank of Mexico has a logo of Logobm.svg.
Numa F. Montet is an alumni of Northwestern State University.
Francis Scarpaleggia is an alumni of Concordia University.
Alan Bible is alumni of the Georgetown University Law Center.
Esther Armah works for Kwesi Armah.
Adam de Wodeham works for William of Ockham.
Charles Canivet works for Amédée Thierry.
Packed in a Trunk: The Lost Art of Edith Lake Wilkinson is composed by Danielle Ate the Sandwich.
Tales of Symphonia is composed by Motoi Sakuraba.
My Scientology Movie has music by Dan Jones.
The Commando was played by Leo Anchóriz.
Snowy Baker plays Sleeping Acres's actor, Snowy Baker.
Professor Dowell's Testament was written by Natalya Sayko.
Nicholas Tse is the actor of The Stool Pigeon.
Spot Blue International Property duns 736032835.
Co bank has 075770271 duns.
The Deutsche Presse-Agentur duns 316842400.
Robert Karabinchak is the image of Rob karabinchaks.
Salbutamol has legal status as a Prescription drug.
Bendroflumethiazide has a legal status of Prescription drug.
Insulin aspart has legal status as a Prescription drug.
Minuscule 850 was written in language of Ancient Greek.
Millicent Min, Girl Genius was born in the English language.
The Way of the Sufi is written in the English language.
Another Fine Myth is written in language of the English language.
Angiotensin-converting enzyme is involved in Kidney development.
MX1 is involved in the Innate immune system.
LYN is involved in biological process of Haematopoiesis.
LRRK2 is involved in biological process of Autophagy.
The 2011 Challenge Bell was a super event of the 2011 WTA Tour.
Billings Gazette is issn 2372-868X.
The Nelson Daily News is issn 0832-431X.
Zuerst! is issn 1869-5493.
La Croix is issn 0242-6056.
Vetus Latina is an example of work in the Bible.
The Tales from Shakespeare is about the Taming of the Shrew.
The Two Dogmas of Empiricism are about Logical positivism.
Best Shot in the West is about Children's literature.
Aditus to mastoid antrum is connected to the Tympanic cavity.
Renal pelvis is connected to Renal pelvic.
The Outer ear is connected to the Middle ear.
The Right atrium is connected to the Right ventricle.
A Christmas Carol is a work example of A Christmas Carol.
The Province of Catanzaro contains place of Martirano.
Kranenburg, North Rhine-Westphalia contains place of Frasselt.
Alto Mijares contains place of Fuentes de Ayódar.
The Department of Huancavelica contains place of Angaraes Province.
The Age of Entitlement is by artist Michael F. The Basics.
Sugarless is created by artist Swami Swami.
The Angle of Entry is by artist Michael Mutton.
Simba is contributor to James Baxter.
Ogura Hyakunin Isshu is a contributor to Ryōzen.
King Louie is a contributor of King Louie.
 Hiroshi Murakami is a contributor to Hiroshi's blog.
Ogura Hyakunin Isshu is a contributor to Inpumon'in no Tayū.
Last Wedding is a content location in Vancouver.
Canción de Juventud is located in Catalonia.
Count Arthur Strong was based in London.
Claudius Octavia was the parent of Claudius.
Testosterone sulfate is a member of the Testosterone sulfates category.
GNLY encodes bio chem entity Granulysin.
Phosphatidylethanolamine binding protein 1 encodes bio chemokine inhibitor protein 1.
CDKN2A encodes bio chem entity P16.
Abdominal pain is a sign or symptom of Crohn's disease. Abdominal Pain is a symptom of Abdomina.
Stereotypic movement disorder is a sign or symptom of Stereotypy.
The Plague is a sign or symptom of Shock.
Intracranial aneurysm is a sign or symptom of Confusion.
Joseph E. Meyer's Castle is located in Meyer's castle.
Michael Paul Britto's home location is New York City.
Kent Smetters is located in Philadelphia.
Lucius E. Burch Jr. was born in Collierville, Tennessee.
Dorit Schmiel was born in Pankow.
Torpoint Community College has telephone numbers of +44-1752-812511.
Knowl Hill School has telephone numbers of +44-1483-797032.
Quarrydale Academy has telephone numbers of =44-1623-554178.
Resolute Forest Products is a sub organization of Abitibi-Consolidated.
The Commonwealth of Nations is a sub organization of the Commonwealth War Graves Commission.
The Department of Canadian Heritage is a sub organization of Library and Archives Canada.
Bell Canada is a sub organization of Bell Canada.
East Central Railway zone is a sub organization of Dhanbad railway division.
Cytochrome p450 Aromatase is encoded by the Cytochrome P450 family 19 subfamily a member 1.
Alpha-amylase is encoded by bio chem entity AMY1C.
ST2 cardiac biomarker is encoded by bio chem entity IL1RL1.
The 2018 Tour of Norway was won by Sergey Lagutin.
Joseph Charles Walsh knows language.
Marisa Ferretti Barth knows language.
Empedocles knows language of Ancient Greek.
Maria Iovleva knows language.
Isaac Halstead Williamson knows language.
Acetylcholinesterase is located in subcellular location of Basal lamina.
Basigin is located in subcellular location of the Cell membrane.
Galactose-1-phosphate uridylyltransferase is located in subcellular location in Cytoplasm.
SOX1 is located in subcellular location of Cell nucleus.
Faking It is part of series Faking It.
The Fight Before Christmas was part of series of The Simpsons.
Star Trek: The Ascent is part of series Star Trek: Deep Space Nine.
M3U is encoded in the x-mpegurl encoding format.
The View of Bentheim Castle was created in Haarlem.
Teodelapio was created in Spoleto.
Landscape at Auvers in the Rain was created in Auvers-sur-Oise.
Still Life with Profile of Laval was created in Pont-Aven.
Moerkerke is contained in place by Damme.
The Division of Borden, Western Australia is contained in place of Division of O'Connor.
Lang Chánh District is contained in place in Thanh Hóa Province.
The Punta Prieta Airstrip is contained in place in Baja California.
Tony Maylam has occupation of Screenwriter.
Roy Wang has occupation of Singer-songwriter.
Franco Perinciolo has occupation of Football player.
All Things at Once isbn. 978-1-60286-111-4.
The Asterix and the Chieftain's Shield isbn 2-01210-143-7.
Team Batista no Eikō isbn is 978-4-7966-5079-3.
Some Prefer Nettles are published in isbn. ISBN 978-4-12-203556-0.
Asterix and the Goths isbn is 978-2-01210-135-7.
Hinaleimoana Wong-Kalu is of the gender of Māhū.
John the Orphanotrophos is the gender of Eunuch.
Invincible gender is Non-binary gender.
John Sartorius has two children. Francis Sartoros and Francis Sartsorius.
George Hearst has three children.
Jean-Baptiste Vuillaume owns Lauterbach Stradivarius.
Jacqueline Kennedy Onassis owns the Wedding dress of Jacqueline Bouvier.
Qaboos bin Said owns Al Said.
The Cobra Verde is based on the Viceroy of Ouidah.
The Book of Exodus character is Amalek.
Marius Petipa is the character of Marius Petica.
Black Hippy was founded in South Los Angeles.
Boøwy was founded in Takasaki.
The Camellia Factory was founded in Tokyo.
The Lone Signal was founded in New York City.
Crazy Lixx was founded in Malmö.
The Imperialism of Free Trade is pagination. 1-15.
 BRAF is expressed in the Stomach.
ISCU has molecular function of Plasma protein binding.
HLA-G has molecular function of Plasma protein binding.
GRIA1 has molecular function of Plasma protein binding.
Welcome to the Jungle was written by Slash.
Day by Day was written by Lina Sandell.
Norwegian Wood was written by lyricist Paul McSarney.
Hen with Sapphire Pendant is provider of House of Fabergé.
Mastermind is provider of Parker Brothers Mastermind.
The Metamorphosis was cited in 1Q84.
Send in Stewie, Please is part of season 2 of Family Guy.
Albatross was part of season 2 of Star Trek: The Animated Series.
Elegy for a Pig was part of season 12-12.
Irinotecan has a bio chem interaction with Nelfinavir.
Domperidone has a bio chem interaction with Clarithromycin.
Transposition of the great vessels of the Transposition of Great vessels is a medicine topic. 2548.
COVID-19 in Australia has 253 active cases.
COVID-19 pandemic in the Australian Capital Territory has 495 active cases.
Eluru outbreak has 0 active cases.
COVID-19 pandemic in Newfoundland and Labrador has 22 active cases.
The Swiss Personalized Health Network has a project budget of 6.8E7.
WACOM has a project budget of 380000.0.
The Innovative Medicines Initiative has a project budget of 2.0E9.
Candesartan has a bioavailability of 15.0.
Promethazine has a bioavailability of 88.0.
Saint Mary's University of Minnesota has a faculty size of 96.
British Quarterly Review was published in 1886.
Child Language Teaching and Therapy was published in the final publication year of 1985.
Goonyella railway line has a line length of 477000.0.
Chikuhi Line has a line length of 42600.0.
Blue line length is 24800.0.
The Tokyo Metro Marunouchi Line has a line length of 27400.0.
Husemersee has a maximum depth of 14.3.
Limassol Salt Lake has maximum depth of 1.0.
Kenas Lake has maximum depth of 188.5.
Dieksee has a maximum depth of 38.0.
Halbendorfer has a maximum depth of 26.0.
Littler Mendelson has a number of lawyers. 1500.
Taft Stettinius & Hollister has a number of lawyers.
Rose Law Firm has a number of lawyers.
Line 2 has a number of stations of 23.
Newark Light Rail has a number of stations.
The Shelbourne railway line has a number of stations.
Falcon 9 has unknown outcomes.
New Shepard has unknown outcomes.
Carnero Lake has an average depth of 1.8288.
Lake Musconetcong has an average depth of 1.524 metres.
Chaparral Lake has an average depth of 3.048 metres.
Shawano Lake has an average depth of 2.7432.
The Confederate cushions have complexity of 2.
Mămăligă is complexity 1.
Abdollah Nouri has an election majority of 448874.
Abolghasem Khazali has an election majority of 107311.
Mohammad Khoshchehreh has an election majority of 578674.
Ali Fallahian has an election majority of 386767.
Greg Bowen is an individualised gnd. 320322793.
PNP transistor has an individualised gnd of 4174948-0.
Karl Pommerhanz is an individualised gnd. 126961069.
 CPR Bridge has 7 piers in water.
Tees Newport Bridge has 2 piers in water.
Flehe Bridge has a number of piers in water.
METRORail has a total number of vehicles of 39.
Light Rail Transit has a total number of vehicles of 89.
Pamplona City Transport has 34 vehicles.
Iskandar Malaysia Bus Rapid Transit has 18 vehicles.
Booker T. Washington National Monument has a number of visitors as of 2012.
The Robert E. Lee Memorial has a number of visitors as of 2011.
Kolkata Metro has a voltage of electrification of 750.0.
The Prague Metro has a voltage of 750.0.
The Berlin U-Bahn has a voltage of electrification of 750.0.
Strained yogurt has approximate calories of 557000.0.
Pogača has approximate calories of 820613.0.
Diffused lighting camouflage is a project keyword for Active camouflage.
Probability distribution is based on the project keyword Statistics,Probable distribution.
Earth Bio genome Project start date is 2018-11-01.
Project Vista was started in 1951-04-01.
The Research Domain Criteria was published on 2010-01-28.
The Chevert expedition was started on 1875-05-18.
Ray Reardon was world champion title year 1978.
St. Thomas Aquinas High School has an ACT score of ACT.
The Persian blue connotation is Heaven.
The Nepenthes 'Vittata' is cultivated by Bruce Lee Bednar.
Emergency medicine is the focus of Acute.
Anesthesiology is the focus of Anesthesia.
TREAT-NMD is funded by the European Commission.
The Song dynasty has a gdp per capita of 26.5.
Oat milk has a glycemic index of 60.
The Outer Ring Road System is mapped on the Singapores Expressways.
Primary interatrial foramen is part of the Circulatory system.
Sex cords are part of the Sex cords organ system.
Project Vista was started in 1951-12-01.
INDECT has a project end date of 2014-06-30.
Whiteout is released in Japan.
The Oldsmobile Intrigue is based on the General Motors W platform.
General Motors Epsilon platform is used in the Cadillac XTS.
Drancy internment camp was occupied by Eduard Bloch.
Selma Engel-Wijnberg was a victim of the Westerbork transit camp.
Tristan Bernard was interned in Drancy internment camp.
The Foulridge Tunnel is a waterway through tunnel of the Leeds and Liverpool Canal.
The Riqueval Tunnel is a waterway through tunnel of Canal de Saint-Quentin.
Queen's Square, Sydney is an address in road Phillip Street.
Aberdeen Street is the address in road 1 of Aberdeen Street in Central, Hong Kong.
Gallivan Center is located in Salt Lake City.
Khatik Mohalla Street is located in road Shahpura, Bhilwara.
Souq Qabil has an address in Saudi Arabia.
Bethlehem High School is part of the Roman Catholic Church.
Legacy Christian Academy is Non-denominational.
The Jicarilla Mountains are the highest mountain in the Ancho Peak.
Croda da Lago is the highest of the Cima d'Ambrizzola.
Cang Mountain is the highest mountain in Malong.
Kalatungan Mountain Range is the highest mountain in the Kalatunan Mountain Range.
Christina Koch was selected for NASA Astronaut Group 21.
Yousra Matine is a sport country in Morocco.
Zhou Yuelong is from the sport country of China.
Hiriko is powered by Lithium-ion battery.
The Nissan Kicks P15 1 has a battery of 1.4 kWh.
Audi Q5 Second generation 80A 1 has Lithium-ion battery.
The Mercury Theatre, Colchester has a current production of Educating Rita.
The Apollo Theatre is the home of Magic Goes Wrong.
The Palace Theatre, London is the home of Harry Potter and the Cursed Child.
Fergus O'Brien Tenure 1 was taoiseach of Garret Fitz gerald.
Sir John Kothalawala College is in the age range of 6 to 6.
The Lao People's Armed Forces is in the age range of 18 to 18.
Andy Johnson is bbr. johnsan01.
Bob Hopkins Bob Hopkins 1 is bbr. hopkibo01.
Tom Workman is bbr. workmto01.
Stanley Brundy is the son of Stanley Brundst01.
JNARFA is published in the Journal of Nanoparticle Research.
CRFSBJ has Comprehensive Reviews in Food Science and Food Safety.
The Physical Review Focus is codenamed PRFHAQ.
The Byham Theater is currently used for the Performing arts center.
San Diego Civic Theatre is currently used for a performing arts venue.
Union Theatre is currently used for both Professional and amateur theatre.
Ed Sullivan Theater is currently used for the Ed Sullivan Television studio.
The Hotel Manger was demolished on 1983-05-15.
The Tiffany Theater was demolished on 2013-08-08.
San Mamés Stadium was demolished on 2013-06-06.
Milwaukee County Stadium was demolished on 2001-02-21.
Yankee Stadium was demolished on 2010-05-13.
The Environment and Behavior impact factor as of 2019 is 0.
Ideal TV was originally broadcast on 2009-07-20.
Radio Luxembourg's last air date was 1992-12-30.
Deutscher Fernsehfunk was first air date 1991-12-31.
Lurcy-Lévis has a maximum elevation of 283.0.
Macau, Gironde has a maximum elevation of 26.0.
Thil-sur-Arroux has a maximum elevation of 472.0.
John Odaate – Barnor is the military commandant of the Armed Forces Staff College.
Konstantin Avksentevsky was commander of the 6th Army.
Thomas Langford-Sainsbury was in military command of No. 48 Squadron.
Wilson Elser Moskowitz Edelman & Dicker has 38 offices.
The Fountain Court Chambers has a number of offices.
W Wragge & Co has a number of offices.
Harris Beach has a number of offices.
The Journal of Transport and Land Use is open access content.
Materials Today is open access content.
BioMed Research International has open access content.
Wuxi Metro has 223200 passengers per day.
Codiac Transpo has 5192 passengers per day.
Chester Hill railway station was used by Sydney Trains, NSW Train link.
Bois-Franc station was used by Exo.
INDECT has project budget funding of 1.0906984E7.
ETOX has project budget funding of 1.87E7.
PREDICT was funded by project budget funding of 2.0E8.
The Idaho and Washington Northern Railroad has a reporting mark of I&WN.
The Metropolitan Street Railway has a track length of 77000.0.
The Viramgam–Maliya Miyana section has track length of 142000.0.
Samarang–Joana Stoomtram Maatschappij has a track length of 417000.0.
The Bartlett and Albany Railroad has a track length of 16093.4.
The State Railways and Seaports Administration has a track length of 1.73e+06.
The gini coefficient of Ghana is 43.5.
Myanmar has a gini coefficient of 30.7.
Eswatini has a gini coefficient of 54.6.
Shea's Performing Arts Center was reopening date 1976-02-25.
Estadio Municipal Germán Becker was reopening date 2008-11-05.
Regal Cinema, Dublin was reopening date 1955-08-19.
Indiana Farmers Coliseum has a reopening date of 2014-04-24.
The Burton Cummings Theatre was reopening date 1945-11-03.
WFNY is a broadcast network of Fox News Radio.
WLTP is part of the Cleveland Cavaliers Radio Network.
KMSU is broadcast on AMPERS.
The Corinthia Hotel Budapest is part of Corinthia Hotels International.
The George Hotel, Reading is part of the Mercure chain.
Westin Seattle is part of the Westin Hotels & Resorts chain.
James Braid won the 1905 Open Championship.
Nancy Lopez won the 1978 LPGA Championship.
Nils Odqvist won the 1959 European Amateur Team Championship.
Francesca Fiorellini was the champion of the French International Lady Juniors Amateur Championship.
Kateřina Siniaková is the 2021 Mutua Madrid Open champion in double female.
Pam Shriver won the 1984 Wimbledon Championships.
Hazel Hotchkiss Wightman was the 1911 U.S. National Championships champion in double female.
The 1997 Grand Prix Hassan II was won by João Cunha e Silva.
Stefan Edberg won the 1987 US Open.
Pavić was the 2017 German Open champion in double male. Mate Pavić
Jeevan Nedunchezhiyan was the 2018 Nielsen Pro Tennis Championship champion in double male.
Françoise Dürr was the 1971 French Open champion in mixed double.
Cyril Suk won the 1991 French Open.
Sergio Casal was the 1986 US Open champion in mixed double.
Ai Sugiyama won the 1997 Japan Open Tennis Championships.
Zuzana Lešenarová won the 1999 NCAA Division I Women's Tennis Championships.
Cliff Richey was the 1969 Cincinnati Open champion in single male.
The 2012 President's Cup champion in single male was Evgeny Donskoy.
Roger Federer was the 2005 NASDAQ-100 Open champion in single male.
John McEnroe was the 1988 Suntory Japan Open Tennis Championships champion in single male.
Roger Federer was the 2010 Swiss Indoors champion in single male.
Loco-Motion is a computing platform for Tomy Tutor.
A Duel Hand Disaster: Trackher is a computing platform for Microsoft Windows.
Pirate Adventure uses the ZX Spectrum computing platform.
Keith Birdsong is the cover artist for Q-Squared.
The cover artist of Universe 11 is Roger Zimmerman.
Bob Silverman is the cover artist for Universe 3.
Richard Powers is the cover artist for The Treasury of Science Fiction Classics.
Carrot cake has variant Kirsch.
Rhino Horn bananas are hybrid with Musa acuminata.
Rosa 'Chicago Peace' is hybrid of the Rosa Sport.
Eunidia kristenseni is the kingdom of the Animal.
The Athleta boswellae kingdom is ruled by the Animal.
Sarcophaga carnaria is the kingdom of Animal.
Macellocerus is the kingdom of Macellocercus.
Electric Ireland has a location city of Dublin.
Henri Lloyd was born in Gothenburg.
Brandwatch Qriously is located in Brighton.
Limbic Software, Inc. 1 is based in San Jose, California.
Southeast Television is located in China.
The Himalaya TV is broadcast in Nepal.
Karey Kirkpatrick wrote Something Rotten!
The Sea Cabinet was written by Gwyneth Herbert.
The Tik-Tok Man of Oz was written by L. Frank Baum.
Harbanspura Interchange is connected to Lahore Ring Road.
Sandy Springs Junction is a meeting road of State Highway 65.
Si Kak Phraya Si is on the Fueang Nakhon Road.
Saphan Khwai is on the Pradiphat Road.
All I Have is a single music type.
Red Velvet is a music type of Single.
Pilots is composed of three music type.
Mi destino fue quererte.
Don't Ask Me is a music type of Single.
Shell Shock is a non fiction subject of Peri Brown.
Elves' Hill is written in Danish language.
Phaedra's Love is written in the original language of the English language.
Euriphene conjungens is a phylum of Arthropod.
Apicalia is a phylum of Mollusca.
Lasiopates is a phylum of Arthropod.
Manchester Council has one political party in legislature: Trafford Labour Party.
Oakland City Council is governed by the Democratic Party.
Kira Town has a politician named Ibrahim Ssemujju Nganda.
The Hedmark Political function 2 is performed by the Centre Party.
Pattusali is a population place in Tamil Nadu.
French Canadians are concentrated in a population place in Quebec.
Catalans have a population place of 2,000 in Italy.
Limassol has a population place of Limassol.
Ho-Chunk is a population place in Iowa.
Hurlyburly is the premiere place of the Goodman Theatre.
Wits Led by the Nose is the premiere place for Wits Led in London.
The Homecoming is in the premiere place of Aldwych Theatre.
WEGS is a Christian radio programme format.
KEUN-FM has a programme format of Swamp pop.
Project Vista was led by project coordinator William Alfred Fowler.
Esteve was a project participant of ETOX.
Virginia State Route 20 is a route end in the Virginia Wilderness, Virginia.
State Highway 246 is the route end of State Highway 246 in Mowad.
New Jersey Route 120 is routed through East Rutherford, New Jersey.
National Highway 44 is a route junction of National Highway 44.
Massachusetts Route 143 is a route start in Hinsdale, Massachusetts.
New York State Route 91 is a route start from Truxton, New York.
California State Route 175 is a route start in Hopland, California.
BR-210 has a route start of Pedra Branca do Amapari.
Mainz Hauptbahnhof is served by the West Rhine Railway.
Landquart railway station serves the Davos Laret railway line.
Bomen railway station is served by Main Southern railway line, New South Wales.
IWI ACE is used in war against the Mexican drug war.
The RPG-43 was used in war during The Troubles.
The 1916 1 was used in war during World War I.
RPO-A Shmel was used in war in Donbas.
Panzerhaubitze 2000 was used in war in Afghanistan.
WPHP is webcast on wphs.m3u.
Radio Veronica is a webcast of Radio Veronica.
Bankia has assets of 1.79098E11.
Unocal Corporation has assets of 1.3101E10.
HNA Technology HNA Technology has assets of 117.966.
CBZ Bank Limited has assets of 1.991E9.
Sanagu Station bicycle information is Available.
Kwasa Sentral MRT station has bicycle information. Not available.
Catlin Covered Bridge carries Pedestrian traffic.
The Jiangjiehe Bridge carries S205 provincial road.
Angle Vale Bridge carries Motor vehicles.
Stanley Ferry Aqueduct carries the Aire and Calder Navigation.
Lottie Moon House was built in 1831.
Fort San Lucian has a building end date of 1610–1611.
A.S.D. Fersina Perginese has a capacity of 2000.
AS Vacoas-Phoenix has a capacity of 6200.
Gostaresh Foulad F.C. has capacity of 12000.
The 2017 Batangas earthquakes killed 6 people.
The 2020 Oaxaca earthquake has 10 casualties.
Bicifadine is ch eMBL. 511099.
Blake Marler was classified as a Final, recurring.
Undibacterium pigrum has a colour name of lightgrey.
Pyotr Alexeyev' Resistance Movement has a colour name of Red.
The 1896 Gloucester smallpox epidemic was confirmed cases in 2000.
COVID-19 pandemic in Alberta has 335 confirmed cases.
Bor Dahegaon Dam has a description of Earthfill.
Kabeli B1 Hydropower Station is described in Gravity.
National Council is elected on 2020-12-15.
Niuatoputapu Airport has an elevation of 9.0.
Sauk City, Washington has an elevation of 71.9328.
Fort Jones, California has an elevation of 840.943.
Hermanos Ameijeiras Airport has an elevation of 100.0.
Dire Dawa Airport has an elevation of 1167.0.
Video Games Live has an end date of 2018-11-17.
South Ossetia Historical event 3 was held on 2008-08-26.
Central American Integration System Historical event 3 has an end date of 1960-12-13.
The Dengue pandemic in Sri Lanka is expected to reach a fatality rate of 2.5 deaths by 2020.
The 2018 Nipah virus outbreak in Kerala has a fatality rate of 89.
The 1929–1930 psittacosis pandemic had a fatality rate of 15.
The 2021 Nipah virus outbreak in Kerala has a fatality rate of 100.
Microsoft Swift key has a file size of 1.618e+08.
Crystal disk mark size is 4e+06.
Anki has a file size of 1.34e+08.
Vue scan size is 6e+06.
Wentworth was first air date 2020-07-28.
Vietnam Television was broadcast on 1970-09-07.
Project Runway Philippines was first air date 2009-08-12.
Degrassi: Next Class was first air date on 2017-06-30.
Ultimate Beastmaster was first air date for 2017-12-15.
Last Round Arthurs has a first publication date of 2018-07-20.
Suspicion was published on 1984-08-12.
Dragon Nest was published in 2010-06-04.
The Journal of Applied Psychology has a frequency of publication of 1.5 publications.
Pinball Pinball Quarterly has a frequency of publication of 1,000 Pinball Quarterly.
Rapid Communications in Mass Spectrometry is published in Biweekly.
Nova srpska politička misao is 300 pixels.
Porchetta has an ingredient name of pork,rosemary,garlic, andpepper.
Meatball soup is made with Meatballs,Ground meat,rice,spices.
Sol over Gudhjem has the ingredient name Rugbrød, smokedherring,chives,egg yolk.
Kari kapitan has an ingredient name of Chicken.
Schiphol Airport railway station is handicapped accessible.
Devon Avenue is part of name of 6400 North.
Mandurah Road is part of National Route 1.
Lornoxicam is a kegg of D01866.
The North Dakota House of Representatives was held on 2020-11-03.
Northamptonshire County Council was held on the last election date of 2017-05-04.
Monaghan County Council was held on 2019-05-24.
Sahrawi National Council was held on 2012-02-20.
Tomoyo After: It's a Wonderful Life was published in 2007-10-20.
The Sorcerer Hunters was published in 1996-08-25.
Amagi Brilliant Park was published on 2016-09-09.
Therapy Game has a publication date of 2017-03-14.
Salem Falls is PS3566.I372 S26 2001.
Riverton–Belvidere Bridge has a load limit of 50802.3.
Taoyaomen Bridge has a load limit of 2e+09.
The load limit for Fletcher Covered Bridge is 31751.5.
The Nagoya Port Drawbridge has a load limit of 4e+07.
Mac arthur Bridge has a load limit of 2e+07.
The Hertfordshire Militia has a military unit size of 1–3 Regiments.
The Kazan Metro has a number of lines 1.
The Santa Clara Valley Transportation Authority has 70 lines.
The number of lines in the Davenport Citibus is 13.
The Ningbo Rail Transit has a number of lines. 5.
Yugo-Zapadnaya has a number of platform levels.
Esquimalt station has a number of platform levels.
Mesonisi railway station has a number of platform levels.
Hillview MRT station has a number of platform levels of 1.
Księcia Janusza metro station has a number of tracks.
Home Hill railway station has a number of tracks.
Nervión has a number of tracks.
Lindevang Station has a number of tracks.
Girard station has a number of tracks.
Jed Madela discography 2010 1 sold 10000 discs.
The List of best-selling albums by country 1994 3 is 1000000.
Touched with Fire is 85753373.
The Riddle of the Wren is oclc 10900735.
The Indian Journal of Dermatology, Venereology and Leprology has a published oclc of 02884822.
Carache Municipality was originally called Municipio Carache.
The Heritage Crossing station is served by the DART South Irving Go Link.
Kipling station is served by Bloor West.
Rosebank railway station is served by the UCTJammie Shuttle.
Jurong Town Hall MRT station has parking information of Yes.
Rasskazovka has parking information No.
Viking has four partial failed launches.
Delta 3 launches have a partial failed launches.
Long March 2E has two partial failed launches.
Santa Fe Depot has 47644 passengers per year.
Minami-Hinaga Station has 690 passengers per year.
The 2014 Portugal legionellosis outbreak has 12 pendamic deaths.
Lady Day at Emerson's Bar and Grill was premiered on 1986-04-16.
Play Dead has a premiere date of 2010-11-10.
Trelawny of the 'Wells' was premiered on 1898-01-29.
Bottom Live: The Big Number Two Tour was premiered on 1995-11-06.
The Life of Rufus Dawes For the Term of His Natural Life 1 was premiered year 1886.
Circle Mirror Transformation premiered in 2009.
Kanta was premiered in 1889.
Lille-Flandres station has railway platforms of 9.
Songjeong Park station has two railway platforms.
Titagarh railway station has four railway platforms.
COVID-19 pandemic in Nunavut has recovered cases of 670
COVID-19 pandemic in Normandy was recovered in 13743.
COVID-19 pandemic in South Africa has recovery cases of 2849558.
National Route 9 is the route end direction of National Route 9 East.
New Brunswick Route 7 is the route end direction of New Brunswick Route South.
State Highway 62 is headed East.
Apollo 12 satcat CSM: 4225.
Kosmos 2380 satcat is 26989.
On the Rocks: A Political Comedy is set in the near future.
Sweat is set in Reading, Pennsylvania.
The 1952 United States presidential election in Louisiana was held on 1952-11-04.
The 2021 Estonian presidential election has a start date of 2021-08-31.
The 2006 Sarawak state election was held on 2006-05-20.
Yenikapı Transfer Center Yenikapakı 1 has a station structure of Underground.
Beixinjing station is part of the Underground.
DNAtechnology is a Very DNA Reunion.
COVID-19 pandemic in Haiti has 32 suspected cases.
The 1924 Los Angeles pneumonic plague outbreak was suspected cases of 37.
The Vasoactive intestinal peptide receptor is symbolized by ADCYAP1R1.
Chlorosome is symbolized by Bac chlor c.
Kelch 5 has a Kelch motif.
The 2017 Bauer Watertechnology Cup was played on a Carpet.
Yenikapı Transfer Center Yenikapac 1 has visitor statistics as of 2017.
Arc-et-Senans station has visitor statistics as of 2018.
 Ernakulam Junction railway station has visitor statistics as of 2018.
Tlatelolco metro station has a visitors percentage change of -41.57.
Buckower Chaussee station was electrified in 0750.
Pasivedala railway station was electrified in 0025.
30th Street station was electrified in 0700.
Metro kent has a year of electrification. 0001.
Censorinus has depth of 400.0.
Cocheras has a depth of 12.0.
The Titan depth is 141.5.
The Journal of Economic History is published by jstor.
The Journal of Speculative Philosophy is published by jstor.
Professional Ethics is defined by the Professional Ethics Lccn. 93-660008.
Federal Law Review is published by the Federal Law Review.
Barnase is a Barnase pdb.
RAR-related orphan receptor pdb is 1N83.
The Journal of Historical Review is peer reviewed.
Pendleton Heights High School is located in Madison County, Indiana.
Sharnbrook Academy is in Bedfordshire.
Canat Elementary School is in the Philippines.
Bishop Blanchet High School is located in King County, Washington.
Prendergast School is in London.
Kingsway Tunnel Kingsway Tunnel 1 is located in Merseyside.
The Discovery Bay Tunnel is located in Siu Ho Wan.
The Tauern Railway Tunnel is located in Salzburg.
Jeddo Tunnel is located in Jeddo Tunnel.
The Saverne Tunnel is located in Eckartswiller.
Robertson Tunnel is located in Goose Hollow, Portland, Oregon.
Acura TSX 2010 1 sales were 126.
BMW 5 Series 1999 1 has 38218 sales.
Phoemela Baranda was active in 1999–present.
Merignac internment camp was active years of the German internment camps from 17 November 1940 – 26 August 1944.
Casoli internment camp was active years from 1940.
Maria Eriksson was active years 2009-present.
Alcmaeon in Psophis is a chorus character in play. Young women are played by Alcmaeon.
Ajax is a chorus character in play by Sailors from salamis.
Philoctetes is a chorus character in play by Greek sailors.
The Warsaw concentration camp was originally used for Gęsiówkaprison.
The Szebnie concentration camp was originally used for the Internment of Internment.
The Mazibuko M1B has a range of 400.
The Voyah Free range is 500.
The BAZ-6909 has a range of 1000.
KZKT-7428 has a range of 1500.
Natzweiler-Struthof concentration camp Natzweil-Strutof 1 was occupied by resistance fighters from occupied European nations.
Monowitz concentration camp was used by Mainly jews.
The Kaufering concentration camp complex was used by mostly Jews.
Sušica camp was occupied by Bosniaks.
Red Bridge was constructed using Red Bridge construction material.
Landwasser Viaduct was built using Limestone.
Jamestown Verrazzano Bridge was built using Concrete.
KET ED was broadcast on Kentucky Channel ED.
NBC Montana was a former broadcast network of CBS.
Wayne Meylan was named to the 1967 College Football All-America Team.
Thomas Joseph Kelly was inducted into the National Museum of Racing and Hall of Fame.
Robert H. Michel was awarded the Purple Heart.
Joseph Beeston was awarded the Order of St Michael and St George.
Carlos Alberto dos Santos Cruz was awarded the Order of Aeronautical Merit.
Stagecoach Yorkshire is an important station of Stagecoach Rotherham Interchange.
Stagecoach Yorkshire is an important station of Meadowhall Interchange.
Telemark Bilruter is an important station in Vrådal.
