Chiltern Firehouse serves cuisine from American cuisine.
 Hof van Cleve is a French cuisine.
Lucy's Cafe serves cuisine from Italian cuisine.
The Sushi of Gari serves cuisine from Japanese cuisine.
The MV American Integrity is called WDD2875.
MS Nordlys is a call sign for MS Nordlys.
Pallada is a call sign of UDUI.
Aquarius is the call sign of ZGGD3.
The MV Hansa Brandenburg was originally called A8ES9.
Irish Car Rentals is based on the ICR-logo.jpg.
Bank of Mexico logo is Logobm.svg.
Numa F. Montet is an alumni of Northwestern State University.
Francis Scarpaleggia is an alumni of Concordia University.
Alan Bible was one of the alumni of the Georgetown University Law Center.
Esther Armah works for Kwesi Armah.
Adam de Wodeham works for William of Ockham.
Charles Canivet works for Amédée Thierry.
Packed in a Trunk: The Lost Art of Edith Lake Wilkinson.
Tales of Symphonia is composed by Motoi Sakuraba.
My Scientology Movie is composed by Dan Jones.
The Commando was created by actor Leo Anchóriz.
Snowy Baker is an actor from Sleeping Acres.
Professor Dowell's Testament was written by actor Natalya Sayko.
Nicholas Tse is the Stool Pigeon actor. Nicholas Tse
Spot Blue International Property is located in the Blue International property. 736032835.
Co bank is 075770271.
The Deutsche Presse-Agentur duns 316842400.
Robert Karabinchak.jpg.
Salbutamol is a Prescription drug.
Bendroflumethiazide is a Prescription drug.
Insulin aspartic drug has legal status as Prescription drug.
Minuscule 850 was written in language of Ancient Greek.
Millicent Min, Girl Genius in language.
The Way of the Sufi is written in the English language.
Another Fine Myth is in language.
Angiotensin-converting enzyme is involved in biological process of Kidney development.
MX1 is involved in biological process of Innate immune system.
LYN is involved in biological process Haematopoiesis.
LRRK2 is involved in biological process of Autophagy.
The 2011 Challenge Bell was a super event.
Billings Gazette was issn 2372-868X.
The Nelson Daily News is issn. 0832-431X.
Zuerst! is issn. 1869-5493.
La Croix is issn. 0242-6056.
Vetus Latina is an example of work from the Bible.
The Taming of the Shrew is about the Taming.
The Two Dogmas of Empiricism.
The Best Shot in the West is about Children's literature.
Aditus to mastoid antrum is connected to the Tympanic cavity.
Renal pelvis is connected to Renal pelv.
The Outer ear connected to the Middle ear.
The Right atrium is connected to the Right ventricle.
A Christmas Carol is a Klingon Christmas Carol.
The Province of Catanzaro contains place of Martirano.
Kranenburg, North Rhine-Westphalia is contains place Frasselt.
Al Alto Mijares contains place of Fuentes de Ayódar.
The Department of Huancavelica is located in Angaraes Province.
The Age of Entitlement is by artist. The Basics.
Sugarless is by artist Swami Swami.
The Angle of Entry is by artist. The Mutton Birds.
Simba is contributor to Simba contributor James Baxter.
Ogura Hyakunin Isshu is a contributor to Ryōzen.
King Louie is a contributor to King Louie.
Ginkai is contributor to Hiroshi Murakami.
Ogura Hyakunin Isshu is a contributor to Inpumon'in no Tayū.
Last Wedding was filmed in Vancouver.
Canción de Juventud is a content location in Catalonia.
Count Arthur Strong was based in London.
Claudius Octavia was the parent of Claudius.
Testosterone sulfate is a component of the Testosterone sulfates.
GNLY is encodes bio chem entity GNulysin.
Phosphatidylethanolamine binding protein 1 is encodes bio chemokine inhibitor protein 1.
CDKN2A encodes bio chem entity P16.
Crohn's disease is a sign or symptom of Abdominal pain.
Stereotypic movement disorder is a Stereotypy.
The Plague is a sign or symptom of Shock.
Intracranial aneurysm is a sign or symptom of Confusion.
Joseph E. Meyer's Castle was built in Meyer's castle.
Michael Paul Britto is based in New York City.
Kent Smetters was based in Philadelphia.
 Lucius E. Burch Jr. was born in Collierville, Tennessee.
Dorit Schmiel was born in Pankow.
Torpoint Community College is telephone:+44-1752-812511.
Knowl Hill School is telephone number:+44-1483-797032.
Quarrydale Academy is telephone number =+44-1623-554178.
Resolute Forest Products is a sub organization of Abitibi-Consolidated.
The Commonwealth of Nations is a sub organization of the Commonwealth War Graves Commission.
The Department of Canadian Heritage is a sub organization of Library and Archives Canada.
Bell Canada is a sub organization of Bell Canada.
East Central Railway zone is a sub organization of Dhanbad railway division.
Cytochrome p450 family 19 subfamily is encoded by the Cytochrome P450 family.
Alpha-amylase is encoded by bio chem entity AMY1C.
St2 cardiac biomarker is encoded by bio chem entity.
The 2018 Tour of Norway was won by Sergey Lagutin.
Joseph Charles Walsh knows language.
Marisa Ferretti Barth knows language.
Empedocles knows language. Ancient Greek.
Maria Iovleva is fluent in Russian language.
Isaac Halstead Williamson knows language.
Acetylcholinesterase is located in subcellular location in Basal lamina.
Basigin is located in subcellular location of the Cell membrane.
Galactose-1-phosphate uridylyltransferase is located in subcellular location in Cytoplasm.
SOX1 is located in subcellular location of the Cell nucleus.
Faking It is part of series Faking It.
The Fight Before Christmas was part of series The Simpsons.
Star Trek: Deep Space Nine is part of series. Star Trek:Deep Space Nine.
M3U is encoding format M3U.
View of Bentheim Castle is from Haarlem.
Teodelapio was created by Spoleto.
The Landscape at Auvers in the Rain was created by Auvers-sur-Oise.
Still Life with Profile of Laval was created in Pont-Aven.
Moerkerke is contained in place by Damme.
The Division of Borden, Western Australia was contained in place in Division of O'Connor.
Lang Chánh District is contained in place. Thanh Hóa Province.
Punta Prieta Airstrip is contained in place in Baja California.
Tony Maylam has occupation as Screenwriter.
Roy Wang has occupation as Singer-songwriter.
Franco Perinciolo has occupation as a Football player.
All Things at Once isbn. 978-1-60286-111-4
 Asterix and the Chieftain's Shield isbn. 2-01210-143-7
Team Batista no Eikō isbn isbn. 978-4-7966-5079-3
Some Prefer Nettles isbn. 978-4-12-203556-0
 Asterix and the Goths isbn. isbn is 978-2-01210-135-7
Hinaleimoana Wong-Kalu is the gender of Māhū.
John the Orphanotrophos is the gender of Eunuch.
Invincible is Non-binary gender.
John Sartorius was the father of the Sartoros children.
George Hearst was the eldest of the children of William Randolph Hearst.
Jean-Baptiste Vuillaume is the owner of the Lauterbach Stradivarius.
Jacqueline Kennedy Onassis owns the Wedding dress of Jacqueline Bouvier.
Qaboos bin Said owns Al Said.
The Cobra Verde is based on the Viceroy of Ouidah.
The Book of Exodus is written by Amalek.
Marius Petipa is the character of Marius Petipsa.
Black Hippy was founded in South Los Angeles.
Boøwy was founded in Takasaki.
The Camellia Factory was founded in Tokyo.
 Lone Signal was founded in New York City.
Crazy Lixx was founded in Malmö.
The Imperialism of Free Trade is pagination. 1-15.
 BRAF is expressed in the Stomach.
ISCU is has molecular function of Plasma protein binding.
HLA-G is a Plasma protein binding protein.
GRIA1 is a Plasma protein binding protein.
Welcome to the Jungle lyricist Slash Slash
Day by Day was lyricist Lina Sandell.
Norwegian Wood is written by lyricist Paul McPherney.
Hen with Sapphire Pendant is provider of House of Fabergé.
Mastermind is provider of Mastermind.
The Metamorphosis citation was cited in The Metamorphos.
Send in Stewie, Please is part of season three of Family Guy.
Albatross was part of season one of Star Trek: The Animated Series.
Elegy for a Pig was part of season 12-12.
Irinotecan is a bio chem interaction with Nelfinavir.
Domperidone is a bio chem interaction with Clarithromycin.
Transposition of the great vessels was discussed in the Transposition of Medicine topic 2548.
COVID-19 in Australia has 253 active cases.
COVID-19 pandemic in the Australian Capital Territory. active cases were 495.
Eluru outbreak has active cases.
COVID-19 pandemic in Newfoundland and Labrador was active cases.
The Swiss Personalized Health Network was funded by the Swiss Personalization Health Network.
WACOM was funded by 380000.0.
The Innovative Medicines Initiative was funded by the InnovativeMedicines Initiative. 2.0E9.
Candesartan has a bioavailability of 15.0.0
Promethazine has a bioavailability of 88.0.
Saint Mary's University of Minnesota has a faculty size of 96.
British Quarterly Review was published in 1886.
Child Language Teaching and Therapy was published in the final publication year.
Goonyella railway line is 477000.0.
Chikuhi Line is 42600.0.
Blue line length 24800.0.0 is 24800,800.
The Tokyo Metro Marunouchi Line is line length 27400.0.
Husemersee is maximum depth 14.3.
Limassol Salt Lake is at maximum depth of 1.0.
Kenas Lake has maximum depth of 188.5.
Dieksee is maximum depth 38.0.
Halbendorfer is 26.0.
Littler Mendelson was the number of lawyers in the 1500.
Taft Stettinius & Hollister is the number of lawyers in the United Kingdom.
Rose Law Firm has a number of lawyers. 34.
Line 2 has a number of stations.
Newark Light Rail has a number of stations.
The Shelbourne railway line has a number of stations. 2
Falcon 9 has unknown outcomes.
New Shepard has unknown outcomes.
Carnero Lake has an average depth of 1.8288.
Lake Musconetcong is at an average depth of 1.524.
Chaparral Lake has an average depth of 3.048.
Shawano Lake has an average depth of 2.7432.
The Confederate cushions are complexity 2.
Mămăligă is complexity. 1.
Abdollah Nouri won an election majority of 448874.
Abolghasem Khazali was elected in election majority 107311.
Mohammad Khoshchehreh was elected in the election majority. 578674.
Ali Fallahian was elected in the election majority 386767.
Greg Bowen is an individualised gnd. 320322793.
PNP transistor is an individualised gnd. 4174948-0.
Karl Pommerhanz is an individualised gnd. 126961069.
 CPR Bridge is 7. CPR Bridge has 7.
Tees Newport Bridge is 2.
Flehe Bridge is the number of piers in water.
METRORail has a total number of vehicles. 39
Light Rail Transit has a total number of vehicles. 89.
Pamplona City Transport has 34 vehicles.
Iskandar Malaysia Bus Rapid Transit is a number of vehicles. 18.
Book Booker T. Washington National Monument has a number of visitors as of 2012.
The Arlington House, The Robert E. Lee Memorial was visited by a number of visitors as of 2011.
Kolkata Metro has a voltage of electrification of 750.0.
The Prague Metro has a voltage of electrification of 750.0.
The Berlin U-Bahn is electrified by 750.0.
Strained yogurt is estimated to have approximate calories of 557000.0.
Pogača is estimated calories from the Pogačas.0.
Diffused lighting camouflage is a project keyword. Active camouflage is the project keyword for Active camouflage.
Probability distribution is derived from the project keyword.Probable distribution.
Earth Bio genome Project is scheduled to start in 2018-11-01.
Project Vista was started in 1951. Project Vista was finished in 1951-04-01.
The Research Domain Criteria was published on 2010-01-28.
Chevert expedition was started on 1875-05-18.
Ray Reardon was world champion title year 1978.
St. Thomas Aquinas High School was rated by ACT.
The Persian blue blue connotation is Heaven.
The Nepenthes 'Vittata' was cultivated by Bruce Lee Bednar.
Emergency medicine is focus focus.
Anesthesiology is focus of Anesthesia.
 TREAT-NMD was funded by the European Commission.
Song dynasty gdp per capita was 26.5.
Oat milk has a glycemic index of 60.
The Outer Ring Road System is mapped on the Singapores Expressways.
Primary interatrial foramen is the Circulatory system.
Sex cords are part of the Reproductive system.
Project Vista was completed in 1951-12-01.
INDECT was completed in 2014-06-30.
Whiteout is released from Whiteout release location in Japan.
The General Motors W platform was used in the Oldsmobile Intrigue.
General Motors Epsilon platform is used in the Cadillac XTS.
Drancy internment camp was occupied by Eduard Bloch.
Selma Engel-Wijnberg was a victim of Selma Engel's transit camp.
Drancy internment camp was occupied by Tristan Bernard.
The Foulridge Tunnel is a waterway through tunnel of the Leeds and Liverpool Canal.
The Riqueval Tunnel is a waterway through tunnel of Canal de Saint-Quentin.
Queen's Square, Sydney is an address in road Phillip Street, Sydney.
 Aberdeen Street is the address in road 1. Aberdeen Street, Central, Hong Kong.
Gallivan Center is located at the Gallivan Center in Salt Lake City.
Khatik Mohalla Street is located in road Shahpura, Bhilwara.
 Souq Qabil is located in Saudi Arabia.
Bethlehem High School is part of the Bethlehem Catholic Church.
Legacy Christian Academy is Non-denominational.
The Jicarilla Mountains are the highest peak in the Ancho Peak.
Croda da Lago is the highest Cima d'Ambrizzola.
Cang Mountain is the highest mountain in Malong.
Kalatungan Mountain Range is the highest mountain in the Kalatunan Mountain Range.
Christina Koch was selected by NASA Astronaut Group 21.
Yousra Matine is a sport country in Morocco.
Zhou Yuelong is from the sport country of China.
Hiriko is powered by Lithium-ion battery.
Nissan Kicks P15 1.0 is powered by a Panasonic.
Audi Q5 Second generation 80A 1 battery is Lithium-ion battery.
The Mercury Theatre, Colchester is producing Educating Rita.
The Apollo Theatre is currently producing Magic Goes Wrong.
The Palace Theatre, London is the home of the current production of Harry Potter and the Cursed Child.
Fergus O'Brien Tenure 1 was taoiseach of Garret Fitz gerald.
Sir John Kothalawala College is in the age range of 6 to 6.
Lao People's Armed Forces is in the age range of 18 to 18.
Andy Johnson is bbr. johnsan01.
Bob Hopkins Bob Hopkins 1.
Tom Workman is bbr. workmto01.
Stanley Brundy is a Brundst01.
JNARFA is published in the Journal of Nanoparticle Research.
CRFSBJ is a Comprehensive Reviews in Food Science and Food Safety.
The Physical Review Focus Focus is codenamed PRFHAQ.
Byham Theater is currently used for the Performing arts center.
San Diego Civic Theatre is currently used for performing arts.
Union Theatre is currently used for both Professional and amateur theatre.
Ed Sullivan Theater is currently used for the Ed Sullivan Television studio.
The Hotel Manger was demolished on 1983-05-15.
The Tiffany Theater was demolished on 2013-08-08.
San Mamés Stadium was demolished on 2013-06-06.
Milwaukee County Stadium was demolished on 2001-02-21.
Yankee Stadium was demolished on 2010-05-13.
The Environment and Behavior of the Environment and behavior of the Behavior of Environment and the Behavior is a 2019.
The Ideal TV was first aired on 2009-07-20.
Radio Luxembourg was broadcast on Radio Luxembourg on 1992-12-30.
Deutscher Fernsehfunk was first air date. 1991-12-31.
Lévis is at maximum elevation 283.0.
Macau, Gironde is the maximum elevation of the Gironde.
Thil-sur-Arroux is 472.0.
John Odaate – Barnor was the military commandant of the Armed Forces Staff College.
Konstantin Avksentevsky was commander of the 6th Army.
Thomas Langford-Sainsbury was a military commandant of No. 48 Squadron.
Wilson Elser Moskowitz Edelman & Dicker was the number of offices in the city.
The Fountain Court Chambers have a number of offices. 2
Wragge & Co. has a number of offices. 8
Harris Beach has a number of offices.
The Journal of Transport and Land Use is open access content.
Materials Today is open access content.
BioMed Research International is open access content.
Wuxi Metro has 223200 passengers per day.
Codiac Transpo carries 5192 passengers per day.
Chester Hill railway station was used by Sydney Trains.
Bois-Franc station was used by Exo.
INDECT was funded by project budget funding. 1.0906984E7.
ETOX was funded by project budget funding. 1.87E7.
PREDICT was funded by project budget funding 2.0E8.
The Idaho and Washington Northern Railroad is reporting mark I&WN.
The Metropolitan Street Railway was built in 1977000.0.
The Viramgam–Maliya Miyana section was completed in 142000.0.
Samang–Joana Stoomtram Maatschappij is track length 417000.0.
The Bartlett and Albany Railroad was built in 16093.4.
The State Railways and Seaports Administration is responsible for track length.
The gini coefficient is 43.5.
The Myanmar gini coefficient is 30.7.
Eswatini coefficient is 54.6.6
 Shea's Performing Arts Center was reopening date 1976-02-25.
Estadio Municipal Germán Becker was reopening date 2008-11-05.
Regal Cinema, Dublin was reopening date 1955-08-19.
Indiana Farmers Coliseum was reopening date was 2014-04-24.
The Burton Cummings Theatre was reopening date 1945-11-03.
WFNY is a broadcast network of Fox News Radio.
WLTP is a broadcast network of Cleveland Cavaliers Radio Network.
KMSU is broadcast network by AMPERS.
The Corinthia Hotel Budapest is part of Corinthia Hotels International.
The George Hotel, Reading is part of the Mercure chain.
Westin Seattle is a chain of hotels and resorts.
James Braid won the 1905 Open Championship.
The 1978 LPGA Championship was won by Nancy Lopez.
Nils Odqvist won the 1959 European Amateur Team Championship.
Francesca Fiorellini was the French International Lady Juniors Amateur Championship champion.
The 2021 Mutua Madrid Open was won by Kateřina Siniaková.
Pam Shriver was the 1984 Wimbledon Championships champion in double female. Pam Shriver
Hazel Hotchkiss Wightman was the 1911 U.S. National Championships champion in double female.
The 1997 Grand Prix Hassan II was won by João Cunha e Silva.
Stefan Edberg won the 1987 US Open. Stefan Edberg was the defending champion in double male.
Pavić was the 2017 German Open champion in double male. Mate Pavić
Jeevan Nedunchezhiyan was the 2018 Nielsen Pro Tennis Championship champion in double male.
Franoise Dürr was the 1971 French Open champion in mixed double.
The 1991 French Open was won by Cyril Suk.
The 1986 US Open was won by Sergio Casal.
Ai Sugiyama won the 1997 Japan Open Tennis Championships.
Zuzana Lešenarová won the 1999 NCAA Division I Women's Tennis Championships.
Cliff Richey was the 1969 Cincinnati Open champion in single male. Cliff Richeys
The 2012 President's Cup was won by Evgeny Donskoy.
Roger Federer was the 2005 NASDAQ-100 Open champion in single male. Roger Federer
John Mc enroe won the 1988 Suntory Japan Open Tennis Championships.
Roger Federer was the 2010 Swiss Indoors champion in single male. Roger Federer
Loco-Motion is a computing platform that was developed by Tomy Tutor.
Trackher is a computing platform for Microsoft Windows.
Pirate Adventure was built on the ZX Spectrum.
Q-Squared was designed by Keith Birdsong.
The Universe 11 cover artist was Roger Zimmerman.
 Universe 3 was created by Bob Silverman.
Richard Powers is the cover artist of Science Fiction Classics.
Carrot cake has variant Kirsch.
Musa acuminata is a hybrid hybrid.
Rosa 'Chicago Peace' is a hybrid hybrid.
Eunidia kristenseni is the kingdom of the Animal.
The Athleta boswellae is a kingdom of the Animal.
Sarcophaga carnaria is the kingdom of the Animal.
Macellocerus is the kingdom of the Animal.
Electric Ireland is located in Dublin.
Henri Lloyd was born in Gothenburg.
Brandwatch Qriously is based in Brighton.
Limbic Software, Inc. 1 is based in the location city of San Jose, California.
The Southeast Television is located in China.
The Himalaya TV was broadcast in Nepal.
Something Rotten! is written by Karey Kirkpatrick.
The Sea Cabinet is written by Gwyneth Herbert.
The Tik-Tok Man of Oz is written by L. Frank Baum.
Harbanspura Interchange is connected to Lahore Ring Road.
Colorado Springs Junction meeting road is State Highway 65.
Si Kak Phraya Si is a meeting road.
The Saphan Khwai meeting road is located on Pradiphat Road.
All I Have is music type.
Red Velvet is a music type of single.
Pilots is composed by Pilots.
Mi destino fue quererte.
Don't Ask Me is a single music type.
Shell Shock is a non fiction subject. Peri Brown
The Elves' Hill was originally written in Danish language.
Phaedra's Love language is an original language.
Euriphene conjungens is a phylum of Arthropod.
Apicalia is a phylum of Mollusca.
Lasiopates is a phylum of Arthropod.
Manchester Council was the political party in legislature of Trafford Council. Labour Party.
Oakland City Council is a political party of leader of the Democratic Party.
Kira Town is run by politician Ibrahim Ssemujju Nganda.
 Hedmark Political function 2. Hedmark is a politician from the Centre Party.
Pattusali is a population place in Tamil Nadu.
French Canadians in the population place is located in Quebec.
Catalans are a population place in Italy.
Limassol was a population place in Limassol.
Ho-Chunk is a population place in Iowa.
Hurlyburly is the premiere place of the Goodman Theatre.
Wits Led by the Nose is the premiere place in London.
The Homecoming is the premiere place for Aldwych Theatre.
WEGS is a Christian radio format.
KEUN-FM is a programme format format.
Project Vista Vista was led by project coordinator William Alfred Fowler.
ETOX was started by project participant Esteve Esteves.
Virginia State Route 20 is a route end in the Wilderness, Virginia.
State Highway 246 is the route end of Mowad.
New Jersey Route 120 is a route junction between East Rutherford and East Rutherford, New Jersey.
National Highway 44 is a route junction between Dindigul and Dindindiguli.
Massachusetts Route 143 is a route start from Hinsdale, Massachusetts.
New York State Route 91 is a route start from Truxton, New York.
California State Route 175 is a route start from Hopland, California.
BR-210 is the route start of Pedra Branca do Amapari.
Mainz Hauptbahnhof is served by the West Rhine Railway.
Davos Laret railway station is served by the Landquart–Davous Platz railway line.
Bomen railway station is located on the Main Southern railway line, New South Wales.
IWI ACE is used in war against drug cartels.
The RPG-43 was used in war during The Troubles.
The 1916 1 was used in war. World War I.
RPO-A Shmel was used in war in Donbas.
Panzerhaubitze 2000 was used in war in Afghanistan.
WPHP is webcast.m3u.
Veronica Radio Veronica is webcast.
Bankia has assets of 1.79098E11.
Unocal Corporation has assets of 1.3101E10.
HNA Technology HNA Technology 1.0 assets is 117.966.
CBZ Bank Limited has assets of 1.991E9.
Sanagu Station is available.
Kwasa Sentral MRT station is not available.
Catlin Covered Bridge carries Pedestrian traffic.
The Jiangjiehe Bridge carries S205 provincial road.
Angle Vale Bridge carries motor vehicles.
Stanley Ferry Aqueduct carries the Aire and Calder Navigation.
Lottie Moon House was built in 1831.
Fort San Lucian was built in 1610–1611.
A.S.D. Fersina Perginese was built in 2000.
AS Vacoas-Phoenix is capacity 6200.
Gostaresh Foulad F.C. has capacity of 12000.
Batangas earthquakes killed 6.
The 2020 Oaxaca earthquake was caused by a magnitude 10.
Bicifadine is a bicifadinine. 511099.
Blake Marler was classified as a Final, recurring.
Undibacterium pigrum is a colour name for lightgrey.
Pyotr Alexeyev' Resistance Movement is colour name of the Resistance Movement.
The 1896 Gloucester smallpox epidemic was confirmed cases in 2000.
COVID-19 pandemic in Alberta was confirmed cases of 335247.
Bor Dahegaon Dam is located in Earthfill.
Kabeli B1 Hydropower Station is described by Gravity.
National Council is election date leader. 2020-12-15.
Niuatoputapu Airport is elevation 9.0.
Sauk City, Washington is at 71.9328.
Fort Jones, California is elevation 840.943.
The Hermanos Ameijeiras Airport elevation is 100.0.
Dawa Airport is elevation 1167.0.
The Video Games Live Live end date was 2018-11-17.
South Ossetia Historical event 3 was held on 2008-08-26.
Central American Integration System Historical event 3 was held on 1960-12-13.
The Dengue pandemic in Sri Lanka is expected to reach a fatality rate of around 70% by 2020.
The 2018 Nipah virus outbreak in Kerala was reported to have a fatality rate of 89.
The 1929–1930 psittacosis pandemic was the highest fatality rate in the world.
The 2021 Nipah virus outbreak in Kerala was 100.
The Microsoft Swift key is 1.618e+08.
Crystal disk mark is 4e+06.
Anki is a file size of 1.34e+08.
Vue scan size 6e+06.
Wentworth was first air date on 2020-07-28.
The Vietnam Television Television was first air date was 1970-09-07.
Project Runway Philippines was first air date. 2009-08-12.
Degrassi: Next Class was first air date. 2017-06-30.
Ultimate Beastmaster was first air date. 2017-12-15.
Last Round Arthurs was published by Last Round Ararthurs. The publication date was 2018-07-20.
Suspicion was published on 1984-08-12.
Dragon Nest was first publication date was 2010-06-04.
The Journal of Applied Psychology is published in the Journal of the Applied Psychology.
Pinball Pinball Quarterly is the frequency of publication of Pinball Quarterly.
Rapid Communications in Mass Spectrometry is published biweekly.
Nova srpska politička misao is image size 300.
Porchetta is made with the ingredient name of pork,rosemary,garlic, andpepper.
Meatball soup is made with Meatballs,Ground meat,rice,spices.
Sol over Gudhjem is derived from the ingredient name Rugbrød, smokedherring,chives,egg yolk.
Kari kapitan is the ingredient name of Chicken.
Schiphol Airport railway station is handicapped accessible. 1.
Devon Avenue is part of name of 6400 North.
Mandurah Road is part of National Route 1.
Lornoxicam is a kegg. D01866.
The North Dakota House of Representatives was held on 2020-11-03.
Northamptonshire County Council was held on the last election date. 2017-05-04.
Monaghan County Council was held on 2019-05-24.
Sahrawi National Council was held on 2012-02-20.
Tomoyo After: It's a Wonderful Life was published in 2007-10-20.
The Sorcerer Hunters was published in 1996-08-25.
Amagi Brilliant Park was published in 2016-09-09.
Therapy Game is published by Therapy Game. The last publication date was 2017-03-14.
The Salem Falls lcc was PS3566.I372 S26 2001.
Riverton–Belvidere Bridge load limit was 50802.3.
Taoyaomen Bridge is 2e+09.
The Fletcher Covered Bridge has a load limit of 31751.5.
The Nagoya Port Drawbridge has a load limit of 4e+07.
Mac arthur Bridge has a load limit of 2e+07.
The Hertfordshire Militia is a military unit size of 1–3 Regiments.
The Kazan Metro is composed of a number of lines. 1.
The Santa Clara Valley Transportation Authority has a number of lines. 70.
The Davenport Citibus was numbered 13.
The Ningbo Rail Transit is the number of lines in Ningbo. 5.
Yugo-Zapadnaya is a platform level.
Esquimalt station has a number of platform levels. 1.
The Mesonisi railway station has a number of platform levels. 1.
Hillview MRT station has a number of platform levels. 1.
Księcia Janusza metro station has a number of tracks.
Home Hill railway station is located on the number of tracks.
Nervión is a number of tracks. 2
Lindevang Station has a number of tracks. 2
The Girard station has a number of tracks.
 Jed Madela discography 2010 1.000.
The List of best-selling albums by country 1994 3.
Touched with Fire is 85753373.
The Riddle of the Wren is oclc. 10900735.
The Indian Journal of Dermatology, Venereology and Leprology is published by Oclc. 02884822.
Carache Municipality was named Carache Municipio Carache.
The Heritage Crossing station is served by the DART South Irving Go Link.
Kipling station was served by Bloor West.
Rosebank railway station is served by the UCTJammie Shuttle.
Jurong Town Hall MRT station is located at Jurong Town hall MRT Station.
Rasskazovka is parking information for the parking lot No.
Viking 4 failed launches.
Delta 3 launches were partial failed launches.
Long March 2E was launched on March 1.
Santa Fe Depot has 47644 passengers per year.
Minami-Hinaga Station carries 690 passengers per year.
The 2014 Portugal legionellosis outbreak was the largest in the country.
Lady Day at Emerson's Bar and Grill was premiere date 1986-04-16.
Play Dead was premiered on 2010-11-10.
Trelawny of the 'Wells' was premiered on 1898-01-29.
Bottom Live: The Big Number Two Tour was premiered on the premiere date of 1995-11-06.
The Life of Rufus Dawes For the Term of His Natural Life 1 was premiered year. 1886.
Circle Mirror Transformation was premiere year in 2009.
Kanta premiered in 1889.
Lille-Flandres station is located on railway platforms 9.
Songjeong Park station is located on Songjeong park railway platforms.
 Titagarh railway station is located on Titagarhan railway platforms.
COVID-19 pandemic in Nunavut. recovery cases were 670
COVID-19 pandemic in Normandy was recovered cases 13743.
COVID-19 pandemic in South Africa. recovery cases were 2849558.
National Route 9 is the route end direction.
New Brunswick Route 7 is the route end direction.
State Highway 62 is the route start direction of State Highway 62 East.
Apollo 12 satcat is CSM: 4225.
Kosmos 2380 satcat 26989.
On the Rocks: A Political Comedy is set of play. The near future is in the near future.
Sweat Sweat is set in Reading, Pennsylvania.
The 1952 United States presidential election in Louisiana was held on 1952-11-04.
The 2021 Estonian presidential election was started on 2021-08-31.
The 2006 Sarawak state election was held on 2006-05-20.
Yenikapı Transfer Center Yenikapapı 1 is a station structure.
Beixinjing station structure was built by Underground Underground.
DNAtechnology is a Very DNA Reunion.
COVID-19 pandemic in Haiti was suspected cases 32304.
The 1924 Los Angeles pneumonic plague outbreak was suspected cases of 37.
The Vasoactive intestinal peptide receptor is symbolized ADCYAP1R1.
Chlorosome is symbolized by Bac chlorosome.
The Kelch motif is symbolized by Kelch 5.
The 2017 Bauer Watertechnology Cup was won by Bauer Water Technology Cup.
The Yenikapı Transfer Center Yenikapaı 1.
Arc-et-Senans station visitor statistics as of 2018.
 Ernakulam Junction railway station has visitor statistics as of 2018.
Tlatelolco metro station has a visitor percentage change of -41.57.
 Buckower Chaussee station was electrified in 0750.
Pasivedala railway station was electrified in 0025.
30th Street station was electrified in 0700.
Metro kent is in its first year of electrification. 0001.
Censorinus is depth 400.0.
Cheras is a depth depth 12.0.
The Titan depth is 141.5.
The Journal of Economic History is published by Jstor. 00220507.
The Journal of Speculative Philosophy is published by Jstor.
The Professional Ethics of Professional Ethics is 93-660008.
Federal Law Review is lccn 77020319.
Barnase is a Barnase.
RAR-related orphan receptor is pdb.
The Journal of Historical Review is peer reviewed. 0
Pendleton Heights High School is located in Madison County, Indiana.
Sharnbrook Academy is located in Bedfordshire.
Canat Elementary School is located in Canat, Philippines.
 Bishop Blanchet High School is located in King County, Washington.
Prendergast School is located in London.
Kingsway Tunnel Kingsway Tunnel 1 is located in Merseyside.
The Discovery Bay Tunnel is located in the Discovery Bay tunnel.
The Tauern Railway Tunnel is located in Salzburg.
The Jeddo Tunnel is located at Black Creek.
The Saverne Tunnel was started by Eckartswiller.
The Robertson Tunnel is located in Goose Hollow, Portland, Oregon.
Acura TSX 2010 1.0.
BMW 5 Series 1999 1.0.0 sold 38218.
Phoemela Baranda was active years 1999–present.
Merignac internment camp was active years. 17 November 1940 – 26 August 1944.
Casoli internment camp was active years from 1940.
Maria Eriksson was active years 2009-present.
Almaeon in Psophis.
Ajax is a chorus character in play. Sailors from salamis.
Philoctetes was a chorus character in play by Greek sailors.
The Warsaw concentration camp was originally used for the Warsaw concentration camps.
The Szebnie concentration camp was originally used for the Internment.
Mazibuko M1B is range 400.
The Voyah Free range is 500.
The BAZ-6909 is in range 1000.
KZKT-7428 is in range 1500.
Natzweiler-Struthof concentration camp Natzweil-Strutof 1 was occupied by resistance fighters from occupied European nations.
Monowitz concentration camp was occupied by the Mainly jews.
The Kaufering concentration camp complex was built by Jews.
Sušica camp was occupied by Bosniaks.
Red Bridge was constructed using construction material from Red Rock.
Landwasser Viaduct was built using Limestone.
Jamestown Verrazzano Bridge was constructed using Concrete.
The Kentucky Channel was a former broadcast network of KET.
NBC Montana was a former broadcast network.
Wayne Meylan was named to the 1967 College Football All-America Team.
Thomas Joseph Kelly was inducted into the National Museum of Racing and Hall of Fame.
Robert H. Michel was awarded the Purple Heart.
Joseph Beeston was awarded the honours of the Order of St Michael and St George.
Carlos Alberto dos Santos Cruz was awarded the Order of Aeronautical Merit.
Stagecoach Yorkshire is an important station. Rotherham Interchange is located at Rotheringham Interchange.
Stagecoach Yorkshire is an important station. Meadowhall Interchange is located at Meadowhall.
Telemark Bilruter was an important station. Vrådal was important station for Telemark Bilring.
