Chiltern Firehouse serves cuisine from American cuisine.
Hof van Cleve serves cuisine from French cuisine.
Lucy's Cafe serves cuisine from Italian cuisine.
Sushi of Gari serves cuisine from Japanese cuisine.
Voy American Integrity has the call sign WDD2875.
MS Nordlys has the call sign LHCW.
Pallada has the call sign UDUI.
Aquarius has the call sign ZGGD3.
MV Hansa Brandenburg has the call sign A8ES9.
Irish Car Rentals has a logo.
Bank of Mexico's logo is Logobm.svg.
Numa F. Montet is an alumni of Northwestern State University.
Francis Scarpaleggia is an alumni of Concordia University.
Alan Bible is an alumni of the Georgetown University Law Center.
Esther Armah works for Kwesi Armah.
Adam de Wodeham works for William of Ockham.
Charles Canivet works for Amédée Thierry.
Packed in a Trunk: The Lost Art of Edith Lake Wilkinson was written by Danielle Ate the Sandwich.
Tales of Symphonia was composed by Motoi Sakuraba.
My Scientology Movie was composed by Dan Jones.
Leo Anchóriz is the Commando actor.
Snowy Baker plays Sleeping Acres's actor.
Professor Dowell's Testament was written by Natalya Sayko.
Nicholas Tse plays the Stool Pigeon's lead actor.
Spot Blue International Property duns 736032835.
Co bank has 075770271 duns.
The Deutsche Presse-Agentur duns 316842400.
Robert Karabinchak is depicted in the image.
Salbutamol has a legal status as a Prescription drug.
Bendroflumethiazide has a legal status as a Prescription drug.
Insulin aspart has a legal status as a Prescription drug.
Minuscule 850 was written in Ancient Greek.
Millicent Min, Girl Genius is written in the English language.
The Way of the Sufi is written in English language.
Another Fine Myth is written in English language.
Angiotensin-converting enzyme is involved in Kidney development.
MX1 is involved in the Innate immune system.
LYN is involved in Haematopoiesis.
LRRK2 is involved in biological process called Autophagy.
The 2011 Challenge Bell was a super event on the 2011 WTA Tour.
Billings Gazette is issn 2372-868X.
The Nelson Daily News issn 0832-431X.
Zuerst! is issn 1869-5493.
La Croix is issn 0242-6056.
Vetus Latina is an example of work in the Bible.
Tales from Shakespeare is about the Taming of the Shrew.
The Two Dogmas of Empiricism are about Logical positivism.
Best Shot in the West is about Children's literature.
Aditus to mastoid antrum is connected to the Tympanic cavity.
Renal pelvis is connected to the Renal pelvic.
The Outer ear is connected to the Middle ear.
The Right atrium is connected to the Right ventricle.
A Christmas Carol is a Klingon Christmas Carol.
The Province of Catanzaro contains place of Martirano.
Kranenburg, North Rhine-Westphalia contains place of Frasselt.
Alto Mijares contains place known as Fuentes de Ayódar.
The Department of Huancavelica is located in Angaraes Province.
The Age of Entitlement was written by artist The Basics.
Sugarless is created by artist Swami.
The Angle of Entry was created by artist The Mutton Birds.
Simba was contributed by James Baxter.
Ogura Hyakunin Isshu is a contributor to Ryōzen.
King Louie was written by Milt Kahl.
 Hiroshi Murakami is a contributor to Ginkai.
Ogura Hyakunin Isshu is a contributor to Inpumon'in no Tayū.
Last Wedding was filmed in Vancouver.
Canción de Juventud is located in Catalonia.
Count Arthur Strong was based in London.
Claudius Octavia was the parent of Claudius.
Testosterone sulfate is known as CC12CCC3CCCC34C.
GNLY encodes bio chem entity Granulysin.
Phosphatidylethanolamine binding protein 1 encodes bio chemokine inhibitor protein 1.
CDKN2A encodes bio chem entity P16.
Abdominal pain is a sign or symptom of Crohn's disease.
Stereotypic movement disorder is a sign or symptom of Stereotypy.
The Plague is caused by Shock.
Intracranial aneurysm is a sign or symptom of Confusion.
Joseph E. Meyer's Castle is in Meyer's castle.
Michael Paul Britto lives in New York City.
Kent Smetters is based in Philadelphia.
Lucius E. Burch Jr. was born in Collierville, Tennessee.
Dorit Schmiel lives in Pankow.
Torpoint Community College is telephone:+44-1752-812511.
Knowl Hill School is telephone:+44-1483-797032.
Quarrydale Academy is telephone:+44-1623-554178.
Resolute Forest Products is a sub organization of Abitibi-Consolidated.
The Commonwealth of Nations is a sub organization of the Commonwealth War Graves Commission.
The Department of Canadian Heritage is a sub organization of Library and Archives Canada.
Bell Canada is a sub organization of Télébec.
East Central Railway zone is a sub organization of Dhanbad railway division.
Cytochrome p450 is encoded by the Aromatase subfamily a member 1.
Alpha-amylase is encoded by bio chem entity AMY1C.
ST2 cardiac biomarker is encoded by bio chem entity IL1RL1.
The 2018 Tour of Norway was won by Sergey Lagutin.
Joseph Charles Walsh knows language.
Marisa Ferretti Barth knows language.
Empedocles knows language Ancient Greek.
Maria Iovleva speaks Russian language.
Isaac Halstead Williamson knows language.
Acetylcholinesterase is located in subcellular location in Basal lamina.
Basigin is located in subcellular location.
Galactose-1-phosphate uridylyltransferase is located in subcellular location in Cytoplasm.
SOX1 is located in subcellular location of Cell nucleus.
Faking It is part of series Faking It.
The Fight Before Christmas was part of series The Simpsons.
Star Trek: The Ascent is part of series Star Trek: Deep Space Nine.
M3U is encoded in x-mpegurl.
View of Bentheim Castle was created in Haarlem.
Teodelapio was created in Spoleto.
Landscape at Auvers in the Rain was created in Auvers-sur-Oise.
Still Life with Profile of Laval was created in Pont-Aven.
Moerkerke is contained in place by Damme.
The Division of Borden, Western Australia is contained in place in Division of O'Connor.
Lang Chánh District is contained in Thanh Hóa Province.
Punta Prieta Airstrip is contained in Baja California.
Tony Maylam has occupation as Screenwriter.
Roy Wang has occupation as Singer-songwriter.
Franco Perinciolo has occupation as a Football player.
All Things at Once isbn. ISBN 978-1-60286-111-4.
Asterix and the Chieftain's Shield isbn 2-01210-143-7.
Team Batista no Eikō isbn. ISBN 978-4-7966-5079-3.
Some Prefer Nettles isbn. ISBN 978-4-12-203556-0.
Asterix and the Goths isbn. ISBN 978-2-01210-135-7.
Hinaleimoana Wong-Kalu is of Māhū.
John the Orphanotrophos is a male.
Invincible is a Non-binary gender.
John Sartorius has two children.
George Hearst was the son of William Randolph Hearst.
Jean-Baptiste Vuillaume owns Lauterbach Stradivarius.
Jacqueline Kennedy Onassis owns the Wedding dress of Jacqueline Bouvier.
Qaboos bin Said owns Al Said.
The Cobra Verde is based on The Viceroy of Ouidah.
The Book of Exodus is narrated by Amalek.
The character of Nights of Farewell is Marius Petipa.
Black Hippy was founded in South Los Angeles.
Boøwy was founded in Takasaki.
Camellia Factory was founded in Tokyo.
Lone Signal was founded in New York City.
Crazy Lixx was founded in Malmö.
The Imperialism of Free Trade is pagination.
BRAF is expressed in the Stomach.
ISCU has molecular function of Plasma protein binding.
HLA-G has molecular function as Plasma protein binding.
GRIA1 has molecular function as Plasma protein binding.
The song Welcome to the Jungle was written by Slash.
Day by Day was written by Lina Sandell.
Paul McCartney was the lyricist for Norwegian Wood.
Hen with Sapphire Pendant is a provider of House of Fabergé.
Mastermind is managed by Parker Brothers.
The Metamorphosis citation is 1Q84.
Send in Stewie, Please was part of season 1 of Family Guy.
Albatross was part of season 1 of Star Trek: The Animated Series.
Elegy for a Pig was part of season 12.
Irinotecan is a bio chem interaction with Nelfinavir.
Domperidone is made by Clarithromycin.
Transposition of the great vessels is a part of the e medicine topic.
COVID-19 in Australia has 253 active cases.
The COVID-19 pandemic in the Australian Capital Territory has 495 active cases.
Eluru outbreak has 0 active cases.
The COVID-19 pandemic in Newfoundland and Labrador has 22 active cases.
The Swiss Personalized Health Network has a project budget total of 6.8E7.
WACOM has a project budget total of 380000.0.
The Innovative Medicines Initiative has a project budget total of 2.0E9.
Candesartan has a bioavailability of 15.0.
Promethazine has a bioavailability of 88.0.
Saint Mary's University of Minnesota has a faculty size of 96.
The British Quarterly Review was published in 1886.
Child Language Teaching and Therapy was published in 1985.
Goonyella railway line has a line length of 477000.0.
Chikuhi Line has a line length of 42600.0.
Blue line length is 24800.0.
Tokyo Metro Marunouchi Line has a line length of 27400.0.
Husemersee has a maximum depth of 14.3.
Limassol Salt Lake has maximum depth of 1.0.
Kenas Lake has maximum depth of 188.5.
Dieksee has a maximum depth of 38.0.
Halbendorfer has a maximum depth of 26.0.
Littler Mendelson has 1500 lawyers.
Taft Stettinius & Hollister has 625 lawyers.
Rose Law Firm has 34 lawyers.
Line 2 has 23 stations.
Newark Light Rail has 17 stations.
The Shelbourne railway line has 2 stations.
Falcon 9 has unknown outcomes.
New Shepard has 0 unknown outcomes.
Carnero Lake has an average depth of 1.8288.
Lake Musconetcong has an average depth of 1.524.
Chaparral Lake has an average depth of 3.048.
Shawano Lake has an average depth of 2.7432.
The Confederate cush is 2.
Mămăligă is complexity 1.
Abdollah Nouri has an election majority of 448874.
Abolghasem Khazali won the election majority in 107311.
Mohammad Khoshchehreh has an election majority of 578674.
Ali Fallahian's election majority was 386767.
Greg Bowen is an individualised gnd. 320322793.
The PNP transistor has an individualised gnd of 4174948-0.
Karl Pommerhanz is an individualised gnd.
The CPR Bridge has 7 piers in water.
Tees Newport Bridge has 2 piers in water.
Flehe Bridge has 1 piers in water.
METRORail has 39 vehicles.
Light Rail Transit has 89 vehicles.
Pamplona City Transport has 34 vehicles.
Iskandar Malaysia Bus Rapid Transit has 18 vehicles.
Booker T. Washington National Monument has a total number of visitors as of 2012.
The Robert E. Lee Memorial has a number of visitors as of 2011.
Kolkata Metro has a voltage of electrification of 750.0.
The voltage of Prague Metro is 750.0.
The voltage of the Berlin U-Bahn is 750.0.
Strained yogurt has an approximate calories of 557000.0.
Pogača has an approximate calories of 820613.0.
Diffused lighting camouflage is a project keyword for Active camouflage.
Probability distribution is defined by Statistics,Probable distribution.
Earth Bio genome Project has a project start date of 2018-11-01.
Project Vista was started on 1951-04-01.
Research Domain Criteria was completed on 2010-01-28.
The Chevert expedition was started on 1875-05-18.
Ray Reardon won the world champion title in 1978.
St. Thomas Aquinas High School has an ACT score of ACT.
Persian blue has a connotation of Heaven.
The Nepenthes 'Vittata' is cultivated by Bruce Lee Bednar.
Emergency medicine is a focus of Acute.
Anesthesiology is a focus of Anesthesia.
TREAT-NMD is funded by the European Commission.
The gdp per capita of Song dynasty was 26.5.
Oat milk has a glycemic index of 60.
The Outer Ring Road System is mapped on Singapores Expressways.
Primary interatrial foramen is part of the Circulatory system.
Sex cords are part of the Reproductive system.
Project Vista was completed on 1951-12-01.
INDECT was completed on 2014-06-30.
Whiteout was released in Japan.
The Oldsmobile Intrigue is based on the General Motors W platform.
General Motors Epsilon platform is used in the Cadillac XTS.
Eduard Bloch was interned at Drancy internment camp.
Selma Engel-Wijnberg was a victim of the Westerbork transit camp.
Tristan Bernard was interned at Drancy internment camp.
Foulridge Tunnel is a waterway through tunnel of the Leeds and Liverpool Canal.
Riqueval Tunnel is a waterway through tunnel of Canal de Saint-Quentin.
Queen's Square, Sydney is located in Phillip Street, Sydney.
Aberdeen Street is in the Central, Hong Kong.
Gallivan Center is located in Salt Lake City.
Khatik Mohalla Street is located in Shahpura, Bhilwara.
Souq Qabil lives in Saudi Arabia.
Bethlehem High School is affiliated to the Catholic Church.
Legacy Christian Academy is a Non-denominational Christian Academy.
The Jicarilla Mountains are the highest peak in Ancho Peak.
Croda da Lago is the highest Cima d'Ambrizzola.
Cang Mountain is the highest mountain in Malong.
Mount Kalatungan Mountain Range is the highest mountain in the Kalatunggan Mountain range.
Christina Koch was selected for NASA Astronaut Group 21.
Yousra Matine plays in Morocco.
Zhou Yuelong is from China.
Hiriko is powered by Lithium-ion battery.
The Nissan Kicks P15 1 has a battery of Panasonic.
Audi Q5 Second generation 80A 1 has Lithium-ion battery.
The Mercury Theatre, Colchester is currently producing Educating Rita.
The Apollo Theatre is the home of Magic Goes Wrong.
The Palace Theatre, London is the home of Harry Potter and the Cursed Child.
Fergus O'Brien Tenure 1 was presided over by Garret Fitz gerald.
Sir John Kothalawala College has a 6-year-old age range.
The age range of the Lao People's Armed Forces is 18.
Andy Johnson is the bbr of johnsan01.
Bob Hopkins Bob Hopkins 1 is bbr. hopkibo01.
Tom Workman is the bbr of workmto01.
Stanley Brundy is bbr. brundst01.
JNARFA is published in the Journal of Nanoparticle Research.
The Comprehensive Reviews in Food Science and Food Safety is coden CRFSBJ.
Physical Review Focus is codenamed PRFHAQ.
The Byham Theater is currently used for Performing arts.
San Diego Civic Theatre is currently used for performing arts.
Union Theatre is currently used for Professional and amateur theatre.
Ed Sullivan Theater is currently used for the Television studio.
The Hotel Manger was demolished on 1983-05-15.
Tiffany Theater was demolished on 2013-08-08.
San Mamés Stadium was demolished on 2013-06-06.
Milwaukee County Stadium was demolished on 2001-02-21.
Yankee Stadium was demolished on 2010-05-13.
Environment and Behavior is an impact factor as of 2019.
Ideal TV was originally broadcast on 2009-07-20.
Radio Luxembourg's last air date was 1992-12-30.
Deutscher Fernsehfunk was originally broadcast on 1991-12-31.
Lurcy-Lévis has a maximum elevation of 283.0.
Macau, Gironde has a maximum elevation of 26.0.
Thil-sur-Arroux has maximum elevation of 472.0.
John Odaate – Barnor is the military commandant of the Armed Forces Staff College.
Konstantin Avksentevsky was commander of 6th Army.
Thomas Langford-Sainsbury was in military command of No. 48 Squadron.
Wilson Elser Moskowitz Edelman & Dicker has 38 offices.
The Fountain Court Chambers has 2 offices.
W Wragge & Co has 8 offices.
Harris Beach has 12 offices.
The Journal of Transport and Land Use is open access content.
Materials Today is open access content.
Bio med Research International has open access content.
Wuxi Metro has 223200 passengers per day.
The total passengers on Codiac Transpo is 5192.
Chester Hill railway station was served by Sydney Trains, NSW Train link.
Bois-Franc station was used by Exo.
INDECT has a project budget funding of 1.0906984E7.
ETOX was funded by 1.87E7.
PREDICT has a project budget funding of 2.0E8.
The Idaho and Washington Northern Railroad has a reporting mark of I&WN.
The Metropolitan Street Railway has a track length of 77000.0.
The Viramgam–Maliya Miyana section has a track length of 142000.0.
Samarang–Joana Stoomtram Maatschappij has a track length of 417000.0.
The Bartlett and Albany Railroad has a track length of 16093.4.
The State Railways and Seaports Administration has a track length of 1.73e+06.
Ghana has a gini coefficient of 43.5.
Myanmar has a gini coefficient of 30.7.
Eswatini has a gini coefficient of 54.6.
Shea's Performing Arts Center was reopening on 1976-02-25.
Estadio Municipal Germán Becker was reopening date 2008-11-05.
Regal Cinema, Dublin was reopening on 1955-08-19.
Indiana Farmers Coliseum is reopening date 2014-04-24.
Burton Cummings Theatre was reopening on 1945-11-03.
WFNY is part of Fox News Radio.
WLTP is part of the Cleveland Cavaliers Radio Network.
KMSU is broadcast on AMPERS.
The Corinthia Hotel Budapest is part of Corinthia Hotels International.
The George Hotel, Reading is part of Mercure.
Westin Seattle is part of the Westin Hotels & Resorts chain.
James Braid won the 1905 Open Championship.
Nancy Lopez won the 1978 LPGA Championship.
Nils Odqvist won the 1959 European Amateur Team Championship.
The French International Lady Juniors Amateur Championship was won by Francesca Fiorellini.
Kateřina Siniaková won the 2021 Mutua Madrid Open.
Pam Shriver won the 1984 Wimbledon Championships.
Hazel Hotchkiss Wightman won the 1911 U.S. National Championships.
1997 Grand Prix Hassan II was won by João Cunha e Silva.
Stefan Edberg won the 1987 US Open.
The 2017 German Open was won by Mate Pavić.
Jeevan Nedunchezhiyan won the 2018 Nielsen Pro Tennis Championship.
Françoise Dürr won the 1971 French Open.
The 1991 French Open was won by Cyril Suk.
The 1986 US Open champion in mixed double was Sergio Casal.
Ai Sugiyama won the 1997 Japan Open Tennis Championships.
Zuzana Lešenarová won the 1999 NCAA Division I Women's Tennis Championships.
Cliff Richey won the 1969 Cincinnati Open.
The 2012 President's Cup champion in single male was Evgeny Donskoy.
Roger Federer won the 2005 NASDAQ-100 Open.
John McEnroe was the 1988 Suntory Japan Open Tennis Championships champion in single male.
Roger Federer was the 2010 Swiss Indoors champion in single male.
Tomy Tutor is a computer platform for Loco-Motion.
A Duel Hand Disaster: Trackher is a computing platform for Microsoft Windows.
Pirate Adventure uses the ZX Spectrum computing platform.
Q-Squared was written by Keith Birdsong.
The cover artist for Universe 11 was Roger Zimmerman.
Bob Silverman was the cover artist for Universe 3.
Richard Powers was the cover artist for The Treasury of Science Fiction Classics.
Carrot cake has variant Kirsch.
Rhino Horn bananas are hybridized with Musa acuminata.
Rosa 'Chicago Peace' is a hybrid hybrid.
Eunidia kristenseni lives in the kingdom of Animal.
Athletesa boswellae is an Animal kingdom.
Sarcophaga carnaria is a kingdom of Animal.
Macellocerus is the kingdom of Animal.
Electric Ireland is located in Dublin.
Henri Lloyd was born in Gothenburg.
Brandwatch Qriously is located in Brighton.
Limbic Software, Inc. 1 is located in California.
Southeast Television is broadcast in China.
Himalaya TV is broadcast in Nepal.
Karey Kirkpatrick wrote Something Rotten!
The Sea Cabinet was written by Gwyneth Herbert.
The Tik-Tok Man of Oz was written by L. Frank Baum.
Harbanspura Interchange is connected to Lahore Ring Road.
Spencer Springs Junction is on State Highway 65.
Si Kak Phraya Si meets Fueang Nakhon Road.
Saphan Khwai meets Pradiphat Road.
All I Have is a single.
Red Velvet is composed of single music type.
Pilots is composed of two songs: Single and Pilots.
Mi destino fue quererte.
Don't Ask Me is composed of single music type.
Shell Shock is written by Peri Brown.
Elves' Hill is written in Danish language.
Phaedra's Love is written in the original language of the English language.
Euriphene conjungens belongs to the phylum Arthropod.
Apicalia is a phylum of Mollusca.
Lasiopates is a phylum of Arthropod.
United Trafford Council is a political party in the Labour Party.
Oakland City Council is a political party of the Democratic Party.
Kira Town's politician is Ibrahim Ssemujju Nganda.
Hedmark Political function 2 is performed by the Centre Party.
Pattusali is a population place in Tamil Nadu.
French Canadians are concentrated in Quebec.
Catalans is a population place in Italy.
Limassol is a population place for Cypriot Russians.
Ho-Chunk is a population place in Iowa.
Hurlyburly is the premiere place for the Goodman Theatre.
Wits Led by the Nose is the premiere place in London.
The Homecoming was produced at Aldwych Theatre.
WEGS is a Christian radio.
KeUN-FM airs a programme format called Swamp pop.
Project Vista was led by William Alfred Fowler.
Esteve was a project participant for ETOX.
Virginia State Route 20 is a route end in the Wilderness, Virginia.
State Highway 246 is located in Mowad.
New Jersey Route 120 is routed through East Rutherford, New Jersey.
National Highway 44 is connected to Dindigul.
Massachusetts Route 143 is a route start in Hinsdale, Massachusetts.
New York State Route 91 is routed through Truxton, New York.
California State Route 175 is a route start in Hopland, California.
BR-210 has a route start in Pedra Branca do Amapari.
Mainz Hauptbahnhof is served by the West Rhine Railway.
Landquart railway station is served by the Davos Laret railway line.
Bomen railway station is on Main Southern railway line, New South Wales.
IWI ACE was used in the Mexican drug war.
The RPG-43 was used in war during The Troubles.
The 1916 1 was used in war against World War I.
RPO-A Shmel was used in war in Donbas.
Panzerhaubitze 2000 was used in war in Afghanistan.
WPHP is available on the webcast wphs.m3u.
Radio Veronica is a webcast.
Bankia has assets of 1.79098E11.
Unocal Corporation has assets of 1.3101E10.
HNA Technology HNA Technology 1 has assets of 117.966.
CBZ Bank Limited has assets of 1.991E9.
Sanagu Station has bicycle information available.
Kwasa Sentral MRT station has bicycle information.
Catlin Covered Bridge carries Pedestrian traffic.
Jiangjiehe Bridge carries S205 provincial road.
Angle Vale Bridge carries Motor vehicles.
Stanley Ferry Aqueduct carries the Aire and Calder Navigation.
Lottie Moon House was completed in 1831.
Fort San Lucian was built in 1610–1611.
A.S.D. Fersina Perginese has a capacity of 2000.
AS Vacoas-Phoenix has a capacity of 6200.
Gostaresh Foulad F.C. has a capacity of 12000.
The 2017 Batangas earthquakes killed 6 people.
The 2020 Oaxaca earthquake has 10 casualties.
Bicifadine is ch eMBL.
Blake Marler was classified as a Finalist.
Undibacterium pigrum has a colour name of lightgrey.
Pyotr Alexeyev' Resistance Movement has a colour name of Red.
The 1896 Gloucester smallpox epidemic had a total of 14 confirmed cases.
The COVID-19 pandemic in Alberta has 335247 confirmed cases.
Bor Dahegaon Dam is part of Earthfill.
Kabeli B1 Hydropower Station is described in Gravity.
National Council's election date leader is 2020-12-15.
Niuatoputapu Airport has an elevation of 9.0.
Sauk City, Washington has an elevation of 71.9328.
Fort Jones, California has an elevation of 840.943.
Hermanos Ameijeiras Airport has an elevation of 100.0.
Dire Dawa Airport has an elevation of 1167.0.
Video Games Live has an end date of 2018-11-17.
South Ossetia Historical event 3 was held on 2008-08-26.
Central American Integration System Historical event 3 was held on 1960-12-13.
The Dengue pandemic in Sri Lanka is expected to end in 2020.
The 2018 Nipah virus outbreak in Kerala has a fatality rate of 89.
The 1929–1930 psittacosis pandemic had a fatality rate of 15.
The 2021 Nipah virus outbreak in Kerala has a fatality rate of 100.
Microsoft Swift key has a file size of 1.618e+08.
Crystal disk mark is 4e+06.
Anki is 1.34e+08.
Vue scan size is 6e+06.
Wentworth was first air date on 2020-07-28.
Vietnam Television was broadcast on 1970-09-07.
Project Runway Philippines was first air date in 2009-08-12.
Degrassi: Next Class was first air date on 2017-06-30.
Ultimate Beastmaster was first air date on 2017-12-15.
Last Round Arthurs was published on 2018-07-20.
Suspicion was published on 1984-08-12.
Dragon Nest was first published on 2010-06-04.
The Journal of Applied Psychology has a frequency of publication of Monthly.
Pinball Quarterly has a frequency of publication of 1.
Rapid Communications in Mass Spectrometry is published in Biweekly.
Nova srpska politička misao has an image size of 300.
Pork Porchetta is made with pork,rosemary,garlic, andpepper.
Meatball soup is made with Meatballs,Ground meat,rice,spices.
Sol over Gudhjem has the ingredient name Rugbrød, smokedherring,chives,egg yolk.
Kari kapitan is known by the ingredient name Chicken.
Schiphol Airport railway station is handicapped accessible.
Devon Avenue is part of name 6400 North.
Mandurah Road is part of National Route 1.
Lornoxicam is kegged by D01866.
The North Dakota House of Representatives was held on 2020-11-03.
Northamptonshire County Council was held on 2017-05-04.
Monaghan County Council was held on 2019-05-24.
Sahrawi National Council was held on 2012-02-20.
Tomoyo After: It's a Wonderful Life was published in 2007-10-20.
The Sorcerer Hunters was published in 1996-08-25.
Amagi Brilliant Park was published on 2016-09-09.
Therapy Game was published on 2017-03-14.
I372 S26 2001 was PS3566.
Riverton–Belvidere Bridge has a load limit of 50802.3.
Taoyaomen Bridge has a load limit of 2e+09.
Fletcher Covered Bridge has a load limit of 31751.5.
The load limit for Nagoya Port Drawbridge is 4e+07.
Mac arthur Bridge has a load limit of 2e+07.
The Hertfordshire Militia has 1–3 Regiments.
Kazan Metro has 1 line.
The Santa Clara Valley Transportation Authority has 70 lines.
The number of lines in Davenport Citibus is 13.
Ningbo Rail Transit has 5 lines.
Yugo-Zapadnaya has a number of platform levels.
Esquimalt station has a number of platform levels.
Mesonisi railway station has a number of platform levels.
Hillview MRT station has a number of platform levels.
Księcia Janusza metro station has 2 tracks.
Home Hill railway station has 2 tracks.
Nervión has 2 tracks.
Lindevang Station has 2 tracks.
Girard station has 2 tracks.
Jed Madela discography 2010 1 sold 10000 discs.
The List of best-selling albums by country 1994 3 has a number sold of 1000000.
Touched with Fire is an oclc. 85753373.
The Riddle of the Wren is oclc 10900735.
The Indian Journal of Dermatology, Venereology and Leprology has a published number 02884822.
Carache Municipality was originally called Municipio Carache.
The Heritage Crossing station is served by DART South Irving Go Link.
Kipling station is served by Bloor West.
Rosebank railway station is served by the UCTJammie Shuttle.
Jurong Town Hall MRT station has parking information.
Rasskazovka has parking information No.
Viking has four partial failed launches.
The List of Delta 3 launches is 1.
Long March 2E was launched on March 1.
Santa Fe Depot has 47644 passengers per year.
Minami-Hinaga Station has 690 passengers per year.
The 2014 Portugal legionellosis outbreak had 12 pendamic deaths.
Lady Day at Emerson's Bar and Grill was originally filmed on 1986-04-16.
Play Dead was originally scheduled for a 2010-11-10 premiere date.
Trelawny of the 'Wells' was premiered on 1898-01-29.
Bottom Live: The Big Number Two Tour was originally scheduled for 1995-11-06.
The Life of Rufus Dawes For the Term of His Natural Life 1 was premiered in 1886.
Circle Mirror Transformation was premiered in 2009.
Kanta was premiered in 1889.
Lille-Flandres station has 9 railway platforms.
Songjeong Park station has two railway platforms.
Titagarh railway station has four railway platforms.
COVID-19 pandemic in Nunavut had 670 recovery cases.
COVID-19 pandemic in Normandy was recorded in 13743 recovery cases.
The COVID-19 pandemic in South Africa has 2849558 recovery cases.
National Route 9 is a route end direction.
New Brunswick Route 7 is a route end direction.
State Highway 62 is headed East.
Apollo 12 was satcat: CSM: 4225.
Kosmos 2380 is satcat 26989.
On the Rocks: A Political Comedy is set in the near future.
Sweat is set in Reading, Pennsylvania.
The 1952 United States presidential election in Louisiana was held on 1952-11-04.
The 2021 Estonian presidential election has a start date of 2021-08-31.
2006 Sarawak state election was held on 2006-05-20.
The Yenikapı Transfer Center Yenikakı 1 is connected to the Underground.
Beixinjing station is part of Underground.
A Very DNA Reunion is a subject of play.
COVID-19 pandemic in Haiti has 32304 suspected cases.
The 1924 Los Angeles pneumonic plague outbreak had 37 suspected cases.
The Vasoactive intestinal peptide receptor is symbolized ADCYAP1R1.
Chlorosome is symbolized by Bac chlor c.
The Kelch motif is symbolised by Kelch 5.
The 2017 Bauer Watertechnology Cup was played on Carpet.
The Yenikapı Transfer Center Yenikapsı 1 has visitor statistics as of 2017.
Arc-et-Senans station has visitor statistics as of 2018.
 Ernakulam Junction railway station has visitor statistics as of 2018.
Tlatelolco metro station has a visitors percentage change of -41.57.
Buckower Chaussee station was electrified in 0750.
Pasivedala railway station was electrified in 0025.
30th Street station was electrified in 0700.
Metro kent has a year of electrification. 0001.
Censorinus has a depth of 400.0.
Cocheras has a depth of 12.0.
Titan has a depth of 141.5.
The Journal of Economic History is published by jstor.
The Journal of Speculative Philosophy is published by jstor.
Professional Ethics is written by the lccn.
The Federal Law Review is a lccn. 77020319.
Barnase is pdb.
RAR-related orphan receptor pdb is 1N83.
The Journal of Historical Review is peer reviewed by 0.
Pendleton Heights High School is located in Madison County, Indiana.
Sharnbrook Academy is situated in Bedfordshire.
Canat Elementary School is in the Philippines.
Bishop Blanchet High School is located in King County, Washington.
Prendergast School is in London.
Kingsway Tunnel Kingsway Tunnel 1 is located in Merseyside.
The Discovery Bay Tunnel is located in Siu Ho Wan.
Tauern Railway Tunnel is located in Salzburg.
Jeddo Tunnel is located in Black Creek.
The route start location for the Saverne Tunnel is Eckartswiller.
Robertson Tunnel is located in Goose Hollow, Portland, Oregon.
Acura TSX 2010 1 sold 126 cars.
BMW 5 Series 1999 1 sold 38218 cars.
Phoemela Baranda was active in 1999–present.
Merignac internment camp was held for active years.
Casoli internment camp was held in 1940.
Maria Eriksson was active in 2009-present.
Alcmaeon in Psophis is played by Young women.
Ajax is a chorus character in play by Sailors from salamis.
Philoctetes is a chorus character in play by Greek sailors.
Warsaw concentration camp was originally used for Gęsiówkaprison.
Szebnie concentration camp was originally used for the Internment.
The Mazibuko M1B has a range of 400.
The Voyah Free range is 500.
The BAZ-6909 has a range of 1000.
KZKT-7428 has a range of 1500.
Natzweiler-Struthof concentration camp Natzweil-Strutof 1 was occupied by resistance fighters from occupied European nations.
Monowitz concentration camp was occupied by Mainly jews.
The Kaufering concentration camp complex was occupied by Jews.
Sušica camp was occupied by Bosniaks.
Red Bridge was built using Rock Rock.
Landwasser Viaduct is built on Limestone.
Jamestown Verrazzano Bridge is built using Concrete.
KET ED was broadcast on the Kentucky Channel.
NBC Montana was a former broadcast network of CBS.
Wayne Meylan was named to the 1967 College Football All-America Team.
Thomas Joseph Kelly was inducted into the National Museum of Racing and Hall of Fame.
Robert H. Michel received the Purple Heart.
Joseph Beeston was awarded the Order of St Michael and St George.
Carlos Alberto dos Santos Cruz was awarded the Order of Aeronautical Merit.
Stagecoach Yorkshire is located at Rotherham Interchange.
Stagecoach Yorkshire is situated at Meadowhall Interchange.
Telemark Bilruter is located in Vrådal.
