Chiltern Firehouse serves cuisine from the American cuisine
The Hof van Cleve is a restaurant that serves cuisine.
Lucy's Cafe serves cuisine.
The Sushi of Gari is a Japanese cuisine.
The MV American Integrity is a call sign. WDD2875
The MS Nordlys is a call sign for LHCW
The Pallada is a call sign.
The Aquarius is a call sign. ZGGD3
The MV Hansa Brandenburg is a call sign.
The Irish Car Rentals logo. ICR-logo.jpg
The Bank of Mexico.svg.
Numa F. Montet is an alumni of Northwestern State University
Francis Scarpaleggia is an alumni of Concordia University
The Alan Bible is a law professor at Georgetown University Law Center.
Esther Armah is a member of the Kwesi Armah
Adam de Wodeham is a member of the Ockham family.
Charles Canivet is a French writer who works for the Amédée Thierry
Packed in a Trunk: The Lost Art of Edith Lake Wilkinson.
The Tales of Symphonia is composed by the composer.
The Scientology Movie is composed by Dan Jones.
The Commando is a fictional character.
The Sleeping Acres is named after the actor, Snowy Baker
The Professor Dowell's Testament is written by the actor Natalya Sayko
The Stool Pigeon is a film about a young actor named Nicholas Tse
The Spot Blue International Property is located in the city of Greenville.
The Co bank is located in the city of
The Deutsche Presse-Agentur is published in the German language.
The image is from the Rob karabinchak.jpg
Salbutamol is a drug with legal status. Prescription drug
Bendroflumethiazide is a drug with legal status. Prescription drug
Insulin aspartic drug has legal status as a Prescription drug
The Minuscule is a Greek language.
Millicent Min, Girl Genius.
The Way of the Sufi is written in the English language.
The Fine Myth is in language.
Angiotensin-converting enzyme is involved in biological process of Kidney development
The MX1 is involved in biological process of the Innate immune system
LYN is involved in biological process of Haematopoiesis
LRRK2 is involved in biological process of Autophagy
The 2011 Challenge Bell is a super event.
The Billings Gazette is issn. 2372-868X
The Nelson Daily News is issn. 0832-431X
The Zuerst! is issn. 1869-5493
La Croix is a French language language.
The Vetus Latina is an example of work.
The Taming of the Shrew is about the Taming.
The Two Dogmas of Empiricism.
The Best Shot in the West is about the best shot in the world. Children's literature
Aditus to mastoid antrum is connected to the Tympanic cavity
The Ureter is connected to the Renal pelvis
The Outer ear is connected to the Middle ear.
The Right atrium is connected to the right ventricle.
A Christmas Carol is a work example. A Christmas Carol
The Province of Catanzaro is located in the Province of Martirano
Kranenburg, North Rhine-Westphalia. The place is named after Frasselt
The Alto Mijares is in the second place. Fuentes de Ayódar
The Department of Huancavelica is located in the same place. Angaraes Province
The Age of Entitlement is a collection of works by artist. The Basics
The Sugarless is by artist, Swami
The Angle of Entry is by artist. The Mutton Birds
The Simba is a contributor to the blog.
The Ogura Hyakunin Isshu is a contributor to Ryōzen
The King Louie is a contributor to the blog.
The Ginkai is a contributor to the magazine. Hiroshi Murakami
The Ogura Hyakunin Isshu is a member of the Ogura.
The Last Wedding is a content location in Vancouver.
The Canción de Juventud is a content location in Catalonia
The Count Arthur Strong is a fictional character from the fictional city of London.
Claudius Octavia is the parent of Claudius
The Testosterone sulfate is a compound of the two compounds.
GNLY is a bio chem entity.
Phosphatidylethanolamine binding protein 1 is encodes bio chemokinesis.
CDKN2A is encodes bio chemokinesis.
Crohn's disease is a common and common inflammatory sign or symptom. Abdominal pain
Stereotypic movement disorder is a sign or symptom of Stereotypy
The Plague is a sign or symptom of the Plague.
Intracranial aneurysm is a sign or symptom of Confusion
Joseph E. Meyer's Castle. Joseph E. is Meyer's son.
Michael Paul Britto is a New York City resident.
Kent Smetters is based in Philadelphia.
 Lucius E. Burch Jr. was born in Collierville, Tennessee
The Dorit Schmiel is located in the home location of the Pankow
Torpoint Community College is located in Torpoint, Texas. Telephone:+44-1752-812511
The Knowl Hill School is located in Knowl.
Quarrydale Academy is located in Quarrydale, New South Wales.
Resolute Forest Products is a sub organization of Abitibi-Consolidated
The Commonwealth of Nations is a sub organization of the Commonwealth War Graves Commission.
The Department of Canadian Heritage is a sub organization of the Library and Archives Canada
Bell Canada is a sub organization of Bell Télébec
The East Central Railway zone is a sub organization of the Dhanbad railway division
Cytochrome p450 family 19 subfamily is encoded by the cytochrome P450 family.
Alpha-amylase is encoded by the AMY1C gene.
St2 cardiac biomarker is encoded by bio-STAT1.
The 2018 Tour of Norway is won by the Russian competitor Sergey Lagutin
Joseph Charles Walsh is a native English language.
Marisa Ferretti Barth is a native Italian language.
Empedocles is a Greek language.
Maria Iovleva is a Russian language teacher.
Isaac Halstead Williamson is a native English language.
Acetylcholinesterase is located in subcellular location in Basal lamina
Basigin is located in subcellular location of the Cell membrane
Galactose-1-phosphate uridylyltransferase is located in subcellular location of the Cytoplasm.
SOX1 is located in subcellular location of the Cell nucleus
The Pilot is part of series. Faking It
The Fight Before Christmas is part of series. The Fight Before is part part of season.
Star Trek: Deep Space Nine is part of series. Star Trek:Deep Space Nine
The M3U is the encoding format for the x-mpegurl
The Castle of Bentheim Castle is located in Haarlem.
The Teodelapio is a location created by Spoleto
The Landscape at Auvers in the Rain is a location created by the artist. Auvers-sur-Oise
The Still Life with Profile of Laval is a location created by the team of L-Aven
The Moerkerke is contained in place. Damme
The Borden, Western Australia is contained in place.
The Lang Chánh District is contained in place. Thanh Hóa Province
The Punta Prieta Airstrip is contained in place. Baja California
Tony Maylam is a Screenwriter.
Roy Wang is a Singer-songwriter.
Franco Perinciolo is a former Italian Football player.
The All Things at Once isbn. 978-1-60286-111-4
The Asterix and the Chieftain's Shield isbn.
The Team Batista no Eikō is published by the University of Tokyo Press. ISBN 978-4-7966-5079-3
Some Prefer Nettles. isbn. 978-4-12-203556-0
The Asterix and the Goths isbn. ISBN 978-2-01210-135-7
The Hinaleimoana Wong-Kalu is a female.
John the Orphanotrophos is the son of the Orphans of the Eunuch
The Invincible is gender non-binary.
The children of Francis Sartorius.
The Hearst children. William Randolph Hearst
Jean-Baptiste Vuillaume is the owner of the Lauterbach Stradivarius
The Jacqueline Kennedy Onassis is a member of the Kennedy family.
Qaboos bin Said is owned by Al Said.
The Cobra Verde is based on the novel by the Viceroy of Ouidah
The Book of Exodus is written by the character of Amalek
The Nights of Farewell is written by the character. Marius Petipa
The Black Hippy is a founding location of the Black Hippies in South Los Angeles
The Boøwy is a founding location of the Takasaki
The Camellia Factory is the founding location of the Camellias Factory.
The Lone Signal is located in the founding location of the Lone Signal in New York City
The Crazy Lixx is based in the founding location of the Malmö
The Imperialism of Free Trade is a pagination.
The BRAF is expressed in the Stomach
The ISCU is a protein that has molecular function. Plasma protein binding
The HLA-G is a protein that has molecular function. Plasma protein binding
The GRIA1 is a protein that has molecular function. Plasma protein binding
The Welcome to the Jungle is written by the lyricist.
The Day by Day is written by the lyricist. Lina Sandell
The Norwegian Wood is written by lyricist. Paul McPherney
The Hen with Sapphire Pendant is a Hen with a Sapphire Pendants.
The Mastermind is a provider of the Parker Brothers
The Metamorphosis
The Family Guy is in the final season of season 2. Family Guy
The Albatross is part of season two of Star Trek: The Animated Series
Elegy for a Pig is part of season 12.
The Irinotecan is a bio chem interaction with Nelfinavir
Domperidone is a bio chem interaction with Clarithromycin
Transposition of the great vessels.
COVID-19 in Australia. active cases. 25318
COVID-19 pandemic in the Australian Capital Territory. active cases. 495
The Eluru outbreak is now in active cases.
COVID-19 pandemic in Newfoundland and Labrador. active cases. 22
The Swiss Personalized Health Network is funded by the Swiss government.
The WACOM is a project budget total of 380000.0
The Innovative Medicines Initiative is funded by the US government.Project budget total is 2.0E9
The Candesartan is a bioavailability is 15.0
The Promethazine is a drug with high bioavailability.
Saint Mary's University of Minnesota is a member of the faculty size.
The British Quarterly Review was published in the final publication year of 1886.
The Child Language Teaching and Therapy is published in the final publication year.
The Goonyella railway line is a line length of 477000.0
The Chikuhi Line is a line length of 42600.0
The Blue line is the longest line length in the Blue line.
The Tokyo Metro Marunouchi Line is a line length of 27400.0
The Husemersee is a maximum depth depth of 14.3
Limassol Salt Lake is a maximum depth of 1.0
The Kenas Lake is at maximum depth of 188.5
The Dieksee is a maximum depth depth of 38.0
The Halbendorfer is a maximum depth depth.
Littler Mendelson is the number of lawyers in the United States.
The number of lawyers is: 625
The Rose Law Firm is the largest number of lawyers in the United States.
The Line 2.0 number of stations is 23
The Newark Light Rail is the number of stations in the city.
The Shelbourne railway line is the longest in the UK.
Falcon 9.0.0 has unknown outcomes.
The New Shepard is a new Shepard with unknown outcomes.
The Carnero Lake is average depth. 1.8288
Lake Musconetcong is a lake with an average depth of 1.524
The Chaparral Lake is average depth is 3.048
The Shawano Lake is average depth is 2.7432
The Confederate flag is a symbol of the Confederacy.
Mămăligă.
The Abdollah Nouri is the only person in the election majority. 448874
Abolghasem Khazali is the candidate for the election majority. 107311
The election majority is 578674
The election majority is 386767
Greg Bowen is an individualised gnd.
The PNP transistor is an individualised gnd.
Karl Pommerhanz is an individualised gnd.
The CPR Bridge is the largest in the world.
The number of piers in Newport Bridge is 2
Flehe Bridge is the largest in the world.
The METRORail is a number of vehicles.
The Light Rail Transit is the largest number of vehicles in the United States.
The Pamplona City Transport is the largest number of vehicles in the city.
The Iskandar Malaysia Bus Rapid Transit is the largest number of vehicles in the country.
 Booker T. Washington National Monument has the highest number of visitors as of 2012
The Arlington House, The Robert E. Lee Memorial is the largest number of visitors as of the year 2011.
The Kolkata Metro is currently generating a voltage of electrification of 750.0
The Prague Metro is currently rated at 750.0.
The Berlin U-Bahn is powered by the voltage of electrification.
The Strained yogurt is estimated to have approximately 557,000.0
Pogača is the approximate calories of the average person. 820613.0
Diffused lighting camouflage is a project keyword. Active camouflage
The Probability distribution is based on the project keyword. Statistics,Probability distribution
The Earth Bio genome Project is currently underway. The project start date is 2018-11-01
Project Vista is a project start date. 1951-04-01
The Research Domain Criteria is published in the journal Nature.Project start date is 2010-01-28
The Chevert expedition was started in 1875-05-18.
Ray Reardon was the world champion title year. 1978
St. Thomas Aquinas High School is rated a high ACT.
The Persian blue is a connotation of the Persian blue.
The Nepenthes 'Vittata' is cultivated variety. Bruce Lee Bednar
The Emergency medicine is focus of the Acute
The Anesthesiology is a focus of the Anesthesia
The TREAT-NMD is funded by the European Commission
The Song dynasty was the largest in the world.
The Oat milk is the most glycemic index in the world.
The Outer Ring Road System is a map of the Singapores Expressways
The Primary interatrial foramen is the organ system. Circulatory system
Sex cords are a reproductive system.
The Project Vista was started in 1951. The project end date was 1951-12-01
The INDECT project end date is 2014-06-30
The Whiteout is a Japanese release location.
The General Motors W platform is used in the new Oldsmobile Intrigue
The General Motors Epsilon platform is the platform for the Cadillac XTS.
The Drancy internment camp was built by the Drancy. Eduard Bloch
The Westerbork transit camp was built in the early 1900s.
Drancy internment camp.
The Foulridge Tunnel is a waterway through tunnel between the Leeds and Liverpool Canal
The Riqueval Tunnel is a waterway through tunnel.
Queen's Square, Sydney. The address in question is Phillip Street, Sydney
The Aberdeen Street is the address in road.
The Gallivan Center is located at the Gallivan Drive in Salt Lake City
Khatik Mohalla Street is located at the address in road.
Souq Qabil is a resident of the same address in Saudi Arabia.
The Bethlehem High School is part of the Bethlehem Catholic Church.
The Legacy Christian Academy is a non-denominational Christian Academy.
The Jicarilla Mountains.
Cima d'Ambrizzola
The Cang Mountain is the highest mountain in the country.
The Kalatungan Mountain Range is the highest mountain in the Kalatunigan
Christina Koch is a member of the NASA Astronaut Group 21
Yousra Matine is the head of the sport country.
The Zhou Yuelong is a Chinese sport country.
The Hiriko is a Lithium-ion battery
The Nissan Kicks P15 1.0 is a battery powered by the Panasonic
The Audi Q5 Second generation 80A 1.0 Lithium-ion battery
The Mercury Theatre, Colchester.
The Apollo Theatre is currently production of Magic Goes Wrong
The Palace Theatre, London is the home of the current production of Harry Potter and the Cursed Child
The taoiseach is Garret Fitzgerald.
The Sir John Kothalawala College is located in the age range of 6
The Lao People's Armed Forces is a military force with an age range of 18
Andy Johnson is a writer for the San Francisco Chronicle.
Bob Hopkins Bob Hopkins 1.
Tom Workman is a workmto01
Stanley Brundy is a writer for the BBC.
The Journal of Nanoparticle Research is published in the journal of the American Journal of Nature.
The Comprehensive Reviews in Food Science and Food Safety. codename CRFSBJ
The Physical Review Focus is codenamed PRFHAQ
The Byham Theater is currently used for the Performing arts center
The San Diego Civic Theatre is currently used for the performing arts.
The Union Theatre is currently used for the Professional and amateur theatre
The Ed Sullivan Theater is currently used for the Ed Sullivan Television studio
The Hotel Manger was demolished on the same date. 1983-05-15
The Tiffany Theater is scheduled for demolition date. 2013-08-08
The San Mamés Stadium was demolished on the same date. 2013-06-06
The Milwaukee County Stadium was demolished on the same date. 2001-02-21
The Yankee Stadium is scheduled to be demolished on the 2010-05-13
The Environment and Behavior of the Earth is an impact factor as of January 2019.
The Ideal TV is on its last air date. 2009-07-20
Radio Luxembourg is the last air date of the Radio Luxembourg.
The Deutscher Fernsehfunk was first broadcast on the German television network in 1991-12-31
Lévis maximum elevation is 283.0
The maximum elevation is 26.0
Thil-sur-Arroux is the maximum elevation of the French Alps. 472.0
John Odaate – Barnor College, Barnor. John Odaates is the Commandant of the Armed Forces Staff College
The 6th Army was commanded by Konstantin Avksentevsky.
The military command of No. 48 Squadron
Wilson Elser Moskowitz Edelman & Dicker.
The Fountain Court Chambers is the largest number of offices in the city.
The Wragge & Co. has a number of offices.
The Harris Beach Police Department has the number of offices in the city.
The Journal of Transport and Land Use is open access content.
The Materials Today is open access content.
BioMed Research International is open access content.
The Wuxi Metro is carrying approximately 2,200 passengers per day.
The Codiac Transpo is carrying 5192 passengers per day.
The Chester Hill railway station is used by the Sydney Trains.
The Bois-Franc station was built in the 1930s.
The INDECT project budget funding is 1.0906984E7
The ETOX is funded by project budget funding.
The PREDICT is funded by project budget funding. 2.0E8
The Idaho and Washington Northern Railroad is a railroad.
The Metropolitan Street Railway is a track length of 77000.0
The Viramgam–Maliya Miyana section is the longest track length of the 142000.0
The Samarang–Joana Stoomtram Maatschappij is a track length of 4.000.0
The Bartlett and Albany Railroad is a track length of 16093.4
The State Railways and Seaports Administration is responsible for the track length of the following track length:
The Ghanaian gini coefficient is 43.5
The Myanmar gini coefficient is 30.7
The Eswatini coefficient is 54.6
The Shea's Performing Arts Center is reopening date is 1976-02-25
Estadio Municipal Germán Becker is reopening date. 2008-11-05
Regal Cinema, Dublin. reopening date: 1955-08-19
Indiana Farmers Coliseum is reopening date. 2014-04-24
The Burton Cummings Theatre is reopening date is 1945-11-03
The WFNY is a broadcast network.
The Cleveland Cavaliers Radio Network is a broadcast network.
The KMSU is a broadcast network. AMPERS
The Corinthia Hotel Budapest is part of the Corinthia Hotels International
The George Hotel, Reading.
Westin Seattle is a chain of hotels and resorts. Westin Hotels & Resorts
The 1905 Open Championship was won by the champion, James Braid
The 1978 LPGA Championship was won by the LPGa champion Nancy Lopez
The 1959 European Amateur Team Championship was won by the Swedish champion. Nils Odqvist
The French International Lady Juniors Amateur Championship was won by the champion. Francesca Fiorellini
The 2021 Mutua Madrid Open is the first ever women's doubles event in double female.
The 1984 Wimbledon Championships was won by the double female champion. Pam Shriver
The 1911 U.S. National Championships was won by the champion in double female. Hazel Hotchkiss Wightman
The 1997 Grand Prix Hassan II was won by the champion in double male.
The 1987 US Open was won by the double male. Stefan Edberg
The 2017 German Open was won by the champion in double male. Mate Pavić
The 2018 Nielsen Pro Tennis Championship was won by the champion in double male.
The 1971 French Open was won by the mixed double. Françoise Dürr
The 1991 French Open was won by the mixed double. Cyril Suk
The 1986 US Open was won by the champion in mixed double. Sergio Casal
The 1997 Japan Open Tennis Championships was won by the champion in single female. Ai Sugiyama
The 1999 NCAA Division I Women's Tennis Championships was won by the champion in single female.
The 1969 Cincinnati Open was won by the champion in single male. Cliff Richey
The 2012 President's Cup was won by the champion in single male.
Roger Federer wins 2005 NASDAQ-100 Open.Federer is the first champion in single male tennis. Roger Federer
The 1988 Suntory Japan Open Tennis Championships was won by John McEnroe.
The 2010 Swiss Indoors was won by the Swiss champion in single male. Roger Federer
The Loco-Motion is a new computing platform. Tomy Tutor
The Duel Hand Disaster: Trackher is a new computing platform for Microsoft Windows.
The Pirate Adventure is based on the ZX Spectrum.
The Q-Squared is a cover artist for the Q-squared.
The Universe 11.0 cover artist is Roger Zimmerman
The Universe 3.0 cover artist is Bob Silverman
The Treasury of Science Fiction Classics is a collection of science fiction novels by Richard Powers.
The Carrot cake is a variant of the Carrot Cake.
The Rhino Horn bananas are a hybrid of Musa acuminata
Rosa 'Chicago Peace' is a hybrid.
Eunidia kristenseni is a kingdom.
The Athleta boswellae is a kingdom of the Animal
The Sarcophaga carnaria is a kingdom of the Animal
The Macellocerus is a kingdom of the Animal
The Electric Ireland is located in the city of Dublin.
The Henri Lloyd is a former city manager of Gothenburg
The Brandwatch Qriously is located in the Brighton
Limbic Software, Inc. 1 is located in the city of San Jose, California
The Southeast Television is based in the country of China.
The Himalaya TV is broadcast in the Himalaya.
Something Rotten!
The Sea Cabinet is written by Gwyneth Herbert.
The Tik-Tok Man of Oz is written by Frank Baum.
The Harbanspura Interchange is located on the Lahore Ring Road.
The Springs Junction is a meeting road. State Highway 65
The Si Kak Phraya Si is located on the Fueang Nakhon Road.
The Saphan Khwai is located on the Saphana Khwaphat Road.
The All I Have is music type.
Red Velvet is a song by the Red Velvet.
The Pilots is a music type.
Mi destino fue quererte.
Don't Ask Me is a song by the American singer-songwriter.
The Shell Shock is a non fiction subject. Peri Brown
The Elves' Hill is the original language of the Danish language
Phaedra's Love is in the original language.
The Euriphene conjungens is a phylum of the Arthropod
The Apicalia is a phylum of the Mollusca
The Lasiopates are a phylum of the Arthropod
Manchester Council is the only political party in the United Kingdom. Labour Party
The Oakland City Council is a political party of the Oakland Democratic Party.
Kira Town is a town in the South East of Uganda.
The Hedmark Political function 2. Hedmark is a member of the Centre Party.
The Pattusali is a population place in the state of Tamil Nadu
The French Canadians. population place.
Catalans are the largest population place in Italy
The Cypriot Russians are the largest population place in Limassol.
Ho-Chunk is a population place in the state of Iowa.
The Goodman Theatre is located in Hurlyburly.
The Wits Led by the Nose is the premiere place for the Wits.
The Homecoming is in its premiere place at Aldwych Theatre
WEGS is a Christian radio format.
The KEUN-FM is a radio programme format.
The Project Vista Vista project coordinator was William Alfred Fowler
ETOX is a project participant.
Virginia State Route 20 is a route that runs through the Virginia Wilderness.
The State Highway 246 is a route that runs through Mowad.
New Jersey Route 120 is a route junction between East Rutherford and East Rutherford, New Jersey
The National Highway 44 is a route junction between Dindigul
Massachusetts Route 143 is a route start from Hinsdale, Massachusetts
The New York State Route 91 is a route start from Truxton, New York
California State Route 175 is a route start from Hopland, California
BR-210 is a route start.
Mainz Hauptbahnhof is served by the West Rhine Railway.
The Davos Laret railway station is served by the Davos Platz railway line.
Bomen railway station is located on the Main Southern railway line.
The IWI ACE is used in war on drugs. Mexican drug war
The RPG-43 was used in war during the Troubles.
The 1916 1. used in war. World War I
RPO-A Shmel is used in war in Donbas.
The Panzerhaubitze 2000 was used in war in Afghanistan.
WPHP is a webcast.
Veronica Radio Veronica is a webcast.
The Bankia Bankia is a registered bank.
Unocal Corporation is a publicly traded company.
HNA Technology HNA Technology 1.0.0 is worth 117.966
CBZ Bank Limited is a bank with assets of 1.991E9
Sanagu Station is located at the Sanagu Station.
The Kwasa Sentral MRT station is located in the Kwasas Sentral.
The Catlin Covered Bridge is a pedestrian bridge. Pedestrian traffic
The Jiangjiehe Bridge is located on the Jiangjiaohe provincial road
The Angle Vale Bridge is a bridge carries the following motor vehicles.
The Stanley Ferry Aqueduct is a bridge carries the Aire and Calder Navigation
The Lottie Moon House was built in 1831.
Fort San Lucian was built in 1610–1611.
The A.S.D. Fersina Perginese.
The AS Vacoas-Phoenix is a small, but capable, vehicle. Capacity is 6200
Gostaresh Foulad F.C.
The 2017 Batangas earthquakes were reported to have killed at least 6
The 2020 Oaxaca earthquake is expected to have a total of 10
The Bicifadine is a drug that is used to treat the eMBL. 511099
Blake Marler.
Undibacterium pigrum
Pyotr Alexeyev' Resistance Movement is a Resistance Movement.
The 1896 Gloucester smallpox epidemic was the first confirmed cases of smallpox in the UK.
The COVID-19 pandemic in Alberta is confirmed cases. 335247
The Bor Dahegaon Dam is located in the northern part of the Earth.
The Kabeli B1 Hydropower Station is located in the Kabelis Basin.
The National Council of the People is an election date leader. 2020-12-15
Niuatoputapu Airport is elevation is 9.0
The elevation of the Sauk City, Washington is 71.9328
Fort Jones, California is elevation. 840.943
The Hermanos Ameijeiras Airport is located in the Hermanos.
The Dire Dawa Airport is located at the elevation of 1167.0
The Video Games Live is scheduled to end on the end of 2018-11-17
The South Ossetia Historical event 3. end date is 2008-08-26
The Central American Integration System Historical event 3. end date is 1960-12-13
The Dengue pandemic in Sri Lanka is estimated to have a fatality rate of around 1.5% by 2020
The 2018 Nipah virus outbreak in Kerala is the highest fatality rate in the state.
The 1929–1930 psittacosis pandemic was the first known fatality rate in the United States.
The Nipah virus outbreak in Kerala is the highest fatality rate in the state.
The Microsoft Swift key is the file size.
Crystal disk mark is a file size of 4e+06
Anki is a file size of 1.34e.
Vue scan is a file size of 6e+06
The Wentworth is the first air date for the series. 2020-07-28
The Vietnam Television was first air date. 1970-09-07
The Project Runway Philippines was first air date. 2009-08-12
The Degrassi: Next Class is scheduled for its first air date on September 30. 2017-06-30
The Ultimate Beastmaster is scheduled to air on the first air date of 2017-12-15
The Last Round Arthurs is published by the University of Edinburgh. The first publication date is 2018-07-20
The Suspicion of the Suspicions of the Unknown is published in the journal.
Dragon Nest is published by Dragon Nest. The first publication date is 2010-06-04
The Journal of Applied Psychology is published in the journal of Applied psychology.
The frequency of publication is reported in the Quarterly.
The Rapid Communications in Mass Spectrometry is published in the journal Nature Communications.
Nova srpska politička misao iskustvo. Image size is 300
Pork Porchetta is a traditional Italian dish with the ingredient name. pork,rosemary,garlic, andpepper
Meatball soup is made with Meatballs. Meatballs,Ground meat,rice,spices
Sol over Gudhjem. The ingredient name is Rugbrød, smokedherring,chives,egg yolk
Kari kapitan is the ingredient name of the Chicken
The Schiphol Airport railway station is handicapped accessible. 1
The Devon Avenue is part of the Devon Avenue. 6400 North
The Mandurah Road is part of the National Route 1.
Lornoxicam is a type of kegg. D01866
The North Dakota House of Representatives is scheduled to be held on the last election date. 2020-11-03
The Northamptonshire County Council was dissolved on the last election date. 2017-05-04
The Monaghan County Council is scheduled to hold its last election date. 2019-05-24
The Sahrawi National Council was dissolved on the last election date. 2012-02-20
Tomoyo After: It's a Wonderful Life is published by the University of California, Berkeley. The last publication date is 2007-10-20
The Sorcerer Hunters is published by the Sorcerer Hunters. The Sorcerer Hunters was published in 1996-08-25
The Amagi Brilliant Park is published by the Japanese company. The last publication date is 2016-09-09
The Therapy Game is published by the University of California, Berkeley.
The Salem Falls. lcc.
The Riverton–Belvidere Bridge is a load limit. 50802.3
The Taoya Bridge is a load limit. 2e+09
The Fletcher Covered Bridge is a load limit. It is 31751.5
The Nagoya Port Drawbridge is load limit. 4e+07
The Mac arthur Bridge is a load limit. 2e+07
The Hertfordshire Militia is a military unit size. 1–3 Regiments
The Kazan Metro is the largest number of lines in the country.
The Santa Clara Valley Transportation Authority is responsible for the number of lines.
The Davenport Citibus is a number of lines.
The Ningbo Rail Transit is the largest number of lines in China.
The Yugo-Zapadnaya is a platform level.
The Esquimalt station is located on the Esquimenalt.
The Mesonisi railway station is located on the Mesonis railway station.
Hillview MRT station is located on Hillview M.
The Księcia Janusza metro station is the largest in Poland. The number of tracks is 2
The Home Hill railway station is located on the number of tracks.
The Nervión is a number of tracks.
Lindevang Station is the number of tracks in the city.
The Girard station is located on the number of tracks.
The Jed Madela discography 2010 1.000.000 sold.
The List of best-selling albums by country 1994 3.
The Touched with Fire is a new game.
The Riddle of the Wren. oclc.
The Indian Journal of Dermatology, Venereology and Leprology is published by the Indian Journal oclc. 02884822
Carache Municipality is the original name of the Municipio Carache
The Heritage Crossing station is one of the other serving lines of the DART South Irving Go Link
The Kipling station is located on the other serving lines. Bloor West
Rosebank railway station is served by the following serving lines: UCTJammie Shuttle
The Jurong Town Hall MRT station is located at Jurong Road.
Rasskazovka is a parking information for the city of St. Petersburg.
The Viking Viking is a partial failed launch.
List of Delta 3 launches. List of partial failed launches.
The Long March 2E is a partial failed launches.
The Santa Fe Depot is carrying 47,000 passengers per year.
The Minami-Hinaga Station is used by about 690 passengers per year.
The 2014 Portugal legionellosis outbreak was the largest in the world.
The Lady Day at Emerson's Bar and Grill was premiered on the night of the premiere date. 1986-04-16
The Play Dead is set for the premiere date of 2010-11-10
The Trelawny of the 'Wells' was premiered on the night of the 1898-01-29
The Bottom Live: The Big Number Two Tour was released on September 11, 1995.
The Life of Rufus Dawes For the Term of His Natural Life 1. The year is 1886.
The Circle Mirror Transformation was premiered in the year 2009.
The Kanta is a premiere year.
Lille-Flandres station is located on the railway platforms.
Songjeong Park station is located on the railway platforms.
The Titagarh railway station is located on the Titagarhi railway platforms.
COVID-19 pandemic in Nunavut.
The COVID-19 pandemic in Normandy was one of the most successful recovery cases. 13743
COVID-19 pandemic in South Africa. Recovery cases are estimated at 2849558
The National Route 9 is a route that runs through the East.
New Brunswick Route 7 is a route that runs along the New Brunswick Route South
The State Highway 62 is a route start direction.
Apollo 12: 4225
The Kosmos 2380 is a satcat.
On the Rocks: A Political Comedy is set of play. The near future
The Sweat is a setting of play. Reading, Pennsylvania
The 1952 United States presidential election in Louisiana was held on the night of the 1952-11-04
The 2021 Estonian presidential election is scheduled to start on 2021-08-31
The 2006 Sarawak state election was held on the same day.Start date was 2006-05-20
The Yenikapı Transfer Center Yenikapaı 1 is a station structure.
Beixinjing station is the oldest station structure in China.
The DNA Reunion is the subject of a new book.
The COVID-19 pandemic in Haiti is suspected cases. 32304
The 1924 Los Angeles pneumonic plague outbreak was the first of the suspected cases.
The Vasoactive intestinal peptide receptor is a receptor of the ADCYAP1R1
The Chlorosome is a symbol of Bac chlorosome.
The Kelch motif is a symbol of the Kelch.
The 2017 Bauer Watertechnology Cup is a tennis surface type.
The Yenikapı Transfer Center Yenikakı 1.
The Arc-et-Senans station is the largest in the world.
The Ernakulam Junction railway station is the busiest in the state.
Tlatelolco metro station is the most visited station in the city. The percentage change is -41.57
The Buckower Chaussee station was electrified in the year of electrification. 0750
The Pasivedala railway station was electrified in the year of electrification. 0025
The 30th Street station was electrified in the year of electrification. 0700
The Metro kent is the first year of electrification. 0001
The Censorinus is a depth depth.0
The Cocheras.
The Titan is a Titan.
The Journal of Economic History is published by Jstor.
The Journal of Speculative Philosophy is published by the Jstor.
The Professional Ethics of the Professional Ethics is published by the Professional ethics organization.
The Federal Law Review is a public policy journal.
The Barnase is a pdb.
RAR-related orphan receptor is pdb.
The Journal of Historical Review is peer reviewed. 0
Pendleton Heights High School is located in the Madison County, Indiana
The Sharnbrook Academy is located in the county of Bedfordshire
The Canat Elementary School is located in the city of Canat.
The Bishop Blanchet High School is located in King county. King County, Washington
Prendergast School is located in the county of London
Kingsway Tunnel Kingsway Tunnel 1. route end location is in Merseyside
The Discovery Bay Tunnel is the route end location. Siu Ho Wan
The Tauern Railway Tunnel is located in Salzburg.
The Jeddo Tunnel is located at the route start location. Black Creek
The Saverne Tunnel is a route start location. Eckartswiller
The Robertson Tunnel is located in Goose Hollow, Portland, Oregon
Acura TSX 2010 1.0.0 sales.
BMW 5 Series 1999 1.0.0 sales. 38218
Phoemela Baranda was active for a total of ten years. 1999–present
The Merignac internment camp was active from 17 November 1940 – 26 August 1944
Casoli internment camp. active years. 1940
Maria Eriksson. active years: 2009-present
Almaeon in Psophis. The character in play is played by Young women
The Sailors from salamis.
Philoctetes is a Greek chorus character in play.
The Warsaw concentration camp was originally used for the Warsaw Gęsiówkap.
The Szebnie concentration camp was originally used for the Internment
The Mazibuko M1B is a M1A.
The Voyah Free is a range of 500
The BAZ-6909 is a range-topping BAZ 1000
The KZKT-7428 is a range-topping 1500
Natzweiler-Struthof concentration camp Natzweil-Strutof 1.5,000 victims were mainly resistance fighters from occupied European nations
The Monowitz concentration camp was built by the Nazi concentration camp.
The Kaufering concentration camp complex was built by the Jews.
The Sušica camp was built by Bosniaks.
The Red Bridge is built from construction material.
The Landwasser Viaduct was built in the year 2000.
The Jamestown Verrazzano Bridge was constructed using the construction material of Concrete
The Kentucky Channel is a former broadcast network. KET is now owned by the Kentucky Broadcasting Corporation.
The NBC Montana is a former broadcast network.
Wayne Meylan was named to the All-America Team.
Thomas Joseph Kelly is a member of the National Museum of Racing and Hall of Fame
Robert H. Michel is a recipient of the Purple Heart.
The Order of St Michael and St George is a class of the Order of the St George.
Carlos Alberto dos Santos Cruz is a recipient of the Order of Aeronautical Merit
The Stagecoach Yorkshire is an important station. Rotherham Interchange
Stagecoach Yorkshire is an important station. Meadowhall Interchange
Telemark Bilruter is an important station. Vrådal
