Chiltern Firehouse serves American cuisine.
Hof van Cleve serves French cuisine.
Lucy's Cafe serves Italian cuisine.
Sushi of Gari is a dish that is served in Japan.
The MV American Integrity has the call sign WDD2875.
The MS Nordlys has the call sign LHCW.
The call sign of Pallada is UDUI.
ZGGD3 is the call sign of Aquarius.
The MV Hansa Brandenburg has the call sign A8ES9.
Irish Car Rentals has the ICR-logo.jpg as their logo.
The logo of the Bank of Mexico is Logobm.svg.
Numa F. Montet was an alum of Northwestern State University.
Francis Scarpaleggia was an alum of Concordia University.
Alan Bible was an alum of Georgetown University Law Center.
Esther Armah worked for Kwesi Armah.
Adam de Wodeham was a member of the William of Ockham staff.
Charles Canivet's works are for Amédée Thierry.
The musical genre of Danielle Ate the Sandwich is Packed in a Trunk: The Lost Art of Edith Lake Wilkinson.
The music for Tales of Symphonia is by Motoi Sakuraba.
Dan Jones is the music director of the film "My Scientology Movie".
The actor in Commando is Leo Anchóriz.
Snowy Baker is an actor in Sleeping Acres.
The character, Professor Dowell's Testament, is also known as Natalya Sayko.
The Stool Pigeon's character is Nicholas Tse.
The Spot Blue International Property has a duns of 736032835.
The Co bank has a duns of 075770271.
The Deutsche Presse-Agentur has a duns of 316842400.
Robert Karabinchak is in the image "rob karabinchakov.jpg".
Salbutamol is a prescription drug.
Bendroflumethiazide is a prescription drug.
Insulin aspart is a prescription drug.
The Minuscule 850 is in Greek.
The book "Millicent Min, Girl Genius" is written in English.
The Way of the Sufi is written in English.
The book Another Fine Myth is written in English.
Angiotensin-converting enzyme is involved in the development of kidney disease.
The Innate immune system is involved in the biological process of MX1.
LYN is involved in the Haematopoiesis process.
LRRK2 is involved in the autophagy process.
The 2011 Challenge Bell is a super event on the 2011 WTA Tour.
Billings Gazette has the ISSN 2372-868X.
The ISSN number of the Nelson Daily News is 0832-431X.
The ISSN is 1869-5493.
The ISSN number of La Croix is 0242-6056.
Vetus Latina is an example of work from the Bible.
The Taming of the Shrew is a book that was written after the publication of "Tales from Shakespeare".
Two Dogmas of Empiricism is about Logical positivism.
The book Best Shot in the West is about Children's literature.
Aditus to mastoid antrum is connected to the Tympanic cavity.
The Ureter is connected to the Renal pelvis.
The outer ear is connected to the Middle ear.
The Right atrium is connected to the Right ventricle.
A Klingon Christmas Carol is a work example of A Christmas Carol.
The Province of Catanzaro contains the city of Martirano.
Kranenburg, North Rhine-Westphalia is located in Frasselt.
Fuentes de Ayódar is the name of the place of Alto Mijares.
Angaraes Province is the location of the Department of Huancavelica.
The Basics is the book The Age of Entitlement.
Swami is the artist of Sugarless.
The Angle of Entry was created by The Mutton Birds.
James Baxter is a contributor to Simba.
Ryōzen is a contributor to Ogura Hyakunin Isshu.
Milt Kahl is a contributor to King Louie.
 Hiroshi Murakami is a contributor to Ginkai.
Ogura Hyakunin Isshu is a contributor to Inpumon'in no Tayū.
The Last Wedding was published in Vancouver.
The location of the Canción de Juventud is Catalonia.
 Count Arthur Strong is located in London.
The parent of Claudia Octavia is Claudius.
Testosterone sulfate is a part of the CC12CCC3CCCC34C family.
Granulysin is the encoder of GNLY.
The protein phosphatidylethanolamine binding protein 1 is an element of the raf kinase inhibitor protein.
The CDKN2A has P16 as an encodifier.
Abdominal pain is a symptom of Crohn's disease.
Stereotypic movement disorder is a symptom of Stereotypy.
The symptom of Plague is Shock.
The Intracranial aneurysm has a sign or symptom called Confusion.
Joseph E. Meyer's home is Meyer's Castle.
Michael Paul Britto lives in New York City.
Kent Smetters is located in Philadelphia.
The home of Lucius E. Burch Jr. is Collierville, Tennessee.
Doris Schmiel lives in Pankow.
The telephone number of Torpoint Community College is "+44-1752-812511".
The number of the Knowl Hill School is "+44-1483-797032".
The telephone number of Quarrydale Academy is "+44-1623-554178".
Abitibi-Consolidated is the sub organization of Resolute Forest Products.
The Commonwealth of Nations is governed by the Commonwealth War Graves Commission.
The Department of Canadian Heritage is a sub organization of Library and Archives Canada.
Télébec is a sub organization of Bell Canada.
The East Central Railway zone has a sub organization called Dhanbad railway division.
Aromatase is encoded by the Cytochrome p450 family 19 subfamily a member 1.
The protein Alpha-amylase is encoded by the bio chem entity AMY1C.
The ST2 cardiac biomarker is encoded by the bio chem entity IL1RL1.
Sergey Lagutin is a competitor at the 2018 Tour of Norway.
Joseph Charles Walsh knows the English language.
Marisa Ferretti Barth knows the English language.
The language of Empedocles is Ancient Greek.
Maria Iovleva knows Russian.
Isaac Halstead Williamson knows the English language.
Acetylcholinesterase is located in the subcellular location of Basal lamina.
Basigin is located in a subcellular location in cell membrane.
Galactose-1-phosphate uridylyltransferase is located in the subcellular location of the Cytoplasm.
SOX1 is located in the cell nucleus.
Pilot is part of the series Faking It.
The Simpsons is the series that has The Fight Before Christmas as one of its episodes.
The Ascent is part of the Star Trek: Deep Space Nine series.
The encoding of the M3U is x-mpegurl.
The View of Bentheim Castle was created in Haarlem.
Spoleto is the location of Teodelapio.
The Landscape at Auvers in the Rain is located in Auvers-sur-Oise.
The location of Still Life with Profile of Laval is Pont-Aven.
The Moerkerke was contained in place in Damme.
Borden, Western Australia is contained in Division of O'Connor.
Lang Chánh District is contained in the Thanh Hóa Province.
The Punta Prieta Airstrip is contained in Baja California.
Tony Maylam is a Screenwriter.
Roy Wang is a singer-songwriter.
Football player Franco Perinciolo has a career as a footballer.
All Things at Once is ISBN 978-1-60286-111-4.
The Asterix and the Chieftain's Shield is ISBN 2-01210-143-7.
The ISBN number of Team Batista no Eikō is 978-4-7966-5079-3.
The ISBN number of Some Prefer Nettles is 978-4-12-203556-0.
The ISBN number of Asterix and the Goths is 978-2-01210-135-7.
Māhū is the gender of Hinaleimoana Wong-Kalu.
John the Orphanotrophos is a Eunuch.
The gender of the Invincible is non-binary.
John Sartorius has two children: Francis Sarto and John Sartoria.
William Randolph Hearst was the eldest of the Hearst children.
Jean-Baptiste Vuillaume owns Lauterbach Stradivarius.
The Wedding Dress of Jacqueline Bouvier is owned by Jacqueline Kennedy Onassis.
Qaboos bin Said owns Al Said.
The Viceroy of Ouidah is the book that Cobra Verde is based on.
Amalek is a character in the book of Exodus.
Marius Petipa is the character in Nights of Farewell.
Black Hippy was founded in South Los Angeles.
Boøwy was founded in Takasaki.
The Camellia Factory was founded in Tokyo.
Lone Signal was founded in New York City.
The founding location of Crazy Lixx is Malmö.
The Imperialism of Free Trade is a pagination of 1-15.
BRAF is expressed in the Stomach.
The molecular function of ISCU is Plasma protein binding.
HLA-G has a Plasma protein binding function.
GRIA1 has a Plasma protein binding function.
The lyricist of Welcome to the Jungle is Slash.
Lina Sandell is the lyricist of Day by Day.
Paul Mc cartney is the lyricist of Norwegian Wood.
House of Fabergé is the provider of Hen with Sapphire Pendant.
Mastermind is managed by Parker Brothers.
The Metamorphosis is the citation of 1Q84.
 Send in Stewie, Please is part of the season of Family Guy.
Albatross is part of the Star Trek: The Animated Series.
The book Elegy for a Pig is part of the season Adam-12.
Nelfinavir is a drug that can be used in Irinotecan.
The bio chem interaction of Domperidone is Clarithromycin.
The e medicine topic is 2548.
COVID-19 has 25318 active cases.
The number of active cases of the COVID-19 pandemic in the Australian Capital Territory is 495.
The Eluru outbreak has 0 active cases.
The number of active cases of the COVID-19 pandemic in Newfoundland and Labrador is 22.
The Swiss Personalized Health Network has a total budget of 6.8E7.
WACOM has a total budget of 380000.0.
The Innovative Medicines Initiative has a total budget of 2.0E9.
Candesartan has 15.0 grams of bioavailability.
The bioavailability of Promethazine is 88.0.
There are 96 members of staff at Saint Mary's University of Minnesota.
The British Quarterly Review was published in 1886.
Child Language Teaching and Therapy was published in 1985.
The Goonyella railway line has a length of 477000.0.
Chikuhi Line has a length of 42600.0.
Blue line is 24800.0 long.
The Tokyo Metro Marunouchi Line has a length of 27400.0.
Husemersee has a maximum depth of 14.3.
Limassol Salt Lake has a maximum depth of 1.0.
The maximum depth of Kenas Lake is 188.5.
The maximum depth of Dieksee is 38.0.
Halbendorfer See has a maximum depth of 26.0.
Littler Mendelson has 1500 lawyers.
There are 625 lawyers at Taft Stettinius & Hollister.
The Rose Law Firm has 34 lawyers.
Line 2 has 23 stations.
The number of Newark Light Rail stations is 17.
There are 2 stations on the Shelbourne railway line.
The Falcon 9 has 1 unknown outcome.
New Shepard has an unknown outcome.
The average depth of Carnero Lake is 1.8288.
Lake Musconetcong has an average depth of 1.524.
The average depth of Chaparral Lake is 3.048.
The average depth of Shawano Lake is 2.7432.
The complexity of Confederate cush is 2.
Mămăligă has a complexity of 1.
Abdollah Nouri won the election majority of 448874.
Abolghasem Khazali won the election majority of 107311.
The election majority of Mohammad Khoshchehreh was 578674.
The election majority of Ali Fallahian was 386767.
Greg Bowen has an individualised gnd of 320322793.
The PNP transistor has an individualised gnd of 4174948-0.
Karl Pommerhanz has an individualised gnd of 126961069.
7 piers in water are found at the CPR Bridge.
The number of piers in water at Tees Newport Bridge is 2.
The number of piers in water at Flehe Bridge is 1.
METRORail has 39 vehicles.
There are 89 vehicles on the Light Rail Transit.
Pamplona City Transport has 34 vehicles.
There are 18 vehicles on the Iskandar Malaysia Bus Rapid Transit.
Booker T. Washington National Monument has had a total of 83 visitors as of 2012.
Arlington House, The Robert E. Lee Memorial has had a total of 108 visitors as of 2011.
The Kolkata Metro has a voltage of 750.0.
The Prague Metro has a voltage of 750.0.
The Berlin U-Bahn has a voltage of 750.0.
The approximate calories of a Strained Yogurt are 557000.0.
The approximate calories of Pogača are 820613.0.
The project keyword of Diffused lighting camouflage is Active camouflage.
The project keyword of Probability is Statistics,Probability.
The start date of the project, the "Earth Bio genome Project," was January 1, 2018.
The start date of Project Vista was April 1st, 1951.
The start date of the Research Domain Criteria project was January 28th, 2010.
The start date of the Chevert expedition was 1875-05-18.
Ray Reardon won the World Champion title in 1978.
The ACT Score for St. Thomas Aquinas High School is " ACT".
The celestial body known as Persian blue has the connotation of Heaven.
The cultivated variety of Nepenthes 'Vittata' is Bruce Lee Bednar.
The focus of emergency medicine is on Acute.
Anesthesiology has a focus on Anesthesia.
The European Commission is the funding source of TREAT-NMD.
The gdp per capita of the Song dynasty is 26.5.
Oat milk has a glycemic index of 60.
The Outer Ring Road System is located at the Singapores Expressways.
The primary interatrial foramen has a Circulatory system.
Sex cords are part of the reproductive system.
The project Vista ended on the 1st of January, 1951.
The INDECT project ended on June 30th 2014.
Whiteout was published in Japan.
The General Motors W platform is the Oldsmobile Intrigue.
General Motors Epsilon is a vehicle similar to the Cadillac XTS.
Eduard Bloch was a victim of Drancy internment camp.
Selma Engel-Wijnberg was a victim at the Westerbork transit camp.
Tristan Bernard was a victim of Drancy internment camp.
The Foulridge Tunnel is a waterway through the Leeds and Liverpool Canal.
The Riqueval Tunnel is a waterway through the Canal de Saint-Quentin.
Queen's Square, Sydney is located at Phillip Street, Sydney.
Aberdeen Street is located in Central Hong Kong.
The address of the Gallivan Center is in Salt Lake City.
Khatik Mohalla Street is located in the address in Road, Shahpura, Bhilwara.
Souq Qabil's address is in Road, Saudi Arabia.
The Bethlehem High School is in the Catholic Church.
The Legacy Christian Academy is non-denominational.
Ancho Peak is the highest peak of the Jicarilla Mountains.
Cima d'Ambrizzola is the highest CODA da Lago.
Malong is the highest Malong mountain.
The Kalatungan Mountain Range is the highest of Mount Kalatuna.
The NASA Astronaut Group 21 was the selection of Christina Koch.
Yousra Matine plays in the Moroccan sport.
Zhou Yuelong is a Chinese sport.
Hiriko has a Lithium-ion battery.
The Nissan Kicks P15 1 has a Panasonic battery.
The Audi Q5 Second generation 80A 1 has a Lithium-ion battery.
The current production of the Mercury Theatre, Colchester is Educating Rita.
The current production of Apollo Theatre is Magic Goes Wrong.
The current production of Palace Theatre, London is Harry Potter and the Cursed Child.
The taoiseach of Fergus O'Brien Tenure 1 is Garret Fitz gerald.
The number of students at the Sir John Kothalawala College is 6.
The Lao People's Armed Forces is 18.
The bbr is johnsan01.
Bob Hopkins Bob Hopkins 1 has a hopkibo01.
Tom Workman's bbr is workmto01.
Stanley Brundy's bbr is brundst01.
JNARFA is the coden of the Journal of Nanoparticle Research.
The CODEN for Comprehensive Reviews in Food Science and Food Safety is CRFSBJ.
The coden of Physical Review Focus is PRFHAQ.
The Byham Theater is currently used for the Performing Arts Center.
San Diego Civic Theatre is currently used for performing arts.
Union Theatre is currently used for both professional and amateur theatre.
Ed Sullivan Theater is currently used for the Television studio.
The Hotel Manger was demolished on 15th May 1983.
The Tiffany Theater was demolished on August 8th 2013.
San Mamés Stadium was demolished on June 6th 2013.
The Milwaukee County Stadium was demolished on 2001-02-21.
The Yankee Stadium was demolished on May 13th, 2010.
The impact factor of Environment and Behavior is 2019.
The last air date of Ideal TV was July 20th 2009.
The last air date of Radio Luxembourg was on the 30th December 1992.
Deutscher Fernsehfunk last air date was on 31 December 1991.
The maximum elevation of Lurcy-Lévis is 283.0.
Macau, Gironde has a maximum elevation of 26.0.
The maximum elevation of Thil-sur-Arroux is 472.0.
John Odaate Barnor was the Commandant of the Armed Forces Staff College.
The commander of the 6th Army was Konstantin Avksentevsky.
Thomas Langford-Sainsbury was in the military command of No. 48 Squadron.
Wilson Elser Moskowitz Edelman & Dicker has 38 offices.
Fountain Court Chambers has 2 floors.
W Wragge & Co has 8 offices.
Harris Beach has 12 offices.
The Journal of Transport and Land Use is open access.
Materials Today has an open access status.
The BioMed Research International is open access.
Wuxi Metro has a total of 223200 passengers per day.
The Codiac Transpo has 5192 passengers per day.
The Chester Hill railway station has a system of the Sydney Trains, NSW Train link.
The Bois-Franc station has a system called Exo.
The INDECT project has a budget of 1.0906984E7.
The ETOX project has a budget of 1.87E7.
The PREDICT project has a budget of 2.0E8.
The Idaho and Washington Northern Railroad's reporting mark is I&WN.
The Metropolitan Street Railway has a length of 77000.0.
The Viramgam-Maliya Miyana section has a length of 142000.0.
The Samarang-Joana Stoomtram Maatschappij has a track length of 417000.0.
The Bartlett and Albany Railroad has a length of 16093.4.
The State Railways and Seaports Administration's track length is 1.73e+06.
The gini coefficient of Ghana is 43.5.
The gini coefficient of Myanmar is 30.7.
The Eswatini has a gini coefficient of 54.6.
The reopening date of Shea's Performing Arts Center was February 25, 1976.
Estadio Municipal Germán Becker was reopening on 2008-11-05.
The reopening date of the Regal Cinema, Dublin is 1955-08-19.
Indiana Farmers Coliseum was reopening on 2014-04-24.
The Burton Cummings Theatre was reopening on the 3rd November 1945.
WFNY's broadcast network is Fox News Radio.
WLTP is broadcast by Cleveland Cavaliers Radio Network.
AMPERS is the broadcast network of KMSU.
The Corinthia Hotel Budapest is a member of the Corinthia Hotels International chain.
The George Hotel, Reading is a member of the Mercure chain.
Westin Hotels & Resorts is a chain of Westin Hotel & Resort.
James Braid was the champion of 1905 Open Championship.
Nancy Lopez was the 1978 LPGA Championship champion.
Nils Odqvist was the European Amateur Team Championship champion.
Francesca Fiorellini was the champion of the French International Lady Juniors Amateur Championship.
The 2021 Mutua Madrid Open has a champion in the double female category, Kateřina Siniaková.
The 1984 Wimbledon Championships was won by Pam Shriver.
Hazel Hotchkiss Wightman was the champion in the 1911 U.S. National Championships.
João Cunha e Silva was the champion in the 1997 Grand Prix Hassan II.
Stefan Edberg was the champion in the 1987 US Open.
The German Open has a champion in the double male category, Mate Pavić.
Jeevan Nedunchezhiyan was the champion in the 2018 Nielsen Pro Tennis Championship.
The 1971 French Open was won by Françoise Dürr.
The 1991 French Open was won by Cyril Suk.
Sergio Casal was the previous US Open champion.
The 1997 Japan Open Tennis Championships was won by a single female.
Zuzana Lešenarová was the champion in the 1999 NCAA Division I Women's Tennis Championships.
The 1969 Cincinnati Open was won by Cliff Richey.
Evgeny Donskoy was the champion of the 2012 President's Cup.
Roger Federer is the champion of the 2005 NASDAQ-100 Open.
John McEnroe was the champion at the 1988 Suntory Japan Open Tennis Championships and he was also a single male.
Roger Federer is the Swiss Indoors champion.
Tomy Tutor is the computing platform for Loco-Motion.
A Duel Hand Disaster is written on the Microsoft Windows system.
The Pirate Adventure is powered by the ZX Spectrum.
The cover artist of Q-Squared is Keith Birdsong.
Roger Zimmerman is the cover artist of Universe 11.
Bob Silverman is the cover artist of Universe 3.
Richard Powers is the cover artist of The Treasury of Science Fiction Classics.
A variant of Carrot cake is Kirsch.
Rhino Horn bananas are a hybrid of Musa acuminata.
Rosa 'Chicago Peace' is a sport.
The Eunidia kristenseni kingdom is Animal.
The kingdom of Athleta boswellae is Animal.
Sarcophaga carnaria is in the kingdom of Animal.
Macellocerus is a member of the Animal kingdom.
Electric Ireland is located in Dublin.
Henri Lloyd is located in Gothenburg.
Brandwatch Qriously is located in Brighton.
Limbic Software, Inc. is located in California.
Southeast Television is located in China.
Himalaya TV is located in Nepal.
Karey Kirkpatrick is the singer of Something Rotten!
Gwyneth Herbert is the author of The Sea Cabinet.
The musical genre of The Tik-Tok Man of Oz is L. Frank Baum.
The Lahore Ring Road is the meeting road for Harbanspura Interchange.
The meeting road at Springs Junction is State Highway 65.
The meeting road for Si Kak Phraya Si is Fueang Nakhon Road.
Saphan Khwai's meeting road is Pradiphat Road.
All I Have is a single.
Red Velvet is a single.
Pilots is a single.
Mi destino fue quererte is a musical genre of music.
Don't Ask Me is a single music type.
The non fiction subject of Shell Shock is Peri Brown.
The original language of Elves' Hill is Danish.
The original language of Phaedra's Love is English.
Arthropod is the phylum of Euriphene conjungens.
Apicalia is a member of the Mollusca phylum.
Lasiopates is a member of the Arthropod phylum.
The Labour Party is the political party in the legislature of Trafford Council.
The Oakland City Council is led by the Democratic Party.
Ibrahim Ssemujju Nganda is a politician in Kira Town.
The Hedmark Political function 2 is led by the Centre Party.
Pattusali is a Tamil Nadu population place.
Quezon is the home of French Canadians.
Catalans are from Italy.
Limassol is the population place of the Cypriot Russians.
The population place of Ho-Chunk is Iowa.
The Goodman Theatre was the premiere place of Hurlyburly.
London is the premiere place of Wits Led by the Nose.
The film The Homecoming was shown at Aldwych Theatre.
WEGS is a Christian radio program.
The KEUN-FM's programme format is Swamp pop.
William Alfred Fowler was the project coordinator for Project Vista.
Esteve was a project participant of ETOX.
Virginia State Route 20's end is Wilderness, Virginia.
Mowad is the end of State Highway 246.
The New Jersey Route 120 is located at East Rutherford, New Jersey.
The National Highway 44 is found in Dindigul.
Hinsdale, Massachusetts is the start of Massachusetts Route 143.
The New York State Route 91's start is in Truxton, New York.
The California State Route 175's start is Hopland, California.
The start of the BR-210 is Pedra Branca do Amapari.
The Mainz Hauptbahnhof serves the West Rhine Railway.
The Davos Laret railway station serves the Landquart–Davos Platz railway line.
The Bomen railway station serves the Main Southern Railway line, New South Wales.
IWI ACE is used in the Mexican drug war.
RPG-43 was used in war during the Troubles.
The 1916 1 was used in World War I.
RPO-A Shmel was used in war in Donbas.
The Panzerhaubitze 2000 was used in the War in Afghanistan.
WPHP webcast is wphs.m3u.
Veronica-rockradio is the webcast of Radio Veronica.
The total assets of Bankia is 1.79098E11.
Unocal Corporation has a net asset of 1.3101E10.
HNA Technology HNA Technology 1 has an assets of 117.966.
The total assets of CBZ Bank Limited is 1.991E9.
Bicycle information is available at Sanagu Station.
Bicycle information is not available at Kwasa Sentral MRT station.
The Catlin Covered Bridge is a Pedestrian Bridge.
The Jiangjiehe Bridge is on the S205 provincial road.
The Angle Vale Bridge is made of Motor vehicles.
The Aire and Calder Navigation Bridge is a branch of the Stanley Ferry Aqueduct.
The Lottie Moon House ended its building in 1831.
Fort San Lucian's building ended on 1610–1611.
A.S.D. Fersina Perginese has a capacity of 2000.
AS Vacoas-Phoenix has a capacity of 6200.
Gostaresh Foulad F.C. has a capacity of 12000.
The Batangas earthquakes have 6 casualties.
The 2020 Oaxaca earthquake has 10 casualties.
Bicifadine has a ch eMBL of 511099.
Blake Marler's classification is Final, recurring.
The colour of Undibacterium pigrum is lightgrey.
Pyotr Alexeyev' Resistance Movement's colour name is Red.
The 1896 Gloucester (smallpox) epidemic has been confirmed since 2000.
The number of confirmed cases of the COVID-19 pandemic in Alberta is 335247.
The Bor Dahegaon Dam is described as "Earthfill".
The Kabeli B1 Hydropower Station is described as "Gravity".
The National Council's election date is 2020-12-15.
The elevation of Niuatoputapu Airport is 9.0.
Sauk City, Washington is elevated 71.9328.
Fort Jones, California has an elevation of 840.943.
The elevation of Hermanos Ameijeiras Airport is 100.0.
The Dire Dawa Airport is 1167 metres above sea level.
The end date for Video Games Live is November 17th, 2018.
South Ossetia Historical event 3 ended on 2008-08-26.
The Central American Integration System Historical event 3 ended on 1960-12-13.
The Dengue pandemic in Sri Lanka has a fatality rate of 2020.
The Nipah virus outbreak in Kerala has 89 fatality rates.
1930 psittacosis pandemic has a fatality rate of 15.
The Nipah virus outbreak in Kerala has 100 fatality rates.
The Microsoft Swift key has a file size of 1.618e+08.
The Crystal disk mark is 4e+06.
Anki has a file size of 1.34e+08.
The Vue scan has a file size of 6e+06.
Wentworth first air date was on the 28th July 2020.
The first air date of Vietnam Television was on the 7th September 1970.
The first air date of Project Runway Philippines was August 12th 2009.
Degrassi: Next Class first aired on 30th June, 2017.
The first air date of Ultimate Beastmaster was on the 15th of December, 2017.
The first publication date of Last Round Arthurs was July 20th, 2018.
Suspicion was first published on August 12th, 1984.
Dragon Nest was first published on June 4th, 2010.
The Journal of Applied Psychology is published in Monthly.
The Pinball Quarterly is the frequency of publication.
The publication of Rapid Communications in Mass Spectrometry is biweekly.
The Nova srpska politička misao has an image size of 300.
Pork,rosemary,garlic andpepper are ingredients in Porchetta.
Meatballs,Ground meat,rice andspices are ingredients in Meatball soup.
The ingredients of Sol over Gudhjem are: Rugbrød, smokedherring,chives,egg yolk.
Chicken is an ingredient in Kari kapitan.
The Schiphol Airport railway station is handicapped accessible 1.
The address of Devon Avenue is 6400 North.
Mandurah Road is part of National Route 1.
D01866 is the kegg of Lornoxicam.
The last election date for the North Dakota House of Representatives was on the 3rd November 2020.
The last election date for Northamptonshire County Council was May 4, 2017.
Monaghan County Council's last election date was on the 24th May 2019.
The Sahrawi National Council's last election date was on the 20th of February, 2012.
Tomoyo After: It's a Wonderful Life was last published on 20th October 2007.
The last publication date of Sorcerer Hunters was August 25th 1996.
Amagi Brilliant Park was last published on September 9th 2016.
Therapy Game was last published on March 14, 2017.
PS3566.I372 S26 2001 is the lcc of Salem Falls.
The Riverton-Belvidere Bridge has a load limit of 50802.3.
The Taoyaomen Bridge has a load limit of 2e+09.
The Fletcher Covered Bridge has a load limit of 31751.5.
The Nagoya Port Drawbridge has a load limit of 4e+07.
The Mac arthur Bridge has a load limit of 2e+07.
The Hertfordshire Militia has a 1–3 Regiments.
There are 1 line at Kazan Metro.
There are 70 lines at the Santa Clara Valley Transportation Authority.
The number of lines in the Davenport Citibus is 13.
Ningbo Rail Transit has 5 lines.
There are 1 Yugo-Zapadnaya platform level.
The Esquimalt station has 1 platform level.
The number of platform level at Mesonisi railway station is 1.
The Hillview MRT station has 1 platform level.
Księcia Janusza metro station has 2 tracks.
There are 2 tracks at the Home Hill railway station.
Nervión has 2 tracks.
There are 2 tracks at Lindevang Station.
The number of tracks at Girard station is 2.
The Jed Madela discography 2010 1 has 10000 copies sold.
The List of best-selling albums by country 1994 3 has 1000000 sold.
The OCLC for Touched with Fire is 85753373.
The OCLC for The Riddle of the Wren is 10900735.
The Indian Journal of Dermatology, Venereology and Leprology has an OCLC of 02884822.
The municipality of Carache was formerly known as Municipio Carache.
The DART South Irving Go Link serves the station at Heritage Crossing.
Kipling station serves the Bloor West area.
The UCTJammie Shuttle serves the Rosebank railway station.
The Jurong Town Hall MRT station has parking information of "YES".
The parking information of Rasskazovka is "no".
Viking had 4 partial failed launches.
The Delta 3 had 1 partial failed launch.
The Long March 2E had 1 partial failed launch.
The Santa Fe Depot has 47644 passengers per year.
The Minami-Hinaga Station has 690 passengers per year.
The 2014 Portugal legionellosis outbreak has 12 pendamic deaths.
The premiere date of the novel "Lady Day at Emerson's Bar and Grill" was April 16, 1986.
The film " Play Dead" was shown on 10/10/2010.
Trelawny of the 'Wells' was first published on January 29, 1898.
The Bottom Live: The Big Number Two Tour was first aired on the 6th November 1995.
The novel "The Life of Rufus Dawes For the Term of His Natural Life" was published in 1886.
The Circle Mirror Transformation was first shown in 2009.
Kanta was first shown in 1889.
The Lille-Flandres station has 9 railway platforms.
The Songjeong Park station has 2 railway platforms.
The Titagarh railway station has 4 railway platforms.
COVID-19 pandemic in Nunavut has had 670 recovery cases.
The COVID-19 pandemic in Normandy has 13743 recovery cases.
The COVID-19 pandemic in South Africa has 2849558 recovery cases.
The National Route 9's end direction is East.
The New Brunswick Route 7's end direction is South.
The start direction of State Highway 62 is East.
Apollo 12's satcat is CSM: 4225.
The satcat of Kosmos 2380 is 26989.
The novel On the Rocks: A Political Comedy is in the near future.
Sweat is a play from Reading, Pennsylvania.
The 1952 United States presidential election in Louisiana began on 4 November 1952.
The Estonian presidential election was started on the 31st of August, 2021.
The 2006 Sarawak state election was started on the 20th May 2006.
The Yenikapı Transfer Center Yenikapanı 1 has a station structure that is also Underground.
Beixinjing station has a station structure that is also known as the Underground.
A Very DNA Reunion is a play about DNAtechnology.
The number of suspected cases of the COVID-19 pandemic in Haiti is 32304.
There are 37 suspected cases of the pneumonic plague in the Los Angeles area.
The Vasoactive intestinal peptide receptor is symboled by ADCYAP1R1.
Chlorosome has the symbol Bac chlor c.
The Kelch motif is Kelch 5.
The surface of the tennis surface of "The Bauer Watertechnology Cup" is Carpet.
The Yenikapı Transfer Center Yenikapanı 1 has visitor statistics as of the year 2016.
The Arc-et-Senans station has a visitor statistics of 2018.
The Ernakulam Junction railway station has visitor statistics as of the year 2018.
The Tlatelolco metro station has a visitors percentage change of -41.57.
The Buckower Chaussee station was electrified in 0750.
The Pasivedala railway station was electrified in 0025.
The 30th Street station was electrified in 0700.
The year of electrification for Metro kent was 0001.
Censorinus has a depth of 400.0.
Cocheras has a depth of 12.0.
The Titan has a depth of 141.5.
The Journal of Economic History has the Jstor 00220507.
The Journal of Speculative Philosophy has the ISBN number 0891625X.
The LCCn for Professional Ethics is 93-660008.
The Federal Law Review has a lccn of 77020319.
Barnase has a pdb of 1BRS.
1N83 is the pdb for RAR-related orphan receptor.
The Journal of Historical Review is peer reviewed by 0.
Pendleton Heights High School is in Madison County, Indiana.
Sharnbrook Academy is in the county of Bedfordshire.
The Canat Elementary School is located in the county of Philippines.
Bishop Blanchet High School is in King County, Washington.
Prendergast School is in the county of London.
The Kingsway Tunnel, with its end location in Merseyside, is called "Kingsway Tunnel 1".
The Discovery Bay Tunnel's end location is Siu Ho Wan.
The Tauern Railway Tunnel's start location is in Salzburg.
The Jeddo Tunnel's start location is Black Creek.
The Saverne Tunnel's start location is Eckartswiller.
The Robertson Tunnel's start location is Goose Hollow, Portland, Oregon.
Acura TSX 2010 1 has a net sales of 126.
The BMW 5 Series 1999 1 has 38218 sales.
Phoemela Baranda was active in 1999–present.
The Merignac internment camp was active during the period of 17 November 1940 – 26 August 1944.
Casoli internment camp was active during 1940.
Maria Eriksson was active in 2009-present.
The chorus of Alcmaeon in Psophis is called "Young Women".
Ajax is a chorus character in play Sailors from salamis.
The Greek sailors are a character in Philoctetes.
The Warsaw concentration camp was originally used for Gęsiówkaprison.
Szebnie concentration camp was originally used for Internment.
The Mazibuko M1B has a range of 400.
The Voyah Free has a range of 500.
The BAZ-6909 has a range of 1000.
The KZKT-7428 has a range of 1500.
The victims of the Natzweiler-Struthof concentration camp (in occupied European nations) are the resistance fighters from occupied European countries.
The victims of the Monowitz concentration camp are Mainly jews.
The Kaufering concentration camp has a number of victims, including the Jews.
Bosniaks are the victims of the Sušica camp.
The Red Bridge was made from rock.
The construction material of the Landwasser Viaduct is Limestone.
The Jamestown Verrazzano Bridge is made of concrete.
KET ED was the former broadcast network of Kentucky Channel.
CBS was the former broadcast network of NBC Montana.
Wayne Meylan was a member of the 1967 College Football All-America Team.
Thomas Joseph Kelly was awarded the National Museum of Racing and Hall of Fame.
Robert H. Michel was awarded the Purple Heart.
Joseph Beeston was awarded the Order of St Michael and St George.
Carlos Alberto dos Santos Cruz was awarded the Order of Aeronautical Merit.
Stagecoach Yorkshire has an important station at Rotherham Interchange.
The Meadowhall Interchange is an important station for Stagecoach Yorkshire.
The Telemark Bilruter is located in Vrådal.
