Chiltern Firehouse serves American cuisine.
Hof van Cleve serves French cuisine.
Lucy's Cafe serves Italian cuisine.
Sushi of Gari serves Japanese cuisine.
The MV American Integrity has the call sign WDD2875.
MS Nordlys has the call sign LHCW.
Pallada call sign UDUI.
ZGGD3 is the call sign of Aquarius.
The MV Hansa Brandenburg has the call sign A8ES9.
Irish Car Rentals logo is ICR-logo.jpg.
The Bank of Mexico's logo is Logobm.svg.
Numa F. Montet graduated from Northwestern State University.
Francis Scarpaleggia graduated from Concordia University.
Alan Bible graduated from Georgetown University Law Center.
Esther Armah works for Kwesi Armah.
Adam de Wodeham worked for William of Ockham.
Charles Canivet works for Amédée Thierry.
Danielle Ate the Sandwich is the musical composer of Packed in a Trunk: The Lost Art of Edith Lake Wilkinson.
Motoi Sakuraba is the composer of Tales of Symphonia.
Dan Jones is the composer of My Scientology Movie.
Leo Anchóriz is an actor in Commando.
Snowy Baker is an actress in Sleeping Acres.
Natalya Sayko is an actress in Professor Dowell's Testament.
Nicholas Tse is an actor in The Stool Pigeon.
Spot Blue International Property duns 736032835.
CoBank duns 075770271.
The Deutsche Presse-Agentur duns 316842400.
Robert Karabinchak's image is RobKarabinchik.jpg.
Salbutamol is acription drug.
Bendroflumethiazide is acription drug.
Insulin aspart is acription drug.
Minuscule 850 is in the language of Ancient Greek.
Millicent Min, Girl Genius is written in English.
The Way of the Sufi is written in English.
Another Fine Myth is written in English.
Angiotensin-converting enzyme is involved in the process of Kidney development.
 MX1 is involved in the Innate immune system.
LYN is involved in the Haematopoiesis process.
LRRK2 is involved in the process of Autophagy.
The 2011 Challenge Bell was a super event on the 2011 WTA Tour.
Billings Gazette issn 2372-868X.
The Nelson Daily News issn is 832-431X.
Zuerst! has an issn of 1869-5493.
La Croix issn is 0242-6056.
The Bible is the source of the book Vetus Latina.
Tales from Shakespeare is about The Taming of the Shrew.
Two Dogmas of Empiricism is about Logical positivism.
Best Shot in the West is about children's literature.
Aditus to mastoid antrum is connected to thempanic cavity.
The Ureter is connected to the Renal pelvis.
The outer ear is connected to the middle ear.
The right ventricle is connected to the right atrium.
A Klingon Christmas Carol is a work of A Christmas Carol.
Martirano is a place in the Province of Catanzaro.
Frasselt is a place in Kranenburg, North Rhine-Westphalia.
Fuentes de Ayodar is a place in Alto Mijares.
Angaraes Province is part of the Department of Huancavelica.
The Basics is the artist of The Age of Entitlement.
Swami is the artist of Sugarless.
The Mutton Birds are the artists of Angle of Entry.
James Baxter is a contributor to Simba.
Ryzen is a contributor to Ogura Hyakunin Isshu.
Milt Kahl is a contributor to King Louie.
Hiroshi Murakami is a contributor to Ginkai.
Ogura Hyakunin Isshu is a contributor to Inpumon'in no Tayo.
The Last Wedding content is located in Vancouver.
The Canción de Juventud content is located in Catalonia.
The content of Count Arthur Strong is in London.
Claudia Octavia's parent was Claudius.
Testosterone sulfate smiles CC12CCC3CCCC34C.
Granulysin is a bio chem entity that is encoded by GNLY.
The Raf kinase inhibitor protein is the protein that is encoded by the phosphatidylethanolamine binding protein 1.
CDKN2A encodes bio chem entity P16.
The sign of Crohn's disease is abdominal pain.
Stereotypic movement disorder is a sign or symptom ofotypy.
The sign or symptom of Plague is Shock.
The Intracranial aneurysm sign or symptom is Confusion.
Joseph E. Meyer's home is Meyer's Castle.
Michael Paul Britto is located in New York City.
Kent Smetters' home is in Philadelphia.
Lucius E. Burch Jr. is located in Collierville, Tennessee.
Dorit Schmiel's home is Pankow.
The telephone number at Torpoint Community College is =44-1752-812511.
Knowl Hill School telephone number is =44-1483-797032.
The telephone number at Quarrydale Academy is =44-1623-554178.
Abitibi-Consolidated is a sub organization of Resolute Forest Products.
The Commonwealth of Nations is a sub organization of the Commonwealth War Graves Commission.
The Library and Archives Canada is a sub organization of the Department of Canadian Heritage.
Bell Canada's sub organization islébec.
Dhanbad railway division is a sub organization of East Central Railway zone.
Aromatase is encoded by the bio chem entity Cytochrome p450 family 19 subfamily a member 1.
Alpha-amylase is encoded by the bio chem entity AMY1C.
The ST2 cardiac biomarker is encoded by the IL1RL1.
Sergey Lagutin was a competitor in the 2018 Tour of Norway.
Joseph Charles Walsh is a writer in the English language.
Marisa Ferretti Barth is a writer in the English language.
Empedocles is a Greek language speaker.
Maria Iovleva is a Russian language speaker.
Isaac Halstead Williamson is a writer in the English language.
Acetylcholinesterase is located in the Basal lamina.
Basigin is located in the cell membrane.
Galactose-1-phosphate uridylyltransferase is located in the Cytoplasm.
SOX1 is located in the cell nucleus.
The pilot episode of Faking It is part of the series Faking it.
The Fight Before Christmas is part of the Simpsons series.
The Ascent is part of the Star Trek: Deep Space Nine series.
The encoding format of M3U is x-mpegurl.
View of Bentheim Castle was created in Haarlem.
Teodelapio was created in Spoleto.
The landscape at Auvers in the Rain was created in Auvers-sur-Oise.
Still Life with Profile of Laval was created in Pont-Aven.
Moerkerke is contained in Damme.
Borden, Western Australia is located in the Division of O'Connor.
Lang Chánh District is located in Thanh Hóa Province.
Punta Prieta Airstrip is located in Baja California.
Tony Maylam is a screenwriter.
Roy Wang is a singer-songwriter.
Franco Perinciolo is a football player.
All Things at Once isbn 978-1-60286-111-4.
Asterix and the Chieftain's Shield isbn 2-01210-143-7.
 Team Batista no Eiko isbn 978-4-7966-5079-3.
Some Prefer Nettles isbn 978-4-12-203556-0.
Asterix and the Goths isbn 978-2-01210-135-7.
Hinaleimoana Wong-Kalu is a man.
John the Orphanotrophos is a Eunuch.
Involuntary is a non-binary gender.
Francis Sartorius is the son of John Sartius.
William Randolph Hearst was the son of George Hearst.
Jean-Baptiste Vuillaume owns the Lauterbach Stradivarius.
Jacqueline Kennedy Onassis owns the wedding dress of Jacqueline Bouvier.
Al Said is the owner of Qaboos bin Said.
Cobra Verde is based on The Viceroy of Ouidah.
Amalek is a character in the Book of Exodus.
Marius Petipa is a character in Nights of Farewell.
Black Hippy was founded in South Los Angeles.
Bowy was founded in Takasaki.
The Camellia Factory was founded in Tokyo.
The Lone Signal was founded in New York City.
The founding location of Crazy Lixx is Malmö.
The Imperialism of Free Trade has a pagination of 1-15.
B BRAF is expressed in theomach.
ISCU has a molecular function of plasma protein binding.
HLA-G has a molecular function of plasma protein binding.
GRIA1 has a molecular function of plasma protein binding.
Slash is the lyricist of Welcome to the Jungle.
Lina Sandell is the lyricist of Day by Day.
Paul McCartney is the lyricist of Norwegian Wood.
Hen with Sapphire Pendant is provided by the House of Fabergé.
The Parker Brothers are the provider of Mastermind.
The Metamorphosis is the citation of 1Q84.
Send in Stewie, Please is part of the Family Guy series.
Albatross is a character in Star Trek: The Animated Series.
Elegy for a Pig is part of the season Adam-12.
Irinotecan bio chem interaction is Nelfinavir.
The bio chem interaction of Domperidone is Clarithromycin.
The Transposition of the great vessels is a topic of study in the e medicine topic of 2548.
COVID-19 in Australia has an active case of 25318.
COVID-19 pandemic in the Australian Capital Territory has an active case of 495.
Eluru outbreak has an active case of 0.
COVID-19 pandemic in Newfoundland and Labrador has 22 active cases.
The Swiss Personalized Health Network's project budget is 6.8E7.
The total budget of WACOM is 380000.0.
The Innovative Medicines Initiative's project has a total of 2.0E9.
Candesartan has a bioavailability of 15.0.
Promethazine has a bioavailability of 88.0.
The faculty size of Saint Mary's University of Minnesota is 96.
The British Quarterly Review was published in 1886.
Child Language Teaching and Therapy was published in 1985.
The Goonyella railway line is 477000.0 long.
The Chikuhi Line is 42600.0 long.
The Blue line is 24800.0 long.
The Tokyo Metro Marunouchi Line is 27400.0 long.
The maximum depth of Husemersee is 14.3.
Limassol Salt Lake has a maximum depth of 1.0.
The maximum depth of Kenas Lake is 188.5.
Dieksee has a maximum depth of 38.0.
The maximum depth of Halbendorfer See is 26.0.
Littler Mendelson has 1500 lawyer.
Taft Stettinius & Hollister has 625 lawyer.
There are 34 lawyers at Rose Law Firm.
Line 2 has 23 stations.
Newark Light Rail has 17 stations.
Shelbourne railway line has 2 stations.
Falcon 9 has a unknown outcomes of 1.
New Shepard has a unknown outcomes of 0.
Carnero Lake has an average depth of 1.8288.
Lake Musconetcong has an average depth of 1.524.
Chaparral Lake has an average depth of 3.048.
Shawano Lake has an average depth of 2.7432.
The complexity of Confederate cush is 2.
The complexity of Mămăligă is 1.
Abdollah Nouri's election majority was 448874.
Abolghasem Khazali's election majority is 107311.
Mohammad Khoshchehreh's election majority is 578674.
Ali Fallahian's election majority is 386767.
Greg Bowen has an individualised gnd of 320322793.
The PNP transistor has an individualised gnd of 4174948-0.
Karl Pommerhanz has an individualised gnd of 126961069.
C CPR Bridge has 7 piers in water.
The Tees Newport Bridge has 2 piers in water.
The Flehe Bridge has 1 piers in water.
The METRORail has 39 vehicles.
There are 89 vehicles on Light Rail Transit.
Pamplona City Transport has 34 vehicles.
There are 18 vehicles in Iskandar Malaysia Bus Rapid Transit.
Booker T. Washington National Monument has had a total of 2012 visitors.
Arlington House, The Robert E Lee Memorial has had a total of 2011 visitors.
The voltage of the Kolkata Metro is 750.0.
The Prague Metro voltage of electrification is 750.0.
The Berlin U-Bahn has a voltage of 750.0.
The approximate calories of Strained yogurt are 557000.0.
The approximate calories of Pogaa are 820613.0.
Diffused lighting camouflage is a project keyword that uses active camouflage.
Prob onto is a project that uses statistics as a keyword.
The Earth BioGenome Project began on 2018-11-01.
The project Vista began on 1951-04-01.
The project Research Domain Criteria began on 2010-01-28.
The Chevert expedition started in 1875-05-18.
Ray Reardon won the world championship in 1978.
St. Thomas Aquinas High School has an Act score of ACT.
Persian blue is a connotation of Heaven.
Bruce Lee Bednar is the cultivated variety of Nepenthes 'Vittata'.
Acute is the focus of emergency medicine.
Anesthesiology is the focus of Anesthesia.
 TREAT-NMD was funded by the European Commission.
The Song dynasty has a gdp per capita of 26.5.
Oat milk has a glycemic index of 60.
The Outer Ring Road System map Singapores Expressways.
The primary interatrial foramen is part of the Circulatory system.
Sex cords are part of the reproductive system.
The project Vista ended in 1951-12-01.
The project INDECT ended on 2014-06-30.
Whiteout was released in Japan.
The General Motors W platform vehicle is the Oldsmobile Intrigue.
The General Motors Epsilon platform is powered by the Cadillac XTS.
Eduard Bloch was the Victim of Drancy internment camp.
Selma Engel-Wijnberg was the Victim of Westerbork transit camp.
Tristan Bernard was the Victim of Drancy internment camp.
The Leeds and Liverpool Canal is the waterway through the Foulridge Tunnel.
The Riqueval Tunnel's waterway through tunnel is the Canal de Saint-Quentin.
Queen's Square, Sydney is located on Phillip Street, Sydney.
Aberdeen Street is located in Central, Hong Kong.
The Gallivan Center is located in Salt Lake City.
Khatik Mohalla Street is located in Shahpura, Bhilwara.
Souq Qabil is a man who speaks Saudi Arabia.
Bethlehem High School is a Catholic school.
Legacy Christian Academy is a non-denominational school.
The highest point in the Jicarilla Mountains is Ancho Peak.
The highest point in Croda da Lago is Cima d'Ambrizzola.
The highest mountain in Cang Mountain is Malong.
The highest mountain in the Kalatungan Mountain Range is Mount Kalat Bungan.
Christina Koch was a member of NASA Astronaut Group 21.
Yousra Matine is a sport from Morocco.
Zhou Yuelong is a player in China.
The Lithium-ion battery is the battery of the Hiriko.
The Nissan Kicks P15 1 has a Panasonic battery.
The Audi Q5 (Second generation 80A 1) has a Lithium-ion battery.
The current production of the Mercury Theatre in Colchester is Educating Rita.
The Apollo Theatre current production is Magic Goes Wrong.
Harry Potter and the Cursed Child is a current production of Palace Theatre, London.
Garret FitzGerald was the taoiseach of Fergus O'Brien Tenure 1.
Sir John Kothalawala College is 6 in age.
Lao People's Armed Forces is 18 years in age.
Andy Johnson is a bbr johnsan01.
Bob Hopkins Bob Hopkins 1 bbr hopkibo01.
Tom Workman is a bbr workmto01.
Stanley Brundy's bbr is brundst01.
The Journal of Nanoparticle Research coden JNARFA.
The coden CRFSBJ is used in Comprehensive Reviews in Food Science and Food Safety.
The coden of Physical Review Focus is PRFHAQ.
Byham Theater is currently used for performing arts center.
The San Diego Civic Theatre is a performing arts venue.
The Union Theatre is used for professional and amateur theatre.
Ed Sullivan Theater is currently used for a television studio.
Hotel Manger was demolished in 1983-05-15.
Tiffany Theater was demolished on 2013-08-08.
San Mamés Stadium was demolished in 2013-06-06.
Milwaukee County Stadium was demolished on 2001-02-21.
Yankee Stadium was demolished on the 10th of July 2010-05-13.
The impact factor of Environment and Behavior is 2019.
Ideal TV's last air date was 2009-07-20.
Radio Luxembourg's last air date was 1992-12-30.
The Deutscher Fernsehfunk's last air date was 1991-12-31.
Lurcy-Lévis is elevated 283.0.
Macau, Gironde is elevated 26.0.
Thil-sur-Arroux is elevated 472.0.
John Odaate Barnor's rank is Commandant of the Armed Forces Staff College.
Konstantin Avksentevsky's military command is the 6th Army.
Thomas Langford-Sainsbury's military command is No. 48 Squadron.
Wilson Elser Moskowitz Edelman & Dicker has 38 offices.
Fountain Court Chambers has 2 offices.
Wragge & Co has 8 offices.
Harris Beach has 12 offices.
The Journal of Transport and Land Use is open access and has the content of Yes.
 Materials Today is open access to No.
BioMed Research International has an open access content of Yes.
The Wuxi Metro has 223200 passengers per day.
Codiac Transpo has a passenger per day of 5192.
Chester Hill railway station uses the Sydney Trains, NSW TrainLink system.
The Exo is a system used at Bois-Franc station.
The INDECT project has a budget of 1.0906984E7.
The ETOX project has a budget of 1.87E7.
The PREDICT project has a budget of 2.0E8.
The Idaho and Washington Northern Railroad reporting mark is I&WN.
The Metropolitan Street Railway has a track length of 77000.0.
The Viramgam-Maliya Miyana section has a track length of 142000.0.
Samarang-Joana Stoomtram Maatschappij is 417000.0 long.
The Bartlett and Albany Railroad has a track length of 16093.4.
The State Railways and Seaports Administration's track length is 1.73e+06.
Ghana has a gini coefficient of 43.5.
The gini coefficient of Myanmar is 30.7.
Eswatini has a gini coefficient of 54.6.
Shea's Performing Arts Center was closed on 1976-02-25.
Estadio Municipal Germán Becker was opened on 2008-11-05.
The Regal Cinema in Dublin was closed on 1955-08-19.
Indiana Farmers Coliseum was closed on 2014-04-24.
Burton Cummings Theatre was closed in 1945-11-03.
WFNY is broadcast on Fox News Radio.
WLTP is broadcast on the Cleveland Cavaliers Radio Network.
KMSU is broadcast on AMPERS.
Corinthia Hotels International is the chain of Corinthia Hotel Budapest.
Mercure is the chain of The George Hotel, Reading.
Westin Hotels & Resorts is the chain of Westin Seattle.
James Braid was the champion of 1905 Open Championship.
Nancy Lopez was the champion of the 1978 LPGA Championship.
Nils Odqvist was the champion of the 1959 European Amateur Team Championship.
Francesca Fiorellini is the champion of the French International Lady Juniors Amateur Championship.
Kateina Siniaková is the champion in the 2021 Mutua Madrid Open.
Pam Shriver was the champion in double female at the 1984 Wimbledon Championships.
Hazel Hotchkiss Wightman was the champion in double female at the 1911 U.S. National Championships.
The champion in the 1997 Grand Prix Hassan II was Joao Cunha e Silva.
Stefan Edberg was the champion in the 1987 US Open.
Mate Pavić was the champion in double male at the 2017 German Open.
Jeevan Nedunchezhiyan was the champion in the 2018 Nielsen Pro Tennis Championship.
Françoise Dürr was the champion in mixed double at the 1971 French Open.
Cyril Suk was the champion in mixed double at the 1991 French Open.
Sergio Casal was the champion in mixed double at the 1986 US Open.
Ai Sugiyama was the champion in the 1997 Japan Open Tennis Championships.
Zuzana Leenarová was the champion in the 1999 NCAA Division I Women's Tennis Championships.
Cliff Richey was the champion in 1969 Cincinnati Open.
Evgeny Donskoy was the champion in the 2012 President's Cup.
Roger Federer won the 2005 NASDAQ-100 Open.
John McEnroe won the title at the 1988 Suntory Japan Open Tennis Championships.
Roger Federer was the champion in 2010 Swiss Indoors.
Loco-Motion is a computing platform for Tomy Tutor.
A Duel Hand Disaster: Trackher is available for Microsoft Windows.
The ZX Spectrum is the computing platform for Pirate Adventure.
Keith Birdsong is the cover artist of Q-Squared.
Roger Zimmerman is the cover artist of Universe 11.
Bob Silverman is the cover artist of Universe 3.
Richard Powers is the cover artist of The Treasury of Science Fiction Classics.
Kirsch is a variant of Carrot cake.
Musa acuminata is a hybrid of Rhino Horn bananas.
Rosa 'Chicago Peace' is a hybrid sport.
Eunidia kristenseni is an animal kingdom.
Athletics boswellae kingdom is animal.
Sarcophaga carnaria is a kingdom of animal.
Macellocerus kingdom is animal.
Electric Ireland is located in Dublin.
Henri Lloyd is located in Gothenburg.
Brandwatch Qriously is located in Brighton.
Limbic Software, Inc. 1 is located in California.
Southeast Television is located in China.
Himalaya TV is located in Nepal.
Karey Kirkpatrick is the author of Something Rotten!
Gwyneth Herbert is the author of The Sea Cabinet.
The Tik-Tok Man of Oz was written by L Frank Baum.
Harbanspura Interchange is meeting the Lahore Ring Road.
The Springs Junction is a meeting road for State Highway 65.
Si Kak Phraya Si is a meeting road with Fueang Nakhon Road.
Saphan Khwai is a meeting road with Pradiphat Road.
All I Have is a single.
Red Velvet is a single music type.
Pilots is a single music genre.
Mi destino fue quererte is a song type.
Don't Ask Me is a single.
Peri Brown is a non fiction subject of Shell Shock.
Elves' Hill is in the Danish language.
The original language of Phaedra's Love is English.
Euriphene conjungens is an arthropod.
Mollusca is the phylum of Apicalia.
Lasiopates is an arthropod phylum.
The Labour Party is the party in legislature of Trafford Council.
The Democratic Party is the leader of Oakland City Council.
Ibrahim Ssemujju Nganda is the politician in Kira Town.
Hedmark political function 2 is a politician from the Centre Party.
Pattusali is located in Tamil Nadu.
French Canadians are from Quebec.
Catalans is a population place in Italy.
Limassol is the population place of Cypriot Russians.
Ho-Chunk is located in Iowa.
Hurlyburly was premiere at the Goodman Theatre.
The premiere place of Wits Led by the Nose was London.
The Homecoming was premiere at Aldwych Theatre.
WEGS programme format is Christian radio.
The programme format of KEUN-FM is Swamp pop.
William Alfred Fowler was the project coordinator for Project Vista.
Esteve is a participant in the ETOX project.
The road that is the terminus of Virginia State Route 20 is Wilderness, Virginia.
State Highway 246's route end is Mowad.
East Rutherford, New Jersey is the junction of New Jersey Route 120.
The National Highway 44 has a junction at Dindigul.
The Massachusetts Route 143 is a route that starts in Hinsdale, Massachusetts.
The New York State Route 91 is a road that starts in Truxton, New York.
The California State Route 175 is a route that starts in Hopland, California.
The BR-210's route start is Pedra Branca do Amapari.
Mainz Hauptbahnhof serves the West Rhine Railway.
The Davos Laret railway station serves the Landquart–Davos Platz railway line.
Bomen railway station serves the Main Southern railway line in New South Wales.
IWI ACE is used in the Mexican drug war.
The RPG-43 was used in the Troubles.
1916 1 was used in the War of World War I.
RPO-A Shmel was used in the War in Donbas.
The Panzerhaubitze 2000 was used in the War in Afghanistan.
WPHP webcast is wphs.m3u.
Veronica-rockradio is the webcast of Radio Veronica.
Bankia has assets of 1.79098E11.
Unocal Corporation has assets of 1.3101E10.
HNA Technology HNA Technology 1 has assets of 117.966.
CBZ Bank Limited has assets of 1.991E9.
Sanagu Station has available information.
The bicycle information at Kwasa Sentral MRT station is not available.
The Catlin Covered Bridge carriesrian traffic.
The Jiangjiehe Bridge carries the S205 provincial road.
Angle Vale Bridge carries a motor vehicle.
The bridge carries the Aire and Calder Navigation.
The Lottie Moon House was completed in 1831.
Fort San Lucian was built between 1610 and 1611.
A.S.D. Fersina Perginese has a capacity of 2000.
The AS Vacoas-Phoenix has a capacity of 6200.
Gostaresh Foulad F.C. has a capacity of 12000.
The 2017 Batangas earthquakes had a total of 6 casualties.
The 2020 Oaxaca earthquake had 10 casualties.
Bicifadine has an eMBL of 511099.
Blake Marler's classification is Final, recurring.
Undibacterium pigrum has the colour name lightgrey.
The colour name of Pyotr Alexeyev' Resistance Movement is red.
The 1896 Gloucester smallpox epidemic was confirmed in 2000.
COVID-19 pandemic in Alberta has a confirmed case of 335247.
The Bor Dahegaon Dam is described as an Earthfill.
The Kabeli B1 Hydropower Station is described as a gravity station.
The National Council is the leader of 2020-12-15.
Niuatoputapu Airport is elevated 9.0.
Sauk City, Washington is elevated 71.9328.
Fort Jones, California is elevated 840.943.
Hermanos Ameijeiras Airport is elevated 100.0.
Dire Dawa Airport is elevated 1167.0.
Video Games Live ended on 2018-11-17.
The South Ossetia Historical event 3 ended on 2008-08-26.
The Central American Integration System Historical event 3 ended on 1960-12-13.
Dengue pandemic in Sri Lanka has a fatality rate of 2020.
The 2018 Nipah virus outbreak in Kerala has a fatality rate of 89.
The 1929-1930 psittacosis pandemic had a fatality rate of 15.
The 2019 Nipah virus outbreak in Kerala has a fatality rate of 100.
Microsoft SwiftKey has a file size of 1.618e+08.
The file size of Crystal disk mark is 4e+06.
Anki file size is 1.34e+08.
The file size of Vue scan is 6e+06.
Wentworth first aired on 2020-07-28.
The first TV show Vietnam Television was broadcast in 1970-09-07.
The first air date of Project Runway Philippines was 2009-08-12.
The first episode of Degrassi: Next Class was broadcast on the TV channel on the 30th of July, 2017.
The first episode of Ultimate Beastmaster was broadcast on the TV channel on the 12th of July, 2017.
Last Round Arthurs was first published on 18-07-20.
Suspicion was first published in 1984-08-12.
Dragon Nest was first published in 2010-06-04.
The Journal of Applied Psychology is published in Monthly.
Pinball is published in Quarterly.
Rapid Communications in Mass Spectrometry is published biweekly.
The image size of Nova srpska politička misao is 300.
Porchetta is made with pork,rosemary,garlic, andpepper.
Meatball soup has the ingredient name Meatballs, Ground meat,rice,spices.
The ingredient name of Sol over Gudhjem is Rugbrud, smokedherring,chives,egg yolk.
Chicken is an ingredient of Kari kapitan.
Schiphol Airport railway station is handicapped accessible 1.
Devon Avenue is part of 6400 North.
Mandurah Road is part of National Route 1.
Lornoxicam has a kegg of D01866.
The last election of the North Dakota House of Representatives is 2020-11-03.
The last election of Northamptonshire County Council was on 2017-05-04.
The last election of Monaghan County Council was on 2019-05-24.
Sahrawi National Council's last election was on 2012-02-20.
Tomoyo After: It's a Wonderful Life was released on July 10th, 2007.
Sorcerer Hunters was published in 1996-08-25.
Amagi Brilliant Park was published on 2016-09-09.
Therapy Game was published on March 4, 2017-03-14.
Salem Falls has a PS3566.I372 S26 (2001).
The Riverton-Belvidere Bridge has a load limit of 50802.3.
The Taoyaomen Bridge has a load limit of 2e+09.
The Fletcher Covered Bridge has a load limit of 31751.5.
The load limit for Nagoya Port Drawbridge is 4e+07.
The MacArthur Bridge has a load limit of 2e+07.
The Hertfordshire Militia has a unit size of 1-3 Regiments.
Kazan Metro has 1 line.
The Santa Clara Valley Transportation Authority has 70 lines.
Davenport Citibus have 13 lines.
Ningbo Rail Transit has 5 lines.
Yugo-Zapadnaya has 1 platform level.
Esquimalt station has a platform level of 1.
Mesonisi railway station has a platform level of 1.
Hillview MRT station has a platform level of 1.
The Księcia Janusza metro station has 2 tracks.
Home Hill railway station has 2 tracks.
Nervión has 2 tracks.
Lindevang Station has 2 tracks.
Girard station has 2 tracks.
Jed Madela discography (2010 1) has sold 10000.
The number of best selling albums by country in 1994 is 3 and it has sold 1000000.
Touched with Fire has an oclc of 85753373.
The Riddle of the Wren has an oclc of 10900735.
The Indian Journal of Dermatology, Venereology and Leprology has an oclc of 02884822.
Carache Municipality's original name is Municipio Carache.
Heritage Crossing station is on the DART South Irving Go Link.
Kipling station is located on Bloor West.
The UCTJammie Shuttle is a service line at Rosebank railway station.
The parking information at Jurong Town Hall MRT station is Yes.
The parking information for Rasskazovka is No.
Viking has a partial failed launch of 4.
The Delta 3 launched have a partial launch of 1.
The partial failed launches of Long March 2E are 1.
The Santa Fe Depot has 47644 passengers per year.
Minami-Hinaga Station has a passenger per year of 690.
The 2014 Portugal legionellosis outbreak had a pendamic death of 12.
Lady Day at Emerson's Bar and Grill was premiere on 1986-04-16.
Play Dead was premiere on 10-11-10.
Trelawny of the 'Wells' was premiere in 1898-01-29.
Bottom Live: The Big Number Two Tour was released in 1995-11-06.
The Life of Rufus Dawes (For the Term of His Natural Life 1) was premiere in 1886.
Circle Mirror Transformation was premiere in 2009.
Kanta was premiere in 1889.
Lille-Flandres station has a railway platform of 9.
The railway platform at Songjeong Park is 2.
Titagarh railway station has a platform of 4.
COVID-19 pandemic in Nunavut has a recovery of 670.
COVID-19 pandemic in Normandy has a recovery of 13743.
COVID-19 pandemic in South Africa has a recovery case of 2849558.
The National Route 9 is in the East direction.
The New Brunswick Route 7 is in the South direction.
State Highway 62's route start direction is East.
Apollo 12's satcat is CSM: 4225.
The satcat of Kosmos 2380 is 26989.
The near future is the setting of On the Rocks: A Political Comedy.
Sweat is set in Reading, Pennsylvania.
The 1952 United States presidential election in Louisiana began on November 11th, 1952.
The 2021 Estonian presidential election will start on 2021-08-31.
The Sarawak state election of 2006 began on 2006-05-20.
The Yenikapo Transfer Center Yenikapo 1 station is located underground.
Beixinjing station is located underground.
A Very DNA Reunion is about DNAtechnology.
COVID-19 pandemic in Haiti has 32304 cases.
The number of pneumonic plague outbreak in 1924 Los Angeles is 37.
The Vasoactive intestinal peptide receptor symbol is ADCYAP1R1.
The symbol of a chlorosome is bac chlor c.
The Kelch motif symbol is Kelch 5.
The 2017 Bauer Watertechnology Cup is a tennis surface type of carpet.
The Yenikapa Transfer Center Yenikapa 1 visitor statistics as of 2017.
Arc-et-Senans station has a visitor statistics of 2018.
Ernakulam Junction railway station has a visitor statistics of 2018.
The Tlatelolco metro station has a visitor percentage change of -41.57.
The electrification of Buckower Chaussee station is 750.
Pasivedala railway station has an electrification of 25.
The electrification of 30th Street station is 700.
The MetroKent has an electrification of 0001.
Censorinus has a depth of 400.0.
Cocheras has a depth of 12.0.
The depth of Titan is 141.5.
The Journal of Economic History has a jstor of220507.
The Journal of Speculative Philosophy has a jstor of 0891625X.
The Professional Ethics lccn is 93-660008.
The Federal Law Review has a lccn of 77020319.
Barnase has a pdb of 1BRS.
The RAR-related orphan receptor has a pdb of 1N83.
The Journal of Historical Review is peer reviewed 0.
Pendleton Heights High School is located in Madison County, Indiana.
Sharnbrook Academy is located in Bedfordshire.
Canat Elementary School is located in the Philippines.
Bishop Blanchet High School is located in King County, Washington.
Prendergast School is in London.
Kingsway Tunnel Kingsway Tunnel 1's route end in Merseyside.
The Discovery Bay Tunnel's terminus is Siu Ho Wan.
The Tauern Railway Tunnel's route start is Salzburg.
The Jeddo Tunnel's start point is Black Creek.
The Saverne Tunnel's start location is Eckartswiller.
The Robertson Tunnel's start location is Goose Hollow, Portland, Oregon.
Acura TSX 2010 1 had 126 sales.
The BMW 5 Series (1999 1) had a total of 38218 sales.
Phoemela Baranda's active years are 1999-present.
Merignac internment camp was active from November 17, 1940 to August 26, 1944.
Casoli internment camp was active in 1940.
Maria Eriksson's active years are 2009-present.
The chorus character in Alcmaeon in Psophis is Young women.
Theorus character in Ajax is Sailors from salamis.
The Greek sailors are the chorus of Philoctetes.
The Warsaw concentration camp was originally used for Gęsiówkaprison.
The Szebnie concentration camp was originally used for Internment.
The Mazibuko M1B has a range of 400.
Voyah Free has a range of 500.
The BAZ-6909 has a range of 1000.
The KZKT-7428 has a range of 1500.
The main resistance fighters from occupied European nations were from the Natzweiler-Struthof concentration camp (Natzwei-Strutof 1).
The mainly jews were the victims of Monowitz concentration camp.
 Mostly Jews were the victims of the Kaufering concentration camp complex.
The Bosniaks were the victims of the Suica camp.
The Red Bridge is made of rock.
The Landwasser Viaduct is made of limestone.
The Jamestown Verrazzano Bridge is made of concrete.
Kentucky Channel is a former broadcast network of KET ED.
CBS is the former broadcast network of NBC Montana.
Wayne Meylan was a member of the 1967 College Football All-America team.
Thomas Joseph Kelly was inducted into the National Museum of Racing and Hall of Fame.
Robert H Michel was awarded the Purple Heart.
Joseph Beeston was awarded the Order of St Michael and St George.
Carlos Alberto dos Santos Cruz was awarded the Order of Aeronautical Merit.
Rotherham Interchange is an important station on Stagecoach Yorkshire.
The Meadowhall Interchange is an important station on Stagecoach Yorkshire.
Telemark Bilruter is important to Vrädal.
