The Chiltern Firehouse serves American cuisine.
Hof van Cleve serves French cuisine.
Lucy's Cafe sells Italian cuisine.
Sushi of Gari cooks Japanese cuisine.
MV American Integrity has a call sign of WDD2875.
MS Nordlys's call sign is LHCW.
UDUI is the call sign of Pallada.
ZGGD3 is the call sign for the Aquarius.
The call sign of MV Hansa Brandenburg is A8ES9.
Irish Car Rentals logo is ICR-logo.jpg.
The Bank of Mexico logo is Logobm.svg.
Numa F. Montet graduated from Northwestern State University.
Francis Scarpaleggia is an alumni of Concordia University.
Alan Bible is an alumni of Georgetown University Law Center.
Esther Armah works for Kwesi Armah.
Adam de Wodeham is employed by William of Ockham.
Charles Canivet works for Amédée Thierry.
Danielle Ate the Sandwich wrote the music for Packed in a Trunk: The Lost Art of Edith Lake Wilkinson.
The music for the game Tales of Symphonia was composed by Motoi Sakuraba.
Dan Jones composed the soundtrack for My Scientology Movie.
Leo Anchóriz acted in the film 'Commando'.
Snowy Baker starred in Sleeping Acres.
Professor Dowell's Testament starred Natalya Sayko.
The Stool Pigeon was an actor in Nicholas Tse.
Spot Blue International Property's duns number is 736032835.
CoBank's DUNS number is 075770271.
Deutsche Presse-Agentur has DUNS number 316842400.
Robert Karabinchak is pictured in the image RobKarabinchak.jpg.
The legal status of Salbutamol is a prescription drug.
Bendroflumethiazide is a Prescription drug.
Insulin aspart has been approved as a prescription drug.
Minuscule 850 is a language concept in Ancient Greek.
Millicent Min, Girl Genius is written in the English language.
The Way of the Sufi is written in the English language.
Another Fine Myth was written in the English language.
Angiotensin-converting enzyme is involved in biological process for Kidney development.
MX1 is involved in the innate immune system.
LYN is involved in Haematopoiesis.
LRRK2 is a part of the process called Autophagy.
2011 WTA Tour is a super event of 2011 Challenge Bell.
Billings Gazette is identified under 2372-868X.
Nelson Daily News has a ISSN of 0832-431X.
The ISSN of Zuerst! is 1869-5493.
The issn of La Croix is 0242-6056.
Vetus Latina is an example of work from the Bible.
Tales from Shakespeare is about The Taming of the Shrew.
Two Dogmas of Empiricism was an article about Logical positivism.
Best Shot in the West is about Children's literature.
Aditus to mastoid antrum is connected to the Tympanic cavity.
Ureter is connected to the Renal pelvis.
The Outer ear is connected to the Middle ear.
The right atrium is connected to the right ventricle.
One version of A Christmas Carol is A Klingon Christmas Carol.
Martirano is in the Province of Catanzaro.
Kranenburg, North Rhine-Westphalia contains Frasselt.
Alto Mijares has a place called Fuentes de Ayódar.
The Angaraes Province is located in the Department of Huancavelica.
The Age of Entitlement is by The Basics.
Sugarless is an album by Swami.
The Mutton Birds was the artist of Angle of Entry.
James Baxter contributed to the design of Simba.
Ogura Hyakunin Isshu was written by Ryōzen.
King Louie was drawn by Milt Kahl.
Hiroshi Murakami was a contributor to Ginkai.
Inpumon'in no Tayū was a contributor to the Ogura Hyakunin Isshu.
Last Wedding is set in Vancouver.
Canción de Juventud is depicted in Catalonia.
Count Arthur Strong was filmed in London.
Claudius is the parent of Claudia Octavia.
CC12CCC3CCCC34C is a line notation that describes Testosterone sulfate.
GNLY encodes Granulysin.
Phosphatidylethanolamine binding protein 1 encodes Raf kinase inhibitor protein.
The gene CDKN2A encodes the protein P16.
Crohn's disease has symptoms of Abdominal pain.
Stereotypic movement disorder is a symptom of stereotypy.
Plague leads to shock.
Intracranial aneurysm can cause Confusion.
Joseph E. Meyer lives at Meyer's Castle.
Michael Paul Britto lives in New York City.
Kent Smetters resides in Philadelphia.
Lucius E. Burch Jr. lives in Collierville, Tennessee.
Dorit Schmiel lived in Pankow.
The telephone number for Torpoint Community College is +44-1752-812511.
Thee telephone number for Knowl Hill School is +44-1483-797032.
Quarrydale Academy’s phone number is +44-1623-554178.
Resolute Forest Products is a subsidiary of Abitibi-Consolidated.
Commonwealth of Nations is a sub-organisation of The Commonwealth War Graves Commission.
Department of Canadian Heritage is a sub organisation of the Library and Archives Canada.
Bell Canada is a sub organization of Télébec.
East Central Railway zone owns the Dhanbad railway division.
Aromatase is encoded by Cytochrome p450 family 19 subfamily a member 1.
Alpha-amylase is biochemically encoded by AMY1C.
ST2 cardiac biomarker is coded as IL1RL1.
Sergey Lagutin competed in the 2018 Tour of Norway.
Joseph Charles Walsh speaks the English language.
Marisa Ferretti Barth understands the English language.
Empedocles knows the Ancient Greek language.
Maria Iovleva speaks fluently a Russian language.
Isaac Halstead Williamson speaks the English language.
Acetylcholinesterase is located in the Basal lamina.
Basigin is located in the Cell membrane.
Galactose-1-phosphate uridylyltransferase is located in the Cytoplasm of a cell.
SOX1 can be found in the Cell nucleus.
Pilot is part of the series Faking It.
The Fight Before Christmas was an episode of The Simpsons.
The Ascent is part of the series of Star Trek: Deep Space Nine.
M3U is a type x-mpegurl encoding.
View of Bentheim Castle was from Haarlem.
Teodelapio originates from Spoleto.
The Landscape at Auvers in the Rain was created in Auvers-sur-Oise.
Still Life with Profile of Laval was created at Pont-Aven.
Moerkerke is in Damme.
Borden, Western Australia is a town in the Division of O'Connor.
Lang Chánh District is in Thanh Hóa Province.
Punta Prieta Airstrip can be found in Baja California.
Tony Maylam is a Screenwriter.
Roy Wang is a Singer-songwriter.
Franco Perinciolo is a famous Argentinian Football player.
The ISBN of the book All Things at Once is 978-1-60286-111-4.
The ISBN number of Asterix and the Chieftain's Shield is 2-01210-143-7.
Team Batista no Eikō has the ISBN of 978-4-7966-5079-3.
The isbn of the novel Some Prefer Nettles is 978-4-12-203556-0.
The isbn of Asterix and the Goths is 978-2-01210-135-7.
Hinaleimoana Wong-Kalu's gender was Māhū.
John the Orphanotrophos was a Eunuch.
Invincible has adopted a Non-binary gender.
Francis Sartorius is the child of John Sartorius.
William Randolph Hearst is the child of George Hearst.
Jean-Baptiste Vuillaume is the owner of a Lauterbach Stradivarius.
Jacqueline Kennedy Onassis owns the Wedding dress of Jacqueline Bouvier.
Qaboos bin Said is the owner of Al Said.
Cobra Verde is based on The Viceroy of Ouidah.
Amalek was a character in Book of Exodus.
Marius Petipa appears in Nights of Farewell.
Black Hippy were founded in South Los Angeles.
Boøwy was founded in Takasaki.
Camellia Factory was founded in Tokyo.
Lone Signal was founded in New York City.
Crazy Lixx was formed in Malmö.
The Imperialism of Free Trade can be found on pages 1-15.
BRAF is expressed in the Stomach.
The molecular function of ISCU is Plasma protein binding.
The molecular function of HLA-G is Plasma protein binding.
Plasma protein binding has molecular function GRIA1.
Welcome to the Jungle was written by Slash.
Day by Day was written by Lina Sandell.
Norwegian Wood was written by Paul McCartney.
House of Fabergé provided the Hen with Sapphire Pendant.
Parker Brothers is the service provider of Mastermind.
1Q84 referenced The Metamorphosis.
Send in Stewie, Please was part of a season of Family Guy.
Albatross is featured in Star Trek: The Animated Series.
Elegy for a Pig is an episode from Adam-12.
Irinotecan interacts with Nelfinavir.
Domperidone interacts with Clarithromycin.
Transposition of the great vessels is mentioned in e medicine under topic 2548.
There are 25318 active cases of COVID-19 in Australia.
COVID-19 pandemic in the Australian Capital Territory has 495 infections.
Eluru outbreak has 0 active cases.
There are 22 active cases of COVID-19 pandemic in Newfoundland and Labrador.
Swiss Personalized Health Network has a projected budget total of 6.8E7.
WACOM’s total project budget is 380000.0.
Innovative Medicines Initiative has a total project budget of 2.0E9.
The bioavailability of Candesartan is 15.0.
Promethazine's bioavailability is 88.0.
Saint Mary's University of Minnesota has 96 faculty members.
British Quarterly Review was last published in 1886.
Child Language Teaching and Therapy ceased publication in -1985.
Goonyella railway line has a total line length spanning 477000.0.
Chikuhi Line has line length of 42600.0.
Blue line has a line length of 24800.0.
Tokyo Metro Marunouchi Line is 27400.0 in length.
14.3 is the maximum depth of Husemersee.
Limassol Salt Lake has a maximum depth of 1.0m.
Kenas Lake has a maximum depth of 188.5.
Dieksee is 38.0 in depth.
Halbendorfer See has a depth of 26.0.
The firm Littler Mendelson has 1500 lawyers.
The number of lawyers at Taft Stettinius & Hollister is 625.
Rose Law Firm has 34 lawyers.
Line 2 has 23 stations along its route.
Newark Light Rail has 17 stations.
Shelbourne railway line includes 2 railway stations.
Falcon 9 has been launched 1 time with unknown outcome.
New Shepard has 0 unknown outcomes.
Carnero Lake has an average depth of 1.8288.
Lake Musconetcong is 1.524 deep.
Chaparral Lake has an average depth of 3.048.
Shawano Lake has an average depth of 2.7432.
Confederate cush has a complexity of 2.
Mămăligă is rated in complexity as 1.
Abdollah Nouri received the election majority with 448874 votes.
The election majority was 107311 for Abolghasem Khazali.
Mohammad Khoshchehreh won with a majority of 578674.
Ali Fallahian had a election majority of 386767.
Greg Bowen has an individualized gnd of 320322793.
A PNP transistor has an individualised gnd of 4174948-0.
The file number for Karl Pommerhanz's GND is 126961069.
The CPR Bridge has 7 piers in the water.
Tees Newport Bridge's number of piers in the water is 2.
Flehe Bridge has 1 pier in the water.
METRORail has 39 vehicles.
Light Rail Transit uses 89 vehicles.
Pamplona City Transport has 34 vehicles.
Iskandar Malaysia Bus Rapid Transit uses 18 vehicles.
Booker T. Washington National Monument has had so many visitors as of 2012.
Arlington House, The Robert E. Lee Memorial drew visitors since 2011.
The electrification voltage of Kolkata Metro is 750.0.
Prague Metro has a voltage equal to 750.0.
Berlin U-Bahn runs on a voltage of 750.0.
Strained yogurt contains approximately 557000.0 calories per serving.
Pogača has approximately 820613.0 calories.
Active camouflage is the project keyword for Diffused lighting camouflage.
ProbOnto is a project keyword for Statistics,Probability distribution.
The Earth BioGenome Project began on 2018-11-01.
Project Vista began on 1951-04-01.
The start date of the Research Domain Criteria is 2010-01-28.
The Chevert expedition began on 1875-05-18.
Ray Reardon was the world champion in 1978.
St. Thomas Aquinas High School has an ACT score.
Persian blue connotes Heaven.
Bruce Lee Bednar is a cultivated variety of Nepenthes 'Vittata'.
Emergency medicine is largely focused on Acute illness.
Anesthesiology is the study and use of Anesthesia.
TREAT-NMD is funded by the European Commission.
During the Song dynasty the nation's per capita GDP was 26.5.
Oat milk has a glycemic index of 60.
The Outer Ring Road System is shown on the map of Singapores Expressways.
Primary interatrial foramen is part of the Circulatory system.
Sex cords is part of the Reproductive system.
On 1951-12-01 Project Vista ended.
INDECT ended 2014-06-30.
Whiteout was released in Japan.
General Motors W platform is used for the Oldsmobile Intrigue.
Cadillac XTS is one of the cars under the General Motors Epsilon platform.
Drancy internment camp had victims which included Eduard Bloch.
Selma Engel-Wijnberg was a victim of Westerbork transit camp.
Tristan Bernard was a victim at Drancy internment camp.
The Foulridge Tunnel is part of the Leeds and Liverpool Canal.
The Canal de Saint-Quentin flows through the Riqueval Tunnel.
Queen's Square, Sydney can be reached by traveling down Phillip Street, Sydney.
Aberdeen Street is in Central, Hong Kong.
Gallivan Center is in Salt Lake City.
Khatik Mohalla Street resides at Shahpura, Bhilwara.
Souq Qabil is found in Saudi Arabia.
Bethlehem High School is run by the Catholic Church.
Legacy Christian Academy is Non-denominational.
Ancho Peak is the highest of the Jicarilla Mountains.
Croda da Lago is the highest mountain in the region of Cima d'Ambrizzola.
The highest mountain in Cang Mountain is Malong.
Mount Kalatungan is the highest mountain in the Kalatungan Mountain Range.
Christina Koch was chosen to train in the NASA Astronaut Group 21.
Yousra Matine represents Morocco in sport.
Zhou Yuelong plays sport for China.
Hiriko uses a Lithium-ion battery.
Nissan Kicks P15 1 requires a Panasonic battery.
Audi Q5 Second generation 80A 1 is powered by Lithium-ion battery.
Educating Rita is currently showing at the Mercury Theatre, Colchester.
Magic Goes Wrong is currently running at the Apollo Theatre.
Harry Potter and the Cursed Child is currently being performed at the Palace Theatre, London.
Garret FitzGerald was taoiseach during Fergus O'Brien Tenure 1.
Sir John Kothalawala College students typically starts at the age of 6 years old.
The age of the Lao People's Armed Forces begins at 18.
Andy Johnson is known as johnsan01.
Bob Hopkins Bob Hopkins 1 web reference is hopkibo01.
Tom Workman's bbr is workmto01.
Stanley Brundy is shortened to brundst01 on the NBA website link.
JNARFA is the coden for Journal of Nanoparticle Research.
Code CRFSBJ denotes the publication Comprehensive Reviews in Food Science and Food Safety.
The coden of Physical Review Focus is PRFHAQ.
Byham Theater is currently used for Performing arts center.
San Diego Civic Theatre is a performing arts venue.
The Union Theatre is currently used for Professional and amateur theatre.
Ed Sullivan Theater is currently used for hosting a Television studio.
Hotel Manger was demolished in 1983-05-15.
The Tiffany Theater was demolished on 2013-08-08.
San Mamés Stadium's demolition date was 2013-06-06.
Milwaukee County Stadium was demolished on 2001-02-21.
Yankee Stadium was set to be demolished on 2010-05-13.
Environment and Behavior began receiving an impact factor in 2019.
The last air date of the Ideal TV television show was 2009-07-20.
The final air date of Radio Luxembourg was 1992-12-30.
Deutscher Fernsehfunk was last on air on 1991-12-31.
Lurcy-Lévis is 283.0 above sea level.
The maximum elevation of Macau, Gironde is 26.0.
Thil-sur-Arroux is 472.0 high.
John Odaate – Barnor was the Commandant of the Armed Forces Staff College.
Konstantin Avksentevsky commanded the 6th Army.
Thomas Langford-Sainsbury was in command of No. 48 Squadron.
Wilson Elser Moskowitz Edelman & Dicker has 38 offices.
Fountain Court Chambers has 2 offices.
Wragge & Co has 8 offices.
Harris Beach has 12 offices.
The Journal of Transport and Land Use is open access, Yes.
Materials Today has no open access content.
Yes, the BioMed Research International has open access content.
Wuxi Metro provides transport to 223200 passengers each day.
The Codiac Transpo carries 5192 passengers per day.
Chester Hill railway station uses the system Sydney Trains, NSW TrainLink.
Bois-Franc station is on the Exo transit system.
The INDECT project has a budget funding of 1.0906984E7.
ETOX had a project budget of 1.87E7.
The PREDICT project funding is 2.0E8.
Idaho and Washington Northern Railroad has the reporting mark I&WN.
The length of Metropolitan Street Railway's track is 77000.0.
Viramgam–Maliya Miyana section is 142000.0 long.
Samarang–Joana Stoomtram Maatschappij is 417000.0 long.
Bartlett and Albany Railroad's length is 16093.4.
State Railways and Seaports Administration has a track length of 1.73e+06.
The gini coefficient of Ghana is 43.5.
Myanmar's gini coefficient is 30.7.
Eswatini has a gini coefficient of 54.6.
Shea's Performing Arts Center was reopened on 1976-02-25.
Estadio Municipal Germán Becker's is set to reopen in 2008-11-05.
Regal Cinema, Dublin reopened on 1955-08-19.
The Indiana Farmers Coliseum was reopened on 2014-04-24.
The Burton Cummings Theatre reopened on 1945-11-03.
WFNY belongs to Fox News Radio.
WLTP broadcasts via the Cleveland Cavaliers Radio Network.
AMPERS is the parent broadcast network of KMSU.
Corinthia Hotel Budapest is part of the Corinthia Hotels International chain.
The George Hotel, Reading is part of the Mercure chain of hotels.
Westin Seattle is connected to Westin Hotels & Resorts.
James Braid won the 1905 Open Championship.
1978 LPGA Championship winner was Nancy Lopez.
The 1959 European Amateur Team Championship was won by Nils Odqvist.
French International Lady Juniors Amateur Championship's champion is Francesca Fiorellini.
Kateřina Siniaková won the 2021 Mutua Madrid Open.
Pam Shriver was the champion in the women's doubles at the 1984 Wimbledon Championships.
Hazel Hotchkiss Wightman was a female double session winner in the 1911 U.S. National Championships.
1997 Grand Prix Hassan II was won by João Cunha e Silva.
Stefan Edberg was the winner of the male double session at the 1987 US Open.
In the 2017 German Open the champion in double male was Mate Pavić.
2018 Nielsen Pro Tennis Championship was won by Jeevan Nedunchezhiyan.
1971 French Open was won by Françoise Dürr.
The 1991 French Open’s champion in the mixed doubles was Cyril Suk.
The 1986 US Open winner in mixed doubles was Sergio Casal.
At the 1997 Japan Open Tennis Championships the champion in single female was Ai Sugiyama.
1999 NCAA Division I Women's Tennis Championships was won by Zuzana Lešenarová.
Cliff Richey won the 1969 Cincinnati Open.
The single male champion of the 2012 President's Cup was Evgeny Donskoy.
2005 NASDAQ-100 Open was won by Roger Federer.
John McEnroe was the champion in the single males 1988 Suntory Japan Open Tennis Championships.
Roger Federer was the male singles champion at 2010 Swiss Indoors.
Loco-Motion is a puzzle game played on the Tomy Tutor.
A Duel Hand Disaster: Trackher uses Microsoft Windows.
ZX Spectrum runs Pirate Adventure.
Q-Squared is a song sung by the cover artist Keith Birdsong.
The cover artist for Universe 11 was Roger Zimmerman.
The cover artist for Universe 3 was Bob Silverman.
The Treasury of Science Fiction Classics's cover artist was Richard Powers.
Kirsch is a type of Carrot cake.
Rhino Horn bananas are a hybrid of Musa acuminata.
Rosa 'Chicago Peace' is a Sport hybrid.
The kingdom taxonomic rank of Eunidia kristenseni is Animal.
Athleta boswellae is part of the Animal kingdom.
Sarcophaga carnaria is an Animal.
Macellocerus beetle is classified as a member of the Animal kingdom.
Electric Ireland is located in Dublin.
Henri Lloyd are based in Gothenburg.
Brandwatch Qriously is situated in Brighton.
Limbic Software , Inc. 1 is based in California.
Southeast Television broadcasts in China.
Himalaya TV is broadcasted in Nepal.
Something Rotten! was written by Karey Kirkpatrick.
Gwyneth Herbert write the lyrics to The Sea Cabinet.
The Tik-Tok Man of Oz included lyrics from L. Frank Baum works.
Harbanspura Interchange crosses Lahore Ring Road.
Springs Junction joins State Highway 65.
The Si Kak Phraya Si road meets the Fueang Nakhon Road.
Saphan Khwai road meets Pradiphat Road.
The song 'All I Have' was released as a music single.
Red Velvet is a music single.
Pilots was issued as a Single.
Mi destino fue quererte is a Song.
Don't Ask Me is a pop single.
Peri Brown was the subject of Shell Shock.
Elves' Hill is written in Danish language.
Phaedra's Love was written in the English language.
Euriphene conjungens is from the phylum Arthropod.
Apicalia's phylum is Mollusca.
Lasiopates is a type of Arthropod.
The Labour Party hold office for Trafford Council.
Oakland City Council is led by the Democratic Party.
Ibrahim Ssemujju Nganda is a politician in Kira Town.
Hedmark PoliticalFunction 2 is exercised by the Centre Party.
The Pattusali live predominantly in Tamil Nadu.
French Canadians populate Quebec.
Catalans live in Italy.
Cypriot Russians live in Limassol.
Ho-Chunk live in Iowa.
Hurlyburly premiered at Goodman Theatre.
Wits Led by the Nose premiered in London.
The Homecoming was first performed at the Aldwych Theatre.
WEGS is a station broadcasting Christian radio.
Swamp pop is played on KEUN-FM.
Project Vista coordinator is William Alfred Fowler.
Esteve is a project participmant of the ETOX.
Virginia State Route 20 ends in Wilderness, Virginia.
State Highway 246 is a route which ends at Mowad.
New Jersey Route 120 has a route junction at East Rutherford, New Jersey.
National Highway 44 has a junction at Dindigul.
Massachusetts Route 143 begins in Hinsdale, Massachusetts.
Truxton, New York is where the New York State Route 91 begins.
California State Route 175 begins in Hopland, California.
BR-210 begins at Pedra Branca do Amapari.
West Rhine Railway is the serving railway line of Mainz Hauptbahnhof.
Davos Laret railway station is served by the Landquart–Davos Platz railway line.
Bomen railway station is served by Main Southern railway line, New South Wales.
IWI ACE is a rifle used in the Mexican drug war.
RPG-43 were used in The Troubles.
1916 1 were used during World War I.
In War in Donbas the RPO-A Shmel was used.
Panzerhaubitze 2000 was used in War in Afghanistan.
WPHP has a webcast called wphs.m3u.
The webcast of Radio Veronica is veronica-rockradio.
Bankia has assets worth 1.79098E11.
Unocal Corporation has assets of 1.3101E10.
HNA Technology HNA Technology 1 has assets worth 117.966.
CBZ Bank Limited has assets of 1.991E9.
There is bicycle information Available at Sanagu Station.
Kwasa Sentral MRT station bicycle information is Not available.
The Catlin Covered Bridge carries Pedestrian traffic.
The Jiangjiehe Bridge carries the S205 provincial road.
Angle Vale Bridge was built for and used by Motor vehicles.
Stanley Ferry Aqueduct carries Aire and Calder Navigation vehicles.
Lottie Moon House was completed in 1831.
Fort San Lucian was completed in 1610–1611.
A.S.D. Fersina Perginese have a capacity of 2000.
The AS Vacoas-Phoenix stadium has a capacity of 6200.
Gostaresh Foulad F.C.'s stadium had a capacity of 12000.
2017 Batangas earthquakes resulted in 6 casulaties.
There were 10 casualties in the 2020 Oaxaca earthquake.
Bicifadine is a chemical numbered 511099.
Blake Marler's classification is Final, recurring.
The colour of Undibacterium pigrum can be described as lightgrey.
Pyotr Alexeyev' Resistance Movement had a flag that was Red.
The 1896 Gloucester smallpox epidemic had 2000 confirmed cases.
During the COVID-19 pandemic in Alberta, there were 335247 confirmed cases of Covid-19.
The Bor Dahegaon Dam is an Earthfill dam.
Kabeli B1 Hydropower Station is powered by Gravity.
The leader of the National Council will be elected 2020-12-15.
Niuatoputapu Airport is at an elevation of 9.0.
Sauk City, Washington is 71.9328 above sea level.
Fort Jones, California is 840.943 above sea level.
Hermanos Ameijeiras Airport is 100.0 above ground.
The Dire Dawa Airport has an average elevation of 1167.0.
Video Games Live ends on 2018-11-17.
South Ossetia HistoricalEvent 3 ended on 2008-08-26.
The end date for Central American Integration System HistoricalEvent 3 is 1960-12-13.
The Dengue pandemic in Sri Lanka had a fatality rate of 2020.
2018 Nipah virus outbreak in Kerala had a fatality rate of 89.
15 people died from the 1929–1930 psittacosis pandemic.
It is reported that the fatality rate of the 2021 Nipah virus outbreak in Kerala was 100 people.
Microsoft SwiftKey has file size 1.618e+08.
CrystalDiskMark has a file size of 4e+06.
The file size of Anki is 1.34e+08.
VueScan has a file size of 6e+06.
Wentworth first aired on 2020-07-28.
Vietnam Television first aired on 1970-09-07.
Project Runway Philippines was first aired on 2009-08-12.
The final season of Degrassi: Next Class was first broadcasted on 2017-06-30.
Ultimate Beastmaster first aired on 2017-12-15.
The first publication date of the Last Round Arthurs was 2018-07-20.
Suspicion was first published on 1984-08-12.
Dragon Nest was first published on 2010-06-04.
Journal of Applied Psychology is published Monthly.
Pinball magazine is released Quarterly.
Rapid Communications in Mass Spectrometry is published Biweekly.
Nova srpska politička misao has an image size of 300.
Porchetta consists of pork,rosemary,garlic, andpepper.
Meatball soup has the ingredients: Meatballs,Ground meat,rice,spices.
The ingredients used to make Sol over Gudhjem are Rugbrød, smokedherring,chives,egg yolk.
Kari kapitan contains Chicken.
Schiphol Airport railway station is handicapped accessible (1).
6400 North is part of Devon Avenue.
Mandurah Road is part of National Route 1.
The kegg for Lornoxicam is D01866.
North Dakota House of Representatives last held an election on 2020-11-03.
Northamptonshire County Council's last election date was 2017-05-04.
The last election for Monaghan County Council was 2019-05-24.
Sahrawi National Council had their last election on 2012-02-20.
Tomoyo After: It's a Wonderful Life was last published on 2007-10-20.
Sorcerer Hunters was last published on 1996-08-25.
The last publication date for Amagi Brilliant Park is 2016-09-09.
The manga series Therapy Game was last published on 2017-03-14.
Salem Falls is identified as PS3566.I372 S26 2001.
Riverton–Belvidere Bridge holds 50802.3.
Taoyaomen Bridge has a load limit of 2e+09.
The load limit of the Fletcher Covered Bridge is 31751.5.
The Nagoya Port Drawbridge has a load limit of 4e+07.
The MacArthur Bridge has a load limit of 2e+07.
Hertfordshire Militia has 1–3 Regiments.
Kazan Metro has 1 line.
The Santa Clara Valley Transportation Authority has 70 lines.
Davenport Citibus has 13 transport lines.
Ningbo Rail Transit contains 5 transit lines.
Yugo-Zapadnaya has 1 platform level.
The number of platforms at Esquimalt station is 1.
Mesonisi railway station has 1 platform level.
The Hillview MRT station has only 1 platform level.
Księcia Janusza metro station has 2 railway tracks.
Home Hill railway station has 2 tracks.
Nervión contains 2 tracks.
Lindevang Station has 2 tracks.
Girard station has 2 tracks.
Jed Madela discography 2010 1 sold 10000 copies.
From the List of best-selling albums by country 1994 3, 1000000 albums were sold.
Touched with Fire has the Online Computer Library Centre number 85753373.
The Riddle of the Wren has an Online Computer Library Centre number of 10900735.
Indian Journal of Dermatology, Venereology and Leprology's Online Computer Library Center number is 02884822.
Carache Municipality was originally called Municipio Carache.
Heritage Crossing station also has trains going through other serving lines to DART South Irving Go Link.
Bloor West is another service line of the Kipling station.
Other serving lines of the Rosebank railway station include the UCTJammie Shuttle.
Yes, Jurong Town Hall MRT station has parking.
Rasskazovka station does not have parking.
Viking had 4 partial failed launches.
Out of a list of Delta 3 launches, 1 partially failed.
Long March 2E had 1 partial failed launch.
Santa Fe Depot has 47644 passengers per year.
Minami-Hinaga Station has 690 passengers per year.
The 2014 Portugal legionellosis outbreak caused 12 pendamic deaths.
Lady Day at Emerson's Bar and Grill first premiered on 1986-04-16.
The premiere date of Play Dead was 2010-11-10.
Trelawny of the 'Wells' first premiered on 1898-01-29.
The premiere date of Bottom Live: The Big Number Two Tour was 1995-11-06.
The Life of Rufus Dawes For the Term of His Natural Life 1 premiered in 1886.
Circle Mirror Transformation premiered in 2009.
Kanta premiered in 1889.
Lille-Flandres station has 9 platforms.
Songjeong Park station has 2 railway platforms.
Titagarh railway station has 4 railway platforms.
The number of recovery cases during the COVID-19 pandemic in Nunavut is 670.
The recovery cases in the COVID-19 pandemic in Normandy total 13743.
2849558 cases have recovered in the COVID-19 pandemic in South Africa.
National Route 9 ends East.
New Brunswick Route 7 routes ends in a South direction.
The State Highway 62 route starts out to the east.
CSM: 4225 is the catalogue number for Apollo 12.
Kosmos 2380 has the satcat number 26989.
On the Rocks: A Political Comedy is set in the The near future.
Sweat is set in Reading, Pennsylvania.
The start of the 1952 United States presidential election in Louisiana was on 1952-11-04.
The 2021 Estonian presidential election started on 2021-08-31.
The 2006 Sarawak state election began in 2006-05-20.
Yenikapı Transfer Center Yenikapı 1 is an Underground station.
Beixinjing Station is an Underground station.
A Very DNA Reunion is about DNAtechnology.
The COVID-19 pandemic in Haiti has 32304 suspected cases.
There were 37 suspected cases in the 1924 Los Angeles pneumonic plague outbreak.
The gene symbol for Vasoactive intestinal peptide receptor is ADCYAP1R1.
The symbol for chlorosome is bac chlorc.
Kelch motif has the symbol of Kelch 5.
2017 Bauer Watertechnology Cup is played on Carpet.
Yenikapı Transfer Center Yenikapı 1 had visitors statistics in the year of 2017.
The visitor statistics for Arc-et-Senans station are valid as of 2018.
Ernakulam Junction railway station visitor statistics were recorded in 2018.
Tlatelolco metro station has seen a drop in visitors by -41.57 percent.
Buckower Chaussee station was electrified at 0750.
Pasivedala railway station was electrified on 0025.
30th street station was electrified on 0700.
MetroKent was electrified in 0001.
Censorinus has a depth of 400.0.
The depth of Cocheras is 12.0.
Titan has a depth of 141.5.
The Journal of Economic History's jstor archive number is 00220507.
Journal of Speculative Philosophy has a jstor number of 0891625X.
93-660008 is the lccn of Professional Ethics.
The lccn of the Federal Law Review is 77020319.
Barnase has a pdb of 1BRS.
The gene entry for RAR-related orphan receptor in the Protein Data Bank is 1N83.
Journal of Historical Review has 0 peer reviews.
Pendleton Heights High School is located in Madison County, Indiana.
Sharnbrook Academy is situated in the county of Bedfordshire.
Canat Elementary School is in the Philippines county.
Bishop Blanchet High School is in King County, Washington.
Prendergast School is in London.
Kingsway Tunnel Kingsway Tunnel 1 ends in Merseyside.
Discovery Bay Tunnel ends at Siu Ho Wan.
Tauern Railway Tunnel starts in Salzburg.
The Jeddo Tunnel starts at Black Creek.
Saverne Tunnel starts at Eckartswiller.
Robertson Tunnel route starts at Goose Hollow, Portland, Oregon.
Acura TSX 2010 1 has us sales of 126.
38218 BMW 5 Series 1999 1 were sold in the US.
Phoemela Baranda's active years are from 1999–present.
Merignac internment camp had the active years of 17 November 1940 – 26 August 1944.
Casoli internment camp was active in 1940.
Maria Eriksson has been active from 2009-present.
Young women play the chorus character in Alcmaeon in Psophis.
In Ajax, the Sailors fromSalamis play the chorus character.
Philoctetes is a chorus character in the play GreekSailors.
Warsaw concentration camp was built on the site of Gęsiówkaprison.
The Szebnie concentration camp was originally used for Internment.
The Mazibuko M1B truck will have a range of 400.
Voyah Free can travel 500 km without refuelling.
BAZ-6909 can travel 1000 without refuelling.
The KZKT-7428 has a range of 1500.
Natzweiler-Struthof concentration camp Natzweiler-Struthof 1 held mainly resistance fighters from occupied European nations.
Monowitz concentration camp’s victims were MainlyJews.
The victims in the Kaufering concentration camp complex were mostly Jews.
Bosniaks were the victims in the Sušica camp.
Red Bridge is made of Rock.
Landwasser Viaduct is constructed with Limestone.
Jamestown Verrazzano Bridge is made of Concrete.
The former broadcast network of Kentucky channel was KET ED.
The former broadcast network of NBC Montana is CBS.
Wayne Meylan was an honour student for 1967 College Football All-America Team.
Thomas Joseph Kelly was entered into the National Museum of Racing and Hall of Fame.
Robert H. Michel received the Purple Heart.
Joseph Beeston has been awarded the Order of St Michael and St George.
Carlos Alberto dos Santos Cruz received honours in the Order of Aeronautical Merit.
Rotherham Interchange is an important hub for Stagecoach Yorkshire.
Meadowhall Interchange is one of Stagecoach Yorkshire's major stops.
Vrådal is an important stop for the Telemark Bilruter buses.
