Chiltern Firehouse serves cuisine influenced by American cuisine.
Hof van Cleve serves cuisine that is influenced by French cuisine.
Lucy's Cafe serves cuisine that is influenced by Italian cuisine.
Sushi of Gari serves cuisine influenced by Japanese cuisine.
The MV American Integrity has a call sign of WDD2875.
MS Nordlys has a call sign of LHCW.
Pallada has a call sign UDUI.
Aquarius has a call sign of ZGGD3.
MV Hansa Brandenburg has a call sign of A8ES9.
Irish Car Rentals' logo is ICR-logo.jpg.
Bank of Mexico's logo is Logobm.svg.
Numa F. Montet is alumni of Northwestern State University.
Francis Scarpaleggia is alumni of Concordia University.
Alan Bible is alumni of the Georgetown University Law Center.
Esther Armah works for Kwesi Armah.
Adam de Wodeham works for William of Ockham.
Charles Canivet works for the Amédée Thierry.
Packed in a Trunk: The Lost Art of Edith Lake Wilkinson was composed by Danielle Ate the Sandwich.
Tales of Symphonia was composed by Motoi Sakuraba.
My Scientology Movie has music by Dan Jones.
Leo Anchóriz is a Commando actor.
Snowy Baker is the voice of Sleeping Acres.
Professor Dowell's Testament was written by Natalya Sayko.
Nicholas Tse is the voice actor in The Stool Pigeon.
Spot Blue International Property has a total area of 736032835.
Co bank has a total assets of 075770271.
Duns is the official identifier of Deutsche Presse-Agentur.
Robert Karabinchak has an image on his Flickr username: Rob karabinchaks.jpg.
Salbutamol has a legal status as a Prescription drug.
Bendroflumethiazide has a legal status as a Prescription drug.
Insulin aspart has a legal status as a Prescription drug.
Minuscule 850 is written in language of Ancient Greek.
Millicent Min, Girl Genius was written in language.
The Way of the Sufi is in language of English language.
Another Fine Myth is in language of English language.
Angiotensin-converting enzyme is involved in biological process of Kidney development.
MX1 is involved in biological process of Innate immune system.
LYN is involved in biological process called Haematopoiesis.
LRRK2 is involved in biological process called Autophagy.
2011 Challenge Bell was a super event on the 2011 WTA Tour.
Billings Gazette has a ISBN number of 2372-868X.
Nelson Daily News has a circulation of 0832-431X.
Zuerst! has a ISBN number of 1869-5493.
La Croix has a spectral type of 0242-6056.
Vetus Latina is an example of work in the Bible.
Tales from Shakespeare is a fictional story about The Taming of the Shrew.
Two Dogmas of Empiricism is about Logical positivism.
Best Shot in the West is a novel about Children's literature.
Aditus to mastoid antrum is connected to the Tympanic cavity.
Ureter is connected to the Renal pelvis.
The Outer ear is connected to the Middle ear.
The Right atrium is connected to the Right ventricle.
A Christmas Carol is a work example of A Klingon Christmas Carol.
The Province of Catanzaro contains place of Martirano.
Kranenburg, North Rhine-Westphalia contains place of Frasselt.
Alto Mijares contains place of Fuentes de Ayódar.
The Department of Huancavelica contains place in Angaraes Province.
The Age of Entitlement was inspired by artist The Basics.
Sugarless was created by artist Swami.
The Angle of Entry was inspired by artist The Mutton Birds.
Simba was created by James Baxter.
Ogura Hyakunin Isshu is a contributor to Ryōzen.
King Louie was created by Milt Kahl.
Ginkai was founded by Hiroshi Murakami.
Ogura Hyakunin Isshu contributed to Inpumon'in no Tayū.
The Last Wedding was filmed in Vancouver.
Canción de Juventud is located in Catalonia.
Count Arthur Strong was filmed in London.
Claudius was the parent of Claudia Octavia.
Testosterone sulfate interacts with CC12CCC3CCCC34C.
GNLY encodes bio chem entity Granulysin.
Phosphatidylethanolamine binding protein 1 encodes bio chem entity.
CDKN2A encodes bio chem entity P16.
Crohn's disease has a sign or symptom of Abdominal pain.
Stereotypic movement disorder is diagnosed by the term Stereotypy.
The Plague sign or symptom is Shock.
Intracranial aneurysm is a sign or symptom of Confusion.
Joseph E. Meyer's home location is Meyer's Castle.
Michael Paul Britto has a home location in New York City.
Kent Smetters has a home location in Philadelphia.
Lucius E. Burch Jr. was born in Collierville, Tennessee.
Dorit Schmiel has a home location in Pankow.
Torpoint Community College has a telephone number of +44-1752-812511.
Knowl Hill School has a telephone number of +44-1483-797032.
Quarrydale Academy has a telephone number of =+44-1623-554178.
Resolute Forest Products is a sub organization of Abitibi-Consolidated.
Commonwealth of Nations is a sub organization of the Commonwealth War Graves Commission.
The Department of Canadian Heritage is a sub organization of Library and Archives Canada.
Bell Canada is a sub organization of Télébec.
East Central Railway zone is a sub organization of Dhanbad railway division.
Aromatase is encoded by bio chem entity by Cytochrome p450 family 19 subfamily a member 1.
Alpha-amylase is encoded by bio chem entity AMY1C.
ST2 cardiac biomarker is encoded by bio chem entity IL1RL1.
2018 Tour of Norway competitor was Sergey Lagutin.
Joseph Charles Walsh knows language.
Marisa Ferretti Barth knows language.
Empedocles knows language in Ancient Greek.
Maria Iovleva knows language.
Isaac Halstead Williamson knows language.
Acetylcholinesterase is located in subcellular location in Basal lamina.
Basigin is located in subcellular location via Cell membrane.
Galactose-1-phosphate uridylyltransferase is located in subcellular location in Cytoplasm.
SOX1 is located in subcellular location in Cell nucleus.
Pilot is part of series Faking It.
The Fight Before Christmas is part of series The Simpsons.
The Ascent is part of series Star Trek: Deep Space Nine.
M3U uses the encoding format x-mpegurl.
View of Bentheim Castle was created in Haarlem.
Teodelapio was created by Spoleto.
Landscape at Auvers in the Rain was created in Auvers-sur-Oise.
Still Life with Profile of Laval was filmed in Pont-Aven.
Moerkerke is contained in place in Damme.
Borden, Western Australia is contained in place in Division of O'Connor.
Lang Chánh District is contained in place in Thanh Hóa Province.
Punta Prieta Airstrip is contained in place in Baja California.
Tony Maylam has occupation as a Screenwriter.
Roy Wang has occupation as a Singer-songwriter.
Franco Perinciolo has occupation as a Football player.
All Things at Once isbn is 978-1-60286-111-4.
Asterix and the Chieftain's Shield has a spectral class of 2-01210-143-7.
Team Batista no Eikō has a ISBN number of 978-4-7966-5079-3.
The ISBN number for Some Prefer Nettles is 978-4-12-203556-0.
Asterix and the Goths isbn is 978-2-01210-135-7.
Hinaleimoana Wong-Kalu is a gender of Māhū.
John the Orphanotrophos has a gender of Eunuch.
Invincible has a Non-binary gender.
John Sartorius has children.
George Hearst had children with William Randolph Hearst.
Jean-Baptiste Vuillaume owns Lauterbach Stradivarius.
Jacqueline Kennedy Onassis owns the Wedding dress of Jacqueline Bouvier.
Qaboos bin Said owns Al Said.
Cobra Verde is based on the novel The Viceroy of Ouidah.
The Book of Exodus has a character named Amalek.
Nights of Farewell was written by Marius Petipa.
Black Hippy was founded in South Los Angeles.
Boøwy was founded in Takasaki.
Camellia Factory has a founding location in Tokyo.
Lone Signal was founded in New York City.
Crazy Lixx was founded in Malmö.
The Imperialism of Free Trade has pagination of 1-15.
BRAF is expressed in the Stomach.
ISCU has molecular function of Plasma protein binding.
HLA-G has molecular function of Plasma protein binding.
GRIA1 has molecular function of Plasma protein binding.
The song Welcome to the Jungle was written by Slash.
Day by Day was written by Lina Sandell.
The Norwegian Wood was composed by Paul Mc cartney.
Hen with Sapphire Pendant is owned by House of Fabergé.
Mastermind is owned by Parker Brothers.
1Q84 is a citation for The Metamorphosis.
Send in Stewie, Please is part of season of Family Guy.
Albatross was part of season of Star Trek: The Animated Series.
Elegy for a Pig is part of season 1.
Irinotecan interacts with Nelfinavir.
Domperidone interacts with Clarithromycin.
Transposition of the great vessels has a medicine topic of 2548.
COVID-19 in Australia has 25318 active cases.
The COVID-19 pandemic in the Australian Capital Territory has 495 active cases.
The Eluru outbreak has 0 active cases.
The COVID-19 pandemic in Newfoundland and Labrador has 22 active cases.
Swiss Personalized Health Network has a project budget total of 6.8E7.
WACOM has a project budget total of 380000.0.
The Innovative Medicines Initiative has a project budget total of 2.0E9.
Candesartan has a bioavailability of 15.0.
Promethazine has a bioavailability of 88.0.
Saint Mary's University of Minnesota has a faculty size of 96.
British Quarterly Review's final publication year was 1886.
Child Language Teaching and Therapy had a final publication year of -1985.
Goonyella railway line has a line length of 477000.0.
Chikuhi Line has a line length of 42600.0.
Blue line has a line length of 24800.0.
Tokyo Metro Marunouchi Line has a line length of 27400.0.
Husemersee has maximum depth of 14.3.
Limassol Salt Lake has maximum depth of 1.0.
Kenas Lake has maximum depth of 188.5.
Dieksee has maximum depth of 38.0.
Halbendorfer See has maximum depth of 26.0.
Littler Mendelson has a number of lawyers.
Taft Stettinius & Hollister has 625 lawyers.
Rose Law Firm has a number of lawyers.
Line 2 has a number of stations.
Newark Light Rail has 17 stations.
Shelbourne railway line has a number of stations.
Falcon 9 has 1 life expectancy of 1.
New Shepard has 0 unknown outcomes.
Carnero Lake has an average depth of 1.8288.
Lake Musconetcong has an average depth of 1.524.
Chaparral Lake has an average depth of 3.048.
Shawano Lake has an average depth of 2.7432.
The Confederate cush has a complexity of 2.
Mămăligă has a complexity of 1.
Abdollah Nouri has an election majority of 448874.
Abolghasem Khazali has an election majority of 107311.
Mohammad Khoshchehreh has an election majority of 578674.
Ali Fallahian has an election majority of 386767.
Greg Bowen has an individualised gnd of 320322793.
PNP transistor has an individualised gnd of 4174948-0.
Karl Pommerhanz has an individualised gnd of 126961069.
CPR Bridge has a number of piers in water.
Tees Newport Bridge has 2 piers in water.
Flehe Bridge has a number of piers in water.
METRORail has a number of vehicles.
Light Rail Transit has 89 vehicles.
Pamplona City Transport has a number of vehicles.
Iskandar Malaysia Bus Rapid Transit has a number of vehicles.
Booker T. Washington National Monument has a number of visitors as of 2012.
The number of visitors as of 2011 is the highest of Arlington House, The Robert E. Lee Memorial.
The voltage of electrification is 750.0.
The voltage of electrification is 750.0.
The voltage of electrification is 750.0.
Strained yogurt has approximate calories of 557000.0.
Pogača has approximate calories of 820613.0.
Diffused lighting camouflage is a project keyword for Active camouflage.
Probability distribution is a statistical method used to measure Probability.
Earth Bio genome Project has a project start date of 2018-11-01.
Project Vista was first officially launched on 1951-04-01.
The project start date for Research Domain Criteria is 2010-01-28.
The Chevert expedition started on 1875-05-18.
Ray Reardon won the world champion title year in 1978.
St. Thomas Aquinas High School has an act score of ACT.
Persian blue has a connotation of Heaven.
Bruce Lee Bednar is the cultivator of Nepenthes 'Vittata'.
Emergency medicine has a focus on Acute.
Anesthesiology has a focus on Anesthesia.
TREAT-NMD is funded by the European Commission.
Song dynasty has a gdp per capita of 26.5.
Oat milk has a glycemic index of 60.
The Outer Ring Road System uses the Singapores Expressways.
Primary interatrial foramen is part of the organ system Circulatory system.
Sex cords are part of the Reproductive system.
Project Vista was completed on 1951-12-01.
INDECT has a project end date of 2014-06-30.
Whiteout was filmed in Japan.
General Motors W platform is a vehicle that is similar to Oldsmobile Intrigue.
General Motors Epsilon platform is used in the Cadillac XTS.
Drancy internment camp was internment camps for Eduard Bloch.
The Westerbork transit camp was named after Selma Engel-Wijnberg.
Tristan Bernard was a victim at Drancy internment camp.
Foulridge Tunnel is a waterway through tunnel that connects Leeds and Liverpool Canal.
Riqueval Tunnel is a waterway through tunnel that connects Canal de Saint-Quentin.
Queen's Square, Sydney has an address in road called Phillip Street, Sydney.
Aberdeen Street is located in road in Central, Hong Kong.
Gallivan Center is located in the city of Salt Lake City.
Khatik Mohalla Street is located in road between Shahpura, Bhilwara and Bhilwarara.
Souq Qabil has an address in road in Saudi Arabia.
Bethlehem High School is affiliated with the Catholic Church.
Legacy Christian Academy is Non-denominational.
Jicarilla Mountains has highest peaks, Ancho Peak.
Croda da Lago has a highest elevation of Cima d'Ambrizzola.
Cang Mountain is highest in Malong.
Kalatungan Mountain Range is highest above Mount Kalatunan.
Christina Koch was selected by NASA Astronaut Group 21.
Yousra Matine is from the sport country of Morocco.
Zhou Yuelong is from the sport country of China.
Hiriko uses a Lithium-ion battery.
Nissan Kicks P15 1 has a battery supplied by Panasonic.
Audi Q5 Second generation 80A 1 has a Lithium-ion battery.
The Mercury Theatre, Colchester has a current production of Educating Rita.
Apollo Theatre's current production is Magic Goes Wrong.
The Palace Theatre, London is the venue for Harry Potter and the Cursed Child.
Fergus O'Brien Tenure 1 was a taoiseach under Garret FitzGerald.
Sir John Kothalawala College has a student age range of 6.
Lao People's Armed Forces have an age range of 18.
Andy Johnson's Twitter username is johnsan01.
Bob Hopkins Bob Hopkins 1 has a Twitter username of hopkibo01.
Tom Workman's Twitter username is workmto01.
Stanley Brundy's Twitter username is brundst01.
JNARFA is the journal of Nanoparticle Research.
Conduct Reviews in Food Science and Food Safety has a molecular name of CRFSBJ.
The Physical Review Focus has a coden name of PRFHAQ.
The Byham Theater is currently used for the Performing arts center.
San Diego Civic Theatre is currently used for a performing arts venue.
Union Theatre is currently used for Professional and amateur theatre.
Ed Sullivan Theater is currently used for a Television studio.
Hotel Manger's demolition date was 1983-05-15.
Tiffany Theater's demolition date was 2013-08-08.
San Mamés Stadium was demolished on 2013-06-06.
Milwaukee County Stadium's demolition date was 2001-02-21.
New Yankee Stadium's demolition date was 2010-05-13.
Environment and Behavior has an impact factor as of 2019.
Ideal TV's last air date was 2009-07-20.
Radio Luxembourg's last air date was 1992-12-30.
Deutscher Fernsehfunk's last air date was 1991-12-31.
Lurcy-Lévis has maximum elevation of 283.0.
Macau, Gironde has maximum elevation of 26.0.
Thil-sur-Arroux has maximum elevation of 472.0.
John Odaate – Barnor is a military commandant of the Armed Forces Staff College.
Konstantin Avksentevsky is in military command of the 6th Army.
Thomas Langford-Sainsbury was in military command of No. 48 Squadron.
Wilson Elser Moskowitz Edelman & Dicker has number of offices.
Fountain Court Chambers has a number of offices.
The number of offices at Wragge & Co is 8.
Harris Beach has a number of offices.
The open access content of the Journal of Transport and Land Use is open access.
Materials Today has an open access content rating of No.
BioMed Research International has open access content.
Wuxi Metro has 223200 passengers per day.
The number of passengers per day on Codiac Transpo is 5192.
Chester Hill railway station is served by the Sydney Trains, NSW Train link.
Bois-Franc station has a passengers used system called Exo.
INDECT has project budget funding of 1.0906984E7.
ETOX has project budget funding of 1.87E7.
PREDICT has project budget funding of 2.0E8.
The Idaho and Washington Northern Railroad has a reporting mark I&WN.
Metropolitan Street Railway has a track length of 77000.0.
The Viramgam–Maliya Miyana section has a track length of 142000.0.
Samarang–Joana Stoomtram Maatschappij has a track length of 417000.0.
Bartlett and Albany Railroad has a track length of 16093.4.
State Railways and Seaports Administration has a track length of 1.73e+06.
Ghana has a gini coefficient of 43.5.
The gini coefficient is 30.7.
Eswatini has a gini coefficient of 54.6.
The reopening date for Shea's Performing Arts Center is 1976-02-25.
Estadio Municipal Germán Becker reopening date was 2008-11-05.
Regal Cinema, Dublin reopening date was 1955-08-19.
Indiana Farmers Coliseum reopening date is 2014-04-24.
Burton Cummings Theatre reopening date was 1945-11-03.
WFNY is a broadcast network of Fox News Radio.
WLTP is a broadcast network of the Cleveland Cavaliers Radio Network.
KMSU is broadcast network by AMPERS.
Corinthia Hotel Budapest is owned by Corinthia Hotels International.
The George Hotel, Reading is part of the Mercure chain.
Westin Seattle is owned by Westin Hotels & Resorts.
James Braid was the 1905 Open Championship champion.
Nancy Lopez was the 1978 LPGA Championship champion.
Nils Odqvist was the 1959 European Amateur Team Championship champion.
French International Lady Juniors Amateur Championship champion was Francesca Fiorellini.
Kateřina Siniaková was the champion in double female.
Pam Shriver was the 1984 Wimbledon Championships champion in double female.
Hazel Hotchkiss Wightman was the 1911 U.S. National Championships champion in double female.
João Cunha e Silva was the 1997 Grand Prix Hassan II champion in double male.
Stefan Edberg was the 1987 US Open champion in double male.
Mate Pavić was the 2017 German Open champion in double male.
Jeevan Nedunchezhiyan was the winner of the 2018 Nielsen Pro Tennis Championship.
Françoise Dürr was the 1971 French Open champion in mixed double.
Cyril Suk was the 1991 French Open champion in mixed double.
Sergio Casal was the 1986 US Open champion in mixed double.
Ai Sugiyama was the 1997 Japan Open Tennis Championships champion in single female.
Zuzana Lešenarová was the 1999 NCAA Division I Women's Tennis Championships champion in single female.
Cliff Richey was the 1969 Cincinnati Open champion in single male.
Evgeny Donskoy was the 2012 President's Cup champion in single male.
Roger Federer was the 2005 NASDAQ-100 Open champion in single male.
John McEnroe was the 1988 Suntory Japan Open Tennis Championships champion in single male.
Roger Federer was the 2010 Swiss Indoors champion in single male.
Loco-Motion is a computing platform developed by Tomy Tutor.
A Duel Hand Disaster: Trackher is available on the computing platform Microsoft Windows.
Pirate Adventure uses the computing platform ZX Spectrum.
Keith Birdsong is the cover artist for Q-Squared.
Roger Zimmerman is the cover artist for Universe 11.
Bob Silverman is the cover artist for Universe 3.
Richard Powers is the cover artist for The Treasury of Science Fiction Classics.
Carrot cake has variant Kirsch.
Rhino Horn bananas are hybrid with Musa acuminata.
Rosa 'Chicago Peace' is a hybrid of Sport.
Eunidia kristenseni is a kingdom of the Animal.
Atha boswellae is a kingdom of the Animal.
Sarcophaga carnaria is a kingdom of the Animal.
Macellocerus is a kingdom of the Animal.
Electric Ireland's location city is Dublin.
Henri Lloyd was born in Gothenburg.
Brandwatch Qriously is located in Brighton.
Limbic Software, Inc. 1 is located in California.
Southeast Television is broadcast in a location country in China.
Himalaya TV is broadcast in Nepal.
Karey Kirkpatrick wrote Something Rotten! lyrics.
The Sea Cabinet was written by Gwyneth Herbert.
The Tik-Tok Man of Oz was written by L. Frank Baum.
Harbanspura Interchange is connected to Lahore Ring Road.
Somewhere Springs Junction is on the meeting road of State Highway 65.
Si Kak Phraya Si is on the meeting road Fueang Nakhon Road.
Saphan Khwai is on the meeting road Pradiphat Road.
All I Have is a music type of Single.
Red Velvet is a music type that is Single.
Pilots is a music type that is Single.
Mi destino fue quererte is a music type that is influenced by Song.
Don't Ask Me has a music type of Single.
Peri Brown is a fictional character in Shell Shock.
Elves' Hill is written in the Danish language.
Phaedra's Love uses the original language of English language.
Euriphene conjungens belongs to the phylum Arthropod.
Apicalia is a phylum in Mollusca.
Lasiopates belongs to the phylum Arthropod.
United Trafford Council is a political party in legislature.
Oakland City Council is a political party of leader.
Ibrahim Ssemujju Nganda is a politician.
Hedmark Political function 2 is a political party affiliated to the Centre Party.
Pattusali is a population place in Tamil Nadu.
French Canadians have a population place in Quebec.
Catalans are a population place in Italy.
Cypriot Russians have a population place of Limassol.
Ho-Chunk is a population place in Iowa.
Hurlyburly is a premiere place at the Goodman Theatre.
Wits Led by the Nose was filmed in London.
The Homecoming was performed at the premiere place of Aldwych Theatre.
WEGS broadcasts in a programme format of Christian radio.
KeUN-FM broadcasts in a programme format called Swamp pop.
Project Vista was designed by William Alfred Fowler.
ETOX was a project participant in Esteve.
Virginia State Route 20 is a route end in the Wilderness, Virginia.
State Highway 246 has a route end in Mowad.
New Jersey Route 120 is located at a route junction in East Rutherford, New Jersey.
National Highway 44 is a route junction that connects Dindigul to Dindindiguli.
Massachusetts Route 143 has a route start in Hinsdale, Massachusetts.
New York State Route 91 has a route start in Truxton, New York.
California State Route 175 has a route start in Hopland, California.
BR-210 has a route start at Pedra Branca do Amapari.
Mainz Hauptbahnhof is on the serving railway line of the West Rhine Railway.
Davos Laret railway station is on the Landquart–Davous Platz railway line.
Bomen railway station is on the Main Southern railway line, New South Wales.
IWI ACE is used in war against Mexican drug war.
RPG-43 was used in war during The Troubles.
The 1916 1 was used in war during World War I.
RPO-A Shmel was used in war in Donbas.
Panzerhaubitze 2000 was used in war in Afghanistan.
WPHP can be found on the webcast at wphs.m3u.
Radio Veronica is a webcast on veronica-rockradio.
Bankia has assets of 1.79098E11.
Unocal Corporation has assets of 1.3101E10.
HNA Technology HNA Technology 1 has assets of 117.966.
CBZ Bank Limited has assets of 1.991E9.
Sanagu Station has bicycle information available.
Kwasa Sentral MRT station has bicycle information. Not available.
Catlin Covered Bridge carries Pedestrian traffic.
Jiangjiehe Bridge carries S205 provincial road.
Angle Vale Bridge carries Motor vehicles.
Stanley Ferry Aqueduct carries the Aire and Calder Navigation.
Lottie Moon House has a building end date of 1831.
Fort San Lucian has a building end date of 1610–1611.
A.S.D. Fersina Perginese has a capacity of 2000.
AS Vacoas-Phoenix has a maximum capacity of 6200.
Gostaresh Foulad F.C. has a capacity of 12000.
2017 Batangas earthquakes had 6 casualties.
The 2020 Oaxaca earthquake had 10 casualties.
Bicifadine has a binding energy of 511099.
Blake Marler has a classification of Final, recurring.
Undibacterium pigrum has a colour name of lightgrey.
Pyotr Alexeyev' Resistance Movement has a colour name of Red.
The 1896 Gloucester smallpox epidemic had a confirmed cases in 2000.
The COVID-19 pandemic in Alberta has 335247 confirmed cases.
Bor Dahegaon Dam is filled with Earthfill.
Kabeli B1 Hydropower Station has a gravity rating of Gravity.
National Council's election date leader is 2020-12-15.
Niuatoputapu Airport has an elevation of 9.0.
Sauk City, Washington has an elevation of 71.9328.
Fort Jones, California has an elevation of 840.943.
Hermanos Ameijeiras Airport has an elevation of 100.0.
Dire Dawa Airport has an elevation of 1167.0.
The end date of Video Games Live is 2018-11-17.
South Ossetia Historical event 3 ended on 2008-08-26.
Central American Integration System Historical event 3 ended on 1960-12-13.
Dengue pandemic in Sri Lanka has a fatality rate of 2020.
2018 Nipah virus outbreak in Kerala had a fatality rate of 89.
The 1929–1930 psittacosis pandemic had a fatality rate of 15.
The 2021 Nipah virus outbreak in Kerala has a fatality rate of 100.
Microsoft Swift key has a file size of 1.618e+08.
Crystal disk mark has a file size of 4e+06.
Anki has a file size of 1.34e+08.
Vue scan has a file size of 6e+06.
Wentworth first air date was 2020-07-28.
Vietnam Television first air date was 1970-09-07.
Project Runway Philippines first air date was 2009-08-12.
Degrassi: Next Class first air date was 2017-06-30.
Ultimate Beastmaster first air date was 2017-12-15.
The first publication date for Last Round Arthurs is 2018-07-20.
Suspicion's first publication date was 1984-08-12.
Dragon Nest's first publication date was 2010-06-04.
The journal of Applied Psychology has a frequency of publication of Monthly.
Pinball has a frequency of publication of Quarterly.
Rapid Communications in Mass Spectrometry has a frequency of publication of Biweekly.
Nova srpska politička misao has a image size of 300.
Porchetta has an ingredient name of pork,rosemary,garlic, andpepper.
Meatball soup has an ingredient name of Meatballs,Ground meat,rice,spices.
Sol over Gudhjem has an ingredient name of Rugbrød, smokedherring,chives,egg yolk.
Kari kapitan has an ingredient name of Chicken.
Schiphol Airport railway station is handicapped accessible.
Devon Avenue is part of name 6400 North.
Mandurah Road is part of name National Route 1.
Lornoxicam has a molecular structure of D01866.
The last election date for the North Dakota House of Representatives was 2020-11-03.
Northamptonshire County Council's last election date was 2017-05-04.
Monaghan County Council's last election date was 2019-05-24.
The Sahrawi National Council's last election date was 2012-02-20.
Tomoyo After: It's a Wonderful Life was first published on 2007-10-20.
Sorcerer Hunters had its last publication date on 1996-08-25.
Amagi Brilliant Park's last publication date was 2016-09-09.
Therapy Game's last publication date was 2017-03-14.
Salem Falls has a lighthouse called PS3566.I372 S26 2001.
Riverton–Belvidere Bridge has a load limit of 50802.3.
Taoyaomen Bridge has a load limit of 2e+09.
Fletcher Covered Bridge has a load limit of 31751.5.
Nagoya Port Drawbridge has a load limit of 4e+07.
The load limit for Mac arthur Bridge is 2e+07.
Hertfordshire Militia has a military unit size of 1–3 Regiments.
Kazan Metro has a number of lines.
Santa Clara Valley Transportation Authority has a number of lines.
Davenport Citibus has a number of lines.
Ningbo Rail Transit has a number of lines.
Yugo-Zapadnaya has a number of platform levels.
The number of platform levels at Esquimalt station is 1.
The number of platform levels at Mesonisi railway station is 1.
Hillview MRT station has a number of platform levels of 1.
Księcia Janusza metro station has a number of tracks.
Home Hill railway station has a number of tracks.
Nervión has a number of tracks.
Lindevang Station has a number of tracks.
Girard station has a number of tracks.
Jed Madela discography 2010 1 has a number sold of 10000.
List of best-selling albums by country 1994 3 has a number sold of 1000000.
Touched with Fire has a romanization of 85753373.
The Riddle of the Wren has a total number of 10900735.
The Indian Journal of Dermatology, Venereology and Leprology has a publication identifier of 02884822.
Carache Municipality has an original name of Municipio Carache.
Heritage Crossing station is on the DART South Irving Go Link.
Kipling station is on the Bloor West serving lines.
Rosebank railway station is served by the UCTJammie Shuttle.
The Jurong Town Hall MRT station has parking information.
Rasskazovka has parking information No.
Viking has 4 partial failed launches.
List of Delta 3 launches has 1 partial failed launch.
The Long March 2E has had 1 partial failed launches.
Santa Fe Depot has 47644 passengers per year.
The number of passengers per year at Minami-Hinaga Station is 690.
2014 Portugal legionellosis outbreak had 12 pendamic deaths.
Lady Day at Emerson's Bar and Grill was first performed on 1986-04-16.
Play Dead's premiere date was 2010-11-10.
Trelawny of the 'Wells' was first performed on 1898-01-29.
Bottom Live: The Big Number Two Tour had a premiere date of 1995-11-06.
The Life of Rufus Dawes For the Term of His Natural Life 1 was first performed in the premiere year of 1886.
Circle Mirror Transformation had its premiere year in 2009.
Kanta was first performed in 1889.
Lille-Flandres station has 9 railway platforms.
Songjeong Park station has 2 railway platforms.
Titagarh railway station has 4 railway platforms.
COVID-19 pandemic in Nunavut has 670 recovery cases.
The COVID-19 pandemic in Normandy resulted in 13743 recovery cases.
The COVID-19 pandemic in South Africa has 2849558 recovery cases.
National Route 9 has a route end direction of East.
New Brunswick Route 7 has a route end direction of South.
State Highway 62 has a route start direction of East.
Apollo 12's satcat has a spectral class of CSM: 4225.
Kosmos 2380 has a satcat-like orbit of 26989.
On the Rocks: A Political Comedy is set in the near future.
Sweat is set of play in Reading, Pennsylvania.
The 1952 United States presidential election in Louisiana had a start date of 1952-11-04.
The 2021 Estonian presidential election start date is 2021-08-31.
2006 Sarawak state election start date was 2006-05-20.
Yenikapı Transfer Center Yenikapac 1 has a station structure that is Underground.
Beixinjing station is part of the Underground network.
A Very DNA Reunion was discovered by the subject of play, DNAtechnology.
The COVID-19 pandemic in Haiti has 32304 suspected cases.
There were 37 suspected cases of 1924 Los Angeles pneumonic plague outbreak.
Vasoactive intestinal peptide receptor has a symbol of ADCYAP1R1.
Chlorosome symbolizes Bac chlor c.
Kelch motif is a symbol of Kelch 5.
2017 Bauer Watertechnology Cup is played on a tennis surface type called Carpet.
Yenikapı Transfer Center Yenikapac 1 has visitor statistics as of 2017.
Arc-et-Senans station has visitor statistics as of 2018.
Ernakulam Junction railway station has visitor statistics as of 2018.
Tlatelolco metro station has a visitors percentage change of -41.57.
Buckower Chaussee station has a year of electrification frequency of 0750.
Pasivedala railway station has a year of electrification of 0025.
30th Street station has a year of electrification of 0700.
Metro kent has a year of electrification of 0001.
Censorinus has a depth of 400.0.
Cocheras has a depth of 12.0.
Titan has a depth of 141.5.
The Journal of Economic History has a reference number of 00220507.
The journal of Speculative Philosophy has a journal identifier of 0891625X.
The ISO 9001 standard for Professional Ethics is 93-660008.
Federal Law Review has a total number of 77020319.
Barnase has a spectral type of 1BRS.
RAR-related orphan receptor has a binding point of 1N83.
The journal of Historical Review is peer reviewed.
Pendleton Heights High School is located in Madison County, Indiana.
Sharnbrook Academy is in Bedfordshire.
Canat Elementary School is in the Philippines.
Bishop Blanchet High School is located in King County, Washington.
Prendergast School is in the county of London.
Kingsway Tunnel Kingsway Tunnel 1 has a route end location in Merseyside.
Siu Ho Wan is the engineer for Discovery Bay Tunnel.
Tauern Railway Tunnel has a route start location in Salzburg.
Jeddo Tunnel is located in the Black Creek drainage basin.
Saverne Tunnel has route start location of Eckartswiller.
Robertson Tunnel is located in Goose Hollow, Portland, Oregon.
Acura TSX 2010 1 has a total vehicle sales of 126.
BMW 5 Series 1999 1 has 38218 units.
Phoemela Baranda was active years 1999–present.
Merignac internment camp was active years from 17 November 1940 – 26 August 1944.
Casoli internment camp was closed in 1940.
Maria Eriksson had active years 2009-present.
Alcmaeon in Psophis is a chorus character in play.
Ajax is a chorus character in play called Sailors from salamis.
Philoctetes is a chorus character in play by Greek sailors.
The Warsaw concentration camp was originally used for the Gęsiówkaprison.
Szebnie concentration camp was originally used for the Internment.
Mazibuko M1B has a range of 400.
Voyah Free has a range of 500.
BAZ-6909 has a range of 1000.
KZKT-7428 has a range of 1500.
Natzweiler-Struthof concentration camp Natzweiling-Strutof 1 has a concentration camp population of mainly resistance fighters from occupied European nations.
Monowitz concentration camp has a concentration camp population of Mainly jews.
Kaufering concentration camp complex has a concentration camp population of Mostly Jews.
Sušica camp has a population of Bosniaks.
Red Bridge is constructed from Rock.
Landwasser Viaduct is constructed using construction material from Limestone.
Jamestown Verrazzano Bridge is constructed using Concrete.
The Kentucky Channel is a former broadcast network that is owned by KET ED.
NBC Montana is a former broadcast network of CBS.
Wayne Meylan was named to the 1967 College Football All-America Team.
Thomas Joseph Kelly is buried in the National Museum of Racing and Hall of Fame.
Robert H. Michel received the honours Purple Heart.
Joseph Beeston was awarded the honours Order of St Michael and St George.
Carlos Alberto dos Santos Cruz received honours in the Order of Aeronautical Merit.
Stagecoach Yorkshire is an important station on the Rotherham Interchange.
Stagecoach Yorkshire is an important station at Meadowhall Interchange.
Telemark Bilruter is an important station in Vrådal.
