Chiltern Firehouse is a restaurant that serves American cuisine.
Hof van Cleve is famous for French cuisine.
Lucy's Cafe serves Italian cuisine.
Sushi of Gari is a dish that is part of Japanese cuisine.
The MV American Integrity has a speed limit of WDD2875.
MS Nordlys is classified as LHCW.
Pallada is a member of UDUI.
Aquarius has a spectral type of ZGGD3.
MV Hansa Brandenburg has a beam of A8ES9.
Irish Car Rentals has a Flickr username ICR-logo.jpg.
The Bank of Mexico's identifier is Logobm.svg.
Numa F. Montet attended Northwestern State University.
Francis Scarpaleggia is a professor at Concordia University.
Alan Bible is a professor at Georgetown University Law Center.
Esther Armah was born Kwesi Armah.
Adam de Wodeham was influenced by William of Ockham.
Charles Canivet was married to Amédée Thierry.
Packed in a Trunk: The Lost Art of Edith Lake Wilkinson was illustrated by Danielle Ate the Sandwich.
Tales of Symphonia was illustrated by Motoi Sakuraba.
Dan Jones is the cinematographer of My Scientology Movie.
Leo Anchóriz is the director of Commando.
Snowy Baker is the narrator of Sleeping Acres.
Professor Dowell's Testament was translated by Natalya Sayko.
Nicholas Tse is the narrator of The Stool Pigeon.
Spot Blue International Property has a market capitalization of 736032835.
Co bank has a total assets of 075770271.
The Deutsche Presse-Agentur has a circulation of 316842400.
Robert Karabinchak has a Flickr username of Rob karabinchaks.jpg.
Salbutamol is a Prescription drug.
Bendroflumethiazide is a Prescription drug.
Insulin aspart is a Prescription drug.
Minuscule 850 is written in Ancient Greek.
Millicent Min, Girl Genius was written in the English language.
The Way of the Sufi is translated into the English language.
Another Fine Myth is written in the English language.
Angiotensin-converting enzyme is used in Kidney development.
MX1 has Innate immune system.
LYN is a type of organism that is known as Haematopoiesis.
LRRK2 is a member of Autophagy.
2011 Challenge Bell was part of the 2011 WTA Tour.
Billings Gazette has a circulation of 2372-868X.
Nelson Daily News has a circulation of 0832-431X.
Zuerst! has a spectral type of 1869-5493.
La Croix has a spectral type of 0242-6056.
Vetus Latina is a book in the Bible.
Tales from Shakespeare was inspired by The Taming of the Shrew.
The Two Dogmas of Empiricism is a critique of Logical positivism.
Best Shot in the West is a novel in Children's literature.
Aditus to mastoid antrum is located in the Tympanic cavity.
Ureter has a Renal pelvis.
The Outer ear is the same as the Middle ear.
The Right atrium is connected to the Right ventricle.
A Christmas Carol is a Klingon Christmas Carol.
The Province of Catanzaro is governed by Martirano.
Kranenburg, North Rhine-Westphalia is located in Frasselt.
Alto Mijares is owned by Fuentes de Ayódar.
The Department of Huancavelica is located in Angaraes Province.
The Age of Entitlement is a novel that is based on The Basics.
Sugarless was inspired by Swami.
The Angle of Entry was inspired by The Mutton Birds.
Simba was created by James Baxter.
Ogura Hyakunin Isshu was born in Ryōzen.
King Louie was created by Milt Kahl.
Hiroi Murakami is the director of Ginkai.
Ogura Hyakunin Isshu is buried in Inpumon'in no Tayū.
The Last Wedding was filmed in Vancouver.
Canción de Juventud is located in Catalonia.
Count Arthur Strong was born in London.
Claudius was the mother of Claudia Octavia.
Testosterone sulfate has a binding energy of CC12CCC3CCCC34C.
GNLY is a fictional entity created by Granulysin.
Phosphatidylethanolamine binding protein 1 interacts with Raf kinase inhibitor protein.
CDKN2A has a spectral class of P16.
Crohn's disease causes Abdominal pain.
Stereotypic movement disorder is classified as Stereotypy.
Plague is a novel by Shock.
Intracranial aneurysm is a condition of Confusion.
Joseph E. Meyer's Castle is located in Meyer's castle.
Michael Paul Britto was born in New York City.
Kent Smetters was born in Philadelphia.
Lucius E. Burch Jr. was born in Collierville, Tennessee.
Dorit Schmiel was born in Pankow.
Torpoint Community College has a student population of =+44-1752-812511.
Knowl Hill School has a street address of =+44-1483-797032.
Quarrydale Academy has a orbital eccentricity of =+44-1623-554178.
Resolute Forest Products is a unit of Abitibi-Consolidated.
Commonwealth of Nations has a Commonwealth War Graves Commission.
The Department of Canadian Heritage is maintained by Library and Archives Canada.
Bell Canada has a radio station in Télébec.
East Central Railway zone is a division of Dhanbad railway division.
Aromatase belongs to the Cytochrome p450 family 19 subfamily a member 1.
Alpha-amylase interacts with AMY1C.
The ST2 cardiac biomarker is IL1RL1.
Sergey Lagutin was the flag bearer at the 2018 Tour of Norway.
Joseph Charles Walsh wrote in the English language.
Marisa Ferretti Barth speaks the English language.
Empedocles is an Ancient Greek.
Maria Iovleva speaks the Russian language.
Isaac Halstead Williamson speaks the English language.
Acetylcholinesterase is found in Basal lamina.
Basigin is produced by a Cell membrane.
Galactose-1-phosphate uridylyltransferase is located in Cytoplasm.
SOX1 is located in the Cell nucleus.
Pilot is a film that was filmed in Faking It.
The Fight Before Christmas was a parody of The Simpsons.
The Ascent is a character from Star Trek: Deep Space Nine.
M3U can be viewed using x-mpegurl.
View of Bentheim Castle is located in Haarlem.
Teodelapio is located in Spoleto.
Landscape at Auvers in the Rain was filmed in Auvers-sur-Oise.
Still Life with Profile of Laval was filmed in Pont-Aven.
Moerkerke is located in Damme.
Borden, Western Australia is in Division of O'Connor.
Lang Chánh District is in Thanh Hóa Province.
Punta Prieta Airstrip is located in Baja California.
Tony Maylam is a Screenwriter.
Roy Wang is a Singer-songwriter.
Franco Perinciolo is a Football player.
All Things at Once has a ISBN number of 978-1-60286-111-4.
Asterix and the Chieftain's Shield has a spectral spectral class of 2-01210-143-7.
The ISBN number for Team Batista no Eikō is 978-4-7966-5079-3.
The ISBN number for Some Prefer Nettles is 978-4-12-203556-0.
Asterix and the Goths has a ISBN number of 978-2-01210-135-7.
Hinaleimoana Wong-Kalu is from Māhū.
John the Orphanotrophos was a member of the Eunuch family.
Invincible is a gender neutral game. Non-binary gender is the game.
Francis Sartorius was the father of John Sartoros.
George Hearst was a child of William Randolph Hearst.
Jean-Baptiste Vuillaume was a member of the Lauterbach Stradivarius.
Jacqueline Kennedy Onassis wears the Wedding dress of Jacqueline Bouvier.
Qaboos bin Said is the son of Al Said.
Cobra Verde was inspired by The Viceroy of Ouidah.
The Book of Exodus is translated by Amalek.
Marius Petipa was the narrator of Nights of Farewell.
Black Hippy is located in South Los Angeles.
Boøwy is located in Takasaki.
Camellia Factory is located in Tokyo.
Lone Signal is located in New York City.
Crazy Lixx is located in Malmö.
The Imperialism of Free Trade was first published on 1-15.
BRAF is a protein in the Stomach.
ISCU is a protein binding device.
HLA-G is a protein that is regulated by Plasma protein binding.
GRIA1 is a protein that is involved in Plasma protein binding.
Welcome to the Jungle was inspired by Slash.
Day by Day was created by Lina Sandell.
Paul Mc cartney is the designer of Norwegian Wood.
Hen with Sapphire Pendant was donated to House of Fabergé.
Mastermind was produced by Parker Brothers.
1Q84 is a film that was inspired by The Metamorphosis.
Send in Stewie, Please is a parody of Family Guy.
Albatross is a character in Star Trek: The Animated Series.
Elegy for a Pig was inspired by Adam-12.
Irinotecan is a type of drug that is similar to Nelfinavir.
Domperidone is a drug that is similar to Clarithromycin.
Transposition of the great vessels had a total displacement of 2548.
COVID-19 in Australia has a payload of 25318.
The COVID-19 pandemic in the Australian Capital Territory has a death toll of 495.
The Eluru outbreak has 0 cases.
The COVID-19 pandemic in Newfoundland and Labrador had 22 cases.
The Swiss Personalized Health Network has a throughput of 6.8E7.
WACOM has a spectral range of 380000.0.
The Innovative Medicines Initiative has a molecular mass of 2.0E9.
Candesartan has a fertility rate of 15.0.
Promethazine has a binding energy of 88.0.
Saint Mary's University of Minnesota has 96 students.
British Quarterly Review was first published in 1886.
Child Language Teaching and Therapy was first performed in 1985.
Goonyella railway line has a speed limit of 477000.0.
Chikuhi Line has a speed limit of 42600.0.
The Blue line has a gradient of 24800.0.
Tokyo Metro Marunouchi Line has a speed limit of 27400.0.
Husemersee has a water pressure of 14.3.
Limassol Salt Lake has a water pressure of 1.0.
Kenas Lake has a water depth of 188.5.
Dieksee has a water pressure of 38.0.
Halbendorfer See has a slope of 26.0.
Littler Mendelson has 1500 followers.
Taft Stettinius & Hollister has 625 employees.
Rose Law Firm has 34 employees.
Line 2 has 23 passengers.
Newark Light Rail has 17 tracks.
The Shelbourne railway line has 2 tracks.
Falcon 9 has 1 crew member.
New Shepard has 0 enemies.
Carnero Lake has a water depth of 1.8288.
Lake Musconetcong has a water depth of 1.524.
Chaparral Lake has a water depth of 3.048.
Shawano Lake has a water depth of 2.7432.
The Confederate cush has 2 parts.
Mămăligă has 1 child.
Abdollah Nouri has a net worth of 448874.
Abolghasem Khazali has a birth date of 107311.
Mohammad Khoshchehreh has a net worth of 578674.
Ali Fallahian has a birth date of 386767.
Greg Bowen has a net worth of 320322793.
The PNP transistor has a spectral class of 4174948-0.
Karl Pommerhanz has a net worth of 126961069.
CPR Bridge has 7 lanes.
Tees Newport Bridge has 2 lanes.
Flehe Bridge has 1 span.
METRORail has 39 passengers.
Light Rail Transit has 89 passengers.
Pamplona City Transport has 34 passengers.
Iskandar Malaysia Bus Rapid Transit has 18 passengers.
Booker T. Washington National Monument was officially opened in 2012.
Arlington House, The Robert E. Lee Memorial was demolished in 2011.
Kolkata Metro has a speed limit of 750.0.
Czech Republic Metro has a speed limit of 750.0.
The speed limit of Berlin U-Bahn is 750.0.
Strained yogurt has a fat content of 557000.0.
Pogača has a fertility rate of 820613.0.
Diffused lighting camouflage is a variant of Active camouflage.
Probability distribution is the statistical method used to measure Probability.
Earth Bio genome Project was launched on 2018-11-01.
Project Vista was launched on 1951-04-01.
The publication of the Research Domain Criteria was on 2010-01-28.
The Chevert expedition began on 1875-05-18.
Ray Reardon was born in 1978.
St. Thomas Aquinas High School has an ACT rating.
Persian blue is the symbol of Heaven.
Bruce Lee Bednar was the artist in Nepenthes 'Vittata'.
Emergency medicine treats Acute.
Anesthesiology is a medical discipline that is related to Anesthesia.
TREAT-NMD is regulated by the European Commission.
Song dynasty has a fertility rate of 26.5.
Oat milk has a fat content of 60.
The Outer Ring Road System uses Singapores Expressways.
Primary interatrial foramen is part of the Circulatory system.
Sex cords are part of the Reproductive system.
Project Vista was launched on 1951-12-01.
INDECT was first performed on 2014-06-30.
Whiteout is a fictional character from Japan.
General Motors W platform is a derivative of Oldsmobile Intrigue.
General Motors Epsilon platform is a derivative of Cadillac XTS.
Drancy internment camp was founded by Eduard Bloch.
Selma Engel-Wijnberg is the camp manager for Westerbork transit camp.
Tristan Bernard was a prisoner at Drancy internment camp.
Foulridge Tunnel is connected to the Leeds and Liverpool Canal.
Riqueval Tunnel is connected to Canal de Saint-Quentin.
Queen's Square, Sydney is located on Phillip Street, Sydney.
Aberdeen Street is located in Central, Hong Kong.
Gallivan Center is located in Salt Lake City.
Khatik Mohalla Street is located in Shahpura, Bhilwara.
Souq Qabil is from Saudi Arabia.
Bethlehem High School is affiliated with the Catholic Church.
Legacy Christian Academy is Non-denominational.
Jicarilla Mountains is located on Ancho Peak.
Croda da Lago is located in Cima d'Ambrizzola.
Cang Mountain is located in Malong.
Kalatungan Mountain Range is located on Mount Kalatunan.
Christina Koch is in NASA Astronaut Group 21.
Yousra Matine was born in Morocco.
Zhou Yuelong is from China.
Hiriko uses a Lithium-ion battery.
Nissan Kicks P15 1 is manufactured by Panasonic.
The Audi Q5 Second generation 80A 1 has a Lithium-ion battery.
The Mercury Theatre, Colchester has a performance called Educating Rita.
Magic Goes Wrong was performed at the Apollo Theatre.
The Palace Theatre, London is the home of Harry Potter and the Cursed Child.
Fergus O'Brien Tenure 1 was written by Garret FitzGerald.
Sir John Kothalawala College has 6 rooms.
Lao People's Armed Forces has 18 soldiers.
Andy Johnson's Twitter username is johnsan01.
Bob Hopkins Bob Hopkins 1 has a Twitter username of hopkibo01.
Tom Workman's Twitter username is workmto01.
Stanley Brundy's Twitter username is brundst01.
JNARFA is the journal of Nanoparticle Research.
The Comprehensive Reviews in Food Science and Food Safety is published by CRFSBJ.
The Physical Review Focus is classified as PRFHAQ.
Byham Theater is a Performing arts center.
San Diego Civic Theatre is a performing arts venue.
Union Theatre is a Professional and amateur theatre.
Ed Sullivan Theater is a Television studio.
Hotel Manger was opened on 1983-05-15.
The Tiffany Theater opened on 2013-08-08.
San Mamés Stadium was demolished on 2013-06-06.
The first official opening of Milwaukee County Stadium was on 2001-02-21.
New Yankee Stadium opened on 2010-05-13.
Environment and Behavior is expected to be published in 2019.
Ideal TV was launched on 2009-07-20.
Radio Luxembourg was launched on 1992-12-30.
Deutscher Fernsehfunk was buried on 1991-12-31.
Lurcy-Lévis has a water pressure of 283.0.
Macau, Gironde has a fertility rate of 26.0.
Thil-sur-Arroux has a water pressure of 472.0.
John Odaate – Barnor is the Commandant of the Armed Forces Staff College.
Konstantin Avksentevsky served in the 6th Army.
Thomas Langford-Sainsbury was in No. 48 Squadron.
Wilson Elser Moskowitz Edelman & Dicker has 38 employees.
Fountain Court Chambers has 2 floors.
The number of employees at Wragge & Co is 8.
Harris Beach has 12 houses.
The journal of Transport and Land Use has a negative rating of Yes.
Materials Today has a rating of No.
BioMed Research International has a rating of Yes.
Wuxi Metro has a speed limit of 223200.
Codiac Transpo has a speed limit of 5192.
Chester Hill railway station is served by the Sydney Trains, NSW Train link.
Bois-Franc station is located in Exo.
INDECT has a spectral mass of 1.0906984E7.
ETOX has a mass of 1.87E7.
PREDICT has a spectral range of 2.0E8.
Idaho and Washington Northern Railroad is owned by I&WN.
Metropolitan Street Railway has a capacity of 77000.0.
The Viramgam–Maliya Miyana section has a slope of 142000.0.
Samarang–Joana Stoomtram Maatschappij has a net worth of 417000.0.
Bartlett and Albany Railroad has a total tonnage of 16093.4.
The total revenue of the State Railways and Seaports Administration is 1.73e+06.
Ghana has a fertility rate of 43.5.
Myanmar has a fertility rate of 30.7.
Eswatini has a fertility rate of 54.6.
The opening day of Shea's Performing Arts Center was 1976-02-25.
Estadio Municipal Germán Becker was demolished on 2008-11-05.
Regal Cinema, Dublin opened on 1955-08-19.
Indiana Farmers Coliseum opened on 2014-04-24.
Burton Cummings Theatre opened on 1945-11-03.
WFNY is broadcast on Fox News Radio.
WLTP is broadcast by the Cleveland Cavaliers Radio Network.
KMSU is owned by AMPERS.
Corinthia Hotel Budapest is owned by Corinthia Hotels International.
The George Hotel, Reading has a bar called Mercure.
Westin Seattle is owned by Westin Hotels & Resorts.
James Braid was the winner of 1905 Open Championship.
Nancy Lopez was the winner of the 1978 LPGA Championship.
Nils Odqvist was the captain in the 1959 European Amateur Team Championship.
Francesca Fiorellini was the flag bearer at the French International Lady Juniors Amateur Championship.
Kateřina Siniaková is the chairperson of the 2021 Mutua Madrid Open.
Pam Shriver was the flag bearer at the 1984 Wimbledon Championships.
Hazel Hotchkiss Wightman was the flag bearer at the 1911 U.S. National Championships.
João Cunha e Silva was the fastest lap at the 1997 Grand Prix Hassan II.
Stefan Edberg was the winner of the 1987 US Open.
The 2017 German Open was won by Mate Pavić.
Jeevan Nedunchezhiyan was the flag bearer at the 2018 Nielsen Pro Tennis Championship.
Françoise Dürr was the defending champion at the 1971 French Open.
Cyril Suk was the defending champion at the 1991 French Open.
Sergio Casal was the winner of the 1986 US Open.
Ai Sugiyama was the fastest player at the 1997 Japan Open Tennis Championships.
Zuzana Lešenarová was the flag bearer at the 1999 NCAA Division I Women's Tennis Championships.
Cliff Richey was the referee at the 1969 Cincinnati Open.
Evgeny Donskoy was the winner of the 2012 President's Cup.
Roger Federer was the winner of the 2005 NASDAQ-100 Open.
John McEnroe was the winner of the 1988 Suntory Japan Open Tennis Championships.
Roger Federer was the fastest player at the 2010 Swiss Indoors.
Loco-Motion was inspired by Tomy Tutor.
A Duel Hand Disaster: Trackher is available on Microsoft Windows.
Pirate Adventure is on the ZX Spectrum.
Keith Birdsong is the crew member of Q-Squared.
Roger Zimmerman is the creator of Universe 11.
Bob Silverman is the creator of Universe 3.
Richard Powers is the editor of The Treasury of Science Fiction Classics.
Carrot cake was made by Kirsch.
Rhino Horn bananas are eaten by Musa acuminata.
Rosa 'Chicago Peace' plays a sport.
Eunidia kristenseni is an animal.
Atha boswellae is an animal.
Sarcophaga carnaria is a species of animal.
Macellocerus is an animal.
Electric Ireland is located in Dublin.
Henri Lloyd died in Gothenburg.
Brandwatch Qriously is located in Brighton.
Limbic Software, Inc. 1 is based in California.
Southeast Television is broadcast in China.
Himalaya TV is broadcast in Nepal.
Karey Kirkpatrick was the voice of Something Rotten!.
The Sea Cabinet was produced by Gwyneth Herbert.
The Tik-Tok Man of Oz was written by L. Frank Baum.
Harbanspura Interchange is connected to Lahore Ring Road.
Springs Junction is on State Highway 65.
Si Kak Phraya Si is located on Fueang Nakhon Road.
Saphan Khwai lives on Pradiphat Road.
All I Have is a Single.
Red Velvet is a Single.
Pilots is a Single.
Mi destino fue quererte is a song by Song.
Don't Ask Me is a Single.
Peri Brown was the producer of Shell Shock.
Elves' Hill is written in Danish language.
Phaedra's Love is written in the English language.
Euriphene conjungens is a member of the family Arthropod.
Apicalia is a species of Mollusca.
Lasiopates is a member of the Arthropod.
United Trafford Council is affiliated to the Labour Party.
Oakland City Council is a member of the Democratic Party.
Ibrahim Ssemujju Nganda is the mayor of Kira Town.
Hedmark Political function 2 is a political party affiliated to the Centre Party.
Pattusali is located in Tamil Nadu.
French Canadians are from Quebec.
Catalans are from Italy.
Cypriot Russians are from Limassol.
Ho-Chunk is located in Iowa.
Hurlyburly is performed at the Goodman Theatre.
Wits Led by the Nose was filmed in London.
The Homecoming was performed at Aldwych Theatre.
WEGS broadcasts on Christian radio.
KeUN-FM broadcasts Swamp pop.
William Alfred Fowler was the designer of Project Vista.
ETOX is a derivative of Esteve.
Virginia State Route 20 crosses Wilderness, Virginia.
State Highway 246 crosses Mowad.
New Jersey Route 120 is located in East Rutherford, New Jersey.
National Highway 44 passes through Dindigul.
Massachusetts Route 143 crosses Hinsdale, Massachusetts.
New York State Route 91 is located in Truxton, New York.
California State Route 175 is located in Hopland, California.
BR-210 is located in Pedra Branca do Amapari.
Mainz Hauptbahnhof is on the West Rhine Railway.
Davos Laret railway station is on the Landquart–DavOS Platz railway line.
Bomen railway station is on the Main Southern railway line, New South Wales.
IWI ACE was a victim of the Mexican drug war.
RPG-43 was inspired by The Troubles.
The 1916 1 conflict was a conflict in World War I.
RPO-A Shmel was involved in the War in Donbas.
The Panzerhaubitze 2000 was destroyed during the War in Afghanistan.
WPHP has a web browser called wphs.m3u.
Radio Veronica's official Twitter username is veronica-rockradio.
Bankia has a slope of 1.79098E11.
Unocal Corporation has a share price of 1.3101E10.
HNA Technology HNA Technology 1 has a throughput of 117.966.
CBZ Bank Limited has a capitalization of 1.991E9.
Sanagu Station has a fare of $1.
Kwasa Sentral MRT station has a fare of Not available.
Catlin Covered Bridge is closed to Pedestrian traffic.
Jiangjiehe Bridge crosses the S205 provincial road.
Angle Vale Bridge carries Motor vehicles.
Stanley Ferry Aqueduct is connected to the Aire and Calder Navigation.
Lottie Moon House was built in 1831.
Fort San Lucian was built in 1610–1611.
A.S.D. Fersina Perginese was born in 2000.
AS Vacoas-Phoenix has a speed limit of 6200.
Gostaresh Foulad F.C. has a total revenue of 12000.
2017 Batangas earthquakes had 6 magnitude.
The 2020 Oaxaca earthquake had a magnitude of 10.
Bicifadine has a binding energy of 511099.
Blake Marler has a film rating of Final, recurring.
Undibacterium pigrum has a colour of lightgrey.
Pyotr Alexeyev' Resistance Movement has a symbol of Red.
The 1896 Gloucester smallpox epidemic had a death toll of 2000.
The COVID-19 pandemic in Alberta has a fatality rate of 335247.
Bor Dahegaon Dam is filled with Earthfill.
Kabeli B1 Hydropower Station is powered by Gravity.
National Council's next meeting is 2020-12-15.
Niuatoputapu Airport has a capacity of 9.0.
Sauk City, Washington has a water pressure of 71.9328.
Fort Jones, California has an elevation of 840.943.
Hermanos Ameijeiras Airport has a throughput of 100.0.
Dire Dawa Airport has a throughput of 1167.0.
The video Games Live was broadcast on 2018-11-17.
South Ossetia Historical event 3 took place on 2008-08-26.
Central American Integration System Historical event 3 took place on 1960-12-13.
Dengue pandemic in Sri Lanka is expected to end in 2020.
2018 Nipah virus outbreak in Kerala has 89 cases.
The 1929–1930 psittacosis pandemic had 15 cases.
The 2021 Nipah virus outbreak in Kerala has 100 cases.
Microsoft Swift key has a key of 1.618e+08.
Crystal disk mark has a spectral class of 4e+06.
Anki has a spectral mass of 1.34e+08.
Vue scan has a spectral class of 6e+06.
Wentworth was officially opened on 2020-07-28.
Vietnam Television was launched on 1970-09-07.
Project Runway Philippines was launched on 2009-08-12.
Degrassi: Next Class was released on 2017-06-30.
Ultimate Beastmaster was released on 2017-12-15.
The Last Round Arthurs was played on 2018-07-20.
Suspicion was first reported on 1984-08-12.
Dragon Nest was first broadcast on 2010-06-04.
The Journal of Applied Psychology publishes monthly.
Pinball is published in Quarterly.
Rapid Communications in Mass Spectrometry is published biweekly.
Nova srpska politička misao has 300 members.
Porchetta is made with pork,rosemary,garlic, andpepper.
Meatball soup contains Meatballs,Ground meat,rice,spices.
Sol over Gudhjem contains smokedherring,chives,egg yolk.
Kari kapitan is a type of Chicken.
Schiphol Airport railway station has 1 platform.
Devon Avenue is 6400 North.
Mandurah Road is part of National Route 1.
Lornoxicam has a binding energy of D01866.
The North Dakota House of Representatives was first voted into office on 2020-11-03.
Northamptonshire County Council was formed on 2017-05-04.
Monaghan County Council was dissolved on 2019-05-24.
Sahrawi National Council was dissolved on 2012-02-20.
Tomoyo After: It's a Wonderful Life was released on 2007-10-20.
Sorcerer Hunters was first broadcast on 1996-08-25.
Amagi Brilliant Park was opened on 2016-09-09.
Therapy Game was released on 2017-03-14.
Salem Falls is located on PS3566.I372 S26 2001.
Riverton–Belvidere Bridge has a speed limit of 50802.3.
Taoyaomen Bridge has a speed limit of 2e+09.
Fletcher Covered Bridge has a beam of 31751.5.
Nagoya Port Drawbridge has a speed limit of 4e+07.
Mac arthur Bridge has a speed limit of 2e+07.
Hertfordshire Militia has 1–3 Regiments.
Kazan Metro has 1 station.
Santa Clara Valley Transportation Authority has 70 employees.
Davenport Citibus has 13 passengers.
Ningbo Rail Transit has 5 coaches.
Yugo-Zapadnaya has 1 liter of water.
Esquimalt station has 1 platform.
Mesonisi railway station has 1 platform.
Hillview MRT station has 1 platform.
Księcia Janusza metro station has 2 elevators.
Home Hill railway station has 2 tracks.
Nervión has 2 houses.
Lindevang Station has 2 tracks.
Girard station has 2 tracks.
Jed Madela discography 2010 1 has 10000 tracks.
The List of best-selling albums by country 1994 3 has 1000000 copies sold.
Touched with Fire has a total audience of 85753373.
The Riddle of the Wren has a total number of 10900735.
The Indian Journal of Dermatology, Venereology and Leprology has a publication date of 02884822.
Carache Municipality is a municipality in Municipio Carache.
Heritage Crossing station is connected to DART South Irving Go Link.
Kipling station is located in Bloor West.
Rosebank railway station is served by the UCTJammie Shuttle.
Yes is the official answer for Jurong Town Hall MRT station.
Rasskazovka has a gender ratio of No.
Viking has 4 houses.
List of Delta 3 launches has 1 launch.
The Long March 2E has a maximum speed of 1.
Santa Fe Depot has a throughput of 47644.
Minami-Hinaga Station has a capacity of 690.
The 2014 Portugal legionellosis outbreak had 12 cases.
Lady Day at Emerson's Bar and Grill was opened on 1986-04-16.
Play Dead was released on 2010-11-10.
Trelawny of the 'Wells' was buried on 1898-01-29.
Bottom Live: The Big Number Two Tour was first performed on 1995-11-06.
The Life of Rufus Dawes For the Term of His Natural Life 1 was published in 1886.
Circle Mirror Transformation was first performed in 2009.
Kanta was founded in 1889.
Lille-Flandres station has 9 tracks.
Songjeong Park station has 2 tracks.
Titagarh railway station has 4 tracks.
COVID-19 pandemic in Nunavut has 670 cases.
The COVID-19 pandemic in Normandy had a death toll of 13743.
The COVID-19 pandemic in South Africa has a death toll of 2849558.
National Route 9 is located in the East.
New Brunswick Route 7 runs South.
State Highway 62 is in the East.
Apollo 12 has a CSM: 4225.
Kosmos 2380 has a mass of 26989.
On the Rocks: A Political Comedy is set in the near future.
Sweat was recorded in Reading, Pennsylvania.
The 1952 United States presidential election in Louisiana took place on 1952-11-04.
The 2021 Estonian presidential election will take place on 2021-08-31.
2006 Sarawak state election took place on 2006-05-20.
Yenikapı Transfer Center Yenikapac 1 is an Underground station.
Beixinjing station is served by Underground.
A Very DNA Reunion was developed using DNAtechnology.
COVID-19 pandemic in Haiti has a death toll of 32304.
1924 Los Angeles pneumonic plague outbreak had 37 cases.
Vasoactive intestinal peptide receptor interacts with ADCYAP1R1.
Chlorosome contains Bac chlor c.
Kelch motif is a motif in Kelch 5.
2017 Bauer Watertechnology Cup was presented by Carpet.
Yenikapı Transfer Center Yenikapac 1 opened in 2017.
Arc-et-Senans station was opened in 2018.
Ernakulam Junction railway station opened in 2018.
Tlatelolco metro station has a fare of -41.57.
Buckower Chaussee station has a fare of 0750.
Pasivedala railway station has a fare of 0025.
30th Street station has a fare of 0700.
The Metro kent has a speed limit of 0001.
Censorinus has a diameter of 400.0.
Cocheras has a water vapor pressure of 12.0.
Titan has a mass of 141.5.
The Journal of Economic History has a publication date of 00220507.
The journal of Speculative Philosophy has a journal identifier of 0891625X.
The ISO 9001 standard for Professional Ethics is 93-660008.
Federal Law Review has a total number of 77020319.
Barnase has a spectral class of 1BRS.
RAR-related orphan receptor has a binding energy of 1N83.
The journal of Historical Review has 0 subscribers.
Pendleton Heights High School is located in Madison County, Indiana.
Sharnbrook Academy is in Bedfordshire.
Canat Elementary School is located in the Philippines.
Bishop Blanchet High School is located in King County, Washington.
Prendergast School is located in London.
Kingsway Tunnel Kingsway Tunnel 1 is located in Merseyside.
Siu Ho Wan is the engineer in the Discovery Bay Tunnel.
Tauern Railway Tunnel is located in Salzburg.
Black Creek is the source of the Jeddo Tunnel.
Eckartswiller is the engineer in charge of the Saverne Tunnel.
Robertson Tunnel is located in Goose Hollow, Portland, Oregon.
Acura TSX 2010 1 has a top speed of 126.
BMW 5 Series 1999 1 has a wheelbase of 38218.
Phoemela Baranda was in office 1999–present.
Merignac internment camp was closed on 17 November 1940 – 26 August 1944.
Casoli internment camp was closed in 1940.
Maria Eriksson was born in 2009-present.
Alcmaeon in Psophis is a novel by Young women.
Ajax are Sailors from salamis.
Philoctetes was a ship owned by Greek sailors.
Gęsiówkaprison was the prisoner of war at Warsaw concentration camp.
Szebnie concentration camp was internment.
Mazibuko M1B has a wingspan of 400.
Voyah Free has a maximum speed limit of 500.
BAZ-6909 has a wingspan of 1000.
KZKT-7428 has a payload of 1500.
Natzweiler-Struthof concentration camp Natzweiling-Strutof 1 has mainly resistance fighters from occupied European nations.
Monowitz concentration camp has a concentration camp population of Mainly jews.
Kaufering concentration camp complex has a concentration camp population of Mostly Jews.
Sušica camp is inhabited by Bosniaks.
Red Bridge is a rock.
Landwasser Viaduct crosses Limestone.
Jamestown Verrazzano Bridge is constructed of Concrete.
The Kentucky Channel is owned by KET ED.
NBC Montana is owned by CBS.
Wayne Meylan was a member of the 1967 College Football All-America Team.
Thomas Joseph Kelly is in the National Museum of Racing and Hall of Fame.
Robert H. Michel received the Purple Heart.
Joseph Beeston was awarded the Order of St Michael and St George.
Carlos Alberto dos Santos Cruz received the Order of Aeronautical Merit.
Stagecoach Yorkshire is on the Rotherham Interchange.
Stagecoach Yorkshire is located at Meadowhall Interchange.
Telemark Bilruter is located in Vrådal.
